mode: set
github.com/cristianoliveira/tmux-intray/cmd/tmux-intray/add.go:21.49,22.19 1 1
github.com/cristianoliveira/tmux-intray/cmd/tmux-intray/add.go:22.19,23.54 1 1
github.com/cristianoliveira/tmux-intray/cmd/tmux-intray/add.go:26.2,52.55 7 1
github.com/cristianoliveira/tmux-intray/cmd/tmux-intray/add.go:52.55,53.22 1 1
github.com/cristianoliveira/tmux-intray/cmd/tmux-intray/add.go:53.22,56.5 2 1
github.com/cristianoliveira/tmux-intray/cmd/tmux-intray/add.go:57.4,57.14 1 1
github.com/cristianoliveira/tmux-intray/cmd/tmux-intray/add.go:59.55,67.59 5 1
github.com/cristianoliveira/tmux-intray/cmd/tmux-intray/add.go:67.59,68.28 1 1
github.com/cristianoliveira/tmux-intray/cmd/tmux-intray/add.go:68.28,71.6 2 1
github.com/cristianoliveira/tmux-intray/cmd/tmux-intray/add.go:71.11,73.6 1 1
github.com/cristianoliveira/tmux-intray/cmd/tmux-intray/add.go:77.4,80.51 2 1
github.com/cristianoliveira/tmux-intray/cmd/tmux-intray/add.go:80.51,82.5 1 1
github.com/cristianoliveira/tmux-intray/cmd/tmux-intray/add.go:85.4,89.19 3 1
github.com/cristianoliveira/tmux-intray/cmd/tmux-intray/add.go:89.19,91.5 1 1
github.com/cristianoliveira/tmux-intray/cmd/tmux-intray/add.go:99.4,100.18 2 1
github.com/cristianoliveira/tmux-intray/cmd/tmux-intray/add.go:100.18,102.5 1 1
github.com/cristianoliveira/tmux-intray/cmd/tmux-intray/add.go:104.4,105.14 2 1
github.com/cristianoliveira/tmux-intray/cmd/tmux-intray/add.go:109.2,116.15 7 1
github.com/cristianoliveira/tmux-intray/cmd/tmux-intray/add.go:122.13,124.2 1 1
github.com/cristianoliveira/tmux-intray/cmd/tmux-intray/add.go:127.44,129.25 1 1
github.com/cristianoliveira/tmux-intray/cmd/tmux-intray/add.go:129.25,131.3 1 1
github.com/cristianoliveira/tmux-intray/cmd/tmux-intray/add.go:133.2,134.19 2 1
github.com/cristianoliveira/tmux-intray/cmd/tmux-intray/add.go:134.19,136.3 1 1
github.com/cristianoliveira/tmux-intray/cmd/tmux-intray/add.go:137.2,137.12 1 1
github.com/cristianoliveira/tmux-intray/cmd/tmux-intray/cleanup.go:21.57,22.19 1 1
github.com/cristianoliveira/tmux-intray/cmd/tmux-intray/cleanup.go:22.19,23.58 1 1
github.com/cristianoliveira/tmux-intray/cmd/tmux-intray/cleanup.go:26.2,37.55 3 1
github.com/cristianoliveira/tmux-intray/cmd/tmux-intray/cleanup.go:37.55,41.35 2 1
github.com/cristianoliveira/tmux-intray/cmd/tmux-intray/cleanup.go:41.35,43.5 1 1
github.com/cristianoliveira/tmux-intray/cmd/tmux-intray/cleanup.go:46.4,47.17 2 1
github.com/cristianoliveira/tmux-intray/cmd/tmux-intray/cleanup.go:47.17,49.5 1 1
github.com/cristianoliveira/tmux-intray/cmd/tmux-intray/cleanup.go:51.4,51.17 1 1
github.com/cristianoliveira/tmux-intray/cmd/tmux-intray/cleanup.go:51.17,53.5 1 1
github.com/cristianoliveira/tmux-intray/cmd/tmux-intray/cleanup.go:55.4,58.18 3 1
github.com/cristianoliveira/tmux-intray/cmd/tmux-intray/cleanup.go:58.18,60.5 1 1
github.com/cristianoliveira/tmux-intray/cmd/tmux-intray/cleanup.go:62.4,63.14 2 1
github.com/cristianoliveira/tmux-intray/cmd/tmux-intray/cleanup.go:68.2,71.19 3 1
github.com/cristianoliveira/tmux-intray/cmd/tmux-intray/cleanup.go:77.13,79.2 1 1
github.com/cristianoliveira/tmux-intray/cmd/tmux-intray/clear.go:22.53,23.19 1 1
github.com/cristianoliveira/tmux-intray/cmd/tmux-intray/clear.go:23.19,24.56 1 1
github.com/cristianoliveira/tmux-intray/cmd/tmux-intray/clear.go:27.2,45.55 1 1
github.com/cristianoliveira/tmux-intray/cmd/tmux-intray/clear.go:45.55,47.27 1 1
github.com/cristianoliveira/tmux-intray/cmd/tmux-intray/clear.go:47.27,50.19 2 1
github.com/cristianoliveira/tmux-intray/cmd/tmux-intray/clear.go:50.19,52.6 1 1
github.com/cristianoliveira/tmux-intray/cmd/tmux-intray/clear.go:53.5,54.15 2 1
github.com/cristianoliveira/tmux-intray/cmd/tmux-intray/clear.go:58.4,58.26 1 1
github.com/cristianoliveira/tmux-intray/cmd/tmux-intray/clear.go:58.26,61.5 2 1
github.com/cristianoliveira/tmux-intray/cmd/tmux-intray/clear.go:63.4,64.18 2 1
github.com/cristianoliveira/tmux-intray/cmd/tmux-intray/clear.go:64.18,66.5 1 0
github.com/cristianoliveira/tmux-intray/cmd/tmux-intray/clear.go:67.4,68.14 2 1
github.com/cristianoliveira/tmux-intray/cmd/tmux-intray/clear.go:72.2,72.17 1 1
github.com/cristianoliveira/tmux-intray/cmd/tmux-intray/clear.go:78.13,80.2 1 1
github.com/cristianoliveira/tmux-intray/cmd/tmux-intray/clear.go:82.33,84.2 1 0
github.com/cristianoliveira/tmux-intray/cmd/tmux-intray/clear.go:86.23,88.2 1 1
github.com/cristianoliveira/tmux-intray/cmd/tmux-intray/clear.go:91.29,95.16 4 1
github.com/cristianoliveira/tmux-intray/cmd/tmux-intray/clear.go:95.16,98.3 1 1
github.com/cristianoliveira/tmux-intray/cmd/tmux-intray/clear.go:99.2,100.41 2 1
github.com/cristianoliveira/tmux-intray/cmd/tmux-intray/dismiss.go:38.41,40.2 1 0
github.com/cristianoliveira/tmux-intray/cmd/tmux-intray/dismiss.go:42.35,44.2 1 0
github.com/cristianoliveira/tmux-intray/cmd/tmux-intray/dismiss.go:46.31,48.2 1 1
github.com/cristianoliveira/tmux-intray/cmd/tmux-intray/dismiss.go:50.25,52.2 1 1
github.com/cristianoliveira/tmux-intray/cmd/tmux-intray/dismiss.go:54.13,59.2 2 1
github.com/cristianoliveira/tmux-intray/cmd/tmux-intray/dismiss.go:61.52,63.33 1 0
github.com/cristianoliveira/tmux-intray/cmd/tmux-intray/dismiss.go:63.33,66.3 2 0
github.com/cristianoliveira/tmux-intray/cmd/tmux-intray/dismiss.go:67.2,67.35 1 0
github.com/cristianoliveira/tmux-intray/cmd/tmux-intray/dismiss.go:67.35,70.3 2 0
github.com/cristianoliveira/tmux-intray/cmd/tmux-intray/dismiss.go:71.2,71.19 1 0
github.com/cristianoliveira/tmux-intray/cmd/tmux-intray/dismiss.go:71.19,74.3 2 0
github.com/cristianoliveira/tmux-intray/cmd/tmux-intray/dismiss.go:79.2,79.16 1 0
github.com/cristianoliveira/tmux-intray/cmd/tmux-intray/dismiss.go:79.16,81.27 1 0
github.com/cristianoliveira/tmux-intray/cmd/tmux-intray/dismiss.go:81.27,84.4 2 0
github.com/cristianoliveira/tmux-intray/cmd/tmux-intray/dismiss.go:85.3,86.17 2 0
github.com/cristianoliveira/tmux-intray/cmd/tmux-intray/dismiss.go:86.17,89.4 2 0
github.com/cristianoliveira/tmux-intray/cmd/tmux-intray/dismiss.go:90.3,90.55 1 0
github.com/cristianoliveira/tmux-intray/cmd/tmux-intray/dismiss.go:91.8,95.17 3 0
github.com/cristianoliveira/tmux-intray/cmd/tmux-intray/dismiss.go:95.17,98.4 2 0
github.com/cristianoliveira/tmux-intray/cmd/tmux-intray/dismiss.go:99.3,99.54 1 0
github.com/cristianoliveira/tmux-intray/cmd/tmux-intray/dismiss.go:101.2,101.8 1 0
github.com/cristianoliveira/tmux-intray/cmd/tmux-intray/dismiss.go:105.31,109.16 4 0
github.com/cristianoliveira/tmux-intray/cmd/tmux-intray/dismiss.go:109.16,112.3 1 0
github.com/cristianoliveira/tmux-intray/cmd/tmux-intray/dismiss.go:113.2,114.41 2 0
github.com/cristianoliveira/tmux-intray/cmd/tmux-intray/env_helpers.go:10.31,11.42 1 1
github.com/cristianoliveira/tmux-intray/cmd/tmux-intray/env_helpers.go:11.42,13.3 1 1
github.com/cristianoliveira/tmux-intray/cmd/tmux-intray/env_helpers.go:16.2,16.27 1 1
github.com/cristianoliveira/tmux-intray/cmd/tmux-intray/env_helpers.go:16.27,18.3 1 1
github.com/cristianoliveira/tmux-intray/cmd/tmux-intray/env_helpers.go:21.2,21.36 1 1
github.com/cristianoliveira/tmux-intray/cmd/tmux-intray/env_helpers.go:21.36,23.3 1 1
github.com/cristianoliveira/tmux-intray/cmd/tmux-intray/env_helpers.go:26.2,26.59 1 1
github.com/cristianoliveira/tmux-intray/cmd/tmux-intray/env_helpers.go:26.59,28.3 1 1
github.com/cristianoliveira/tmux-intray/cmd/tmux-intray/env_helpers.go:30.2,30.14 1 1
github.com/cristianoliveira/tmux-intray/cmd/tmux-intray/env_helpers.go:33.31,34.60 1 1
github.com/cristianoliveira/tmux-intray/cmd/tmux-intray/env_helpers.go:35.32,36.14 1 1
github.com/cristianoliveira/tmux-intray/cmd/tmux-intray/env_helpers.go:37.10,38.15 1 1
github.com/cristianoliveira/tmux-intray/cmd/tmux-intray/follow.go:63.106,66.2 2 0
github.com/cristianoliveira/tmux-intray/cmd/tmux-intray/follow.go:69.40,72.60 1 1
github.com/cristianoliveira/tmux-intray/cmd/tmux-intray/follow.go:72.60,74.3 1 1
github.com/cristianoliveira/tmux-intray/cmd/tmux-intray/follow.go:75.2,75.11 1 0
github.com/cristianoliveira/tmux-intray/cmd/tmux-intray/follow.go:79.41,80.15 1 1
github.com/cristianoliveira/tmux-intray/cmd/tmux-intray/follow.go:81.15,82.20 1 1
github.com/cristianoliveira/tmux-intray/cmd/tmux-intray/follow.go:83.17,84.23 1 1
github.com/cristianoliveira/tmux-intray/cmd/tmux-intray/follow.go:85.10,86.12 1 1
github.com/cristianoliveira/tmux-intray/cmd/tmux-intray/follow.go:91.66,96.17 5 1
github.com/cristianoliveira/tmux-intray/cmd/tmux-intray/follow.go:96.17,98.3 1 1
github.com/cristianoliveira/tmux-intray/cmd/tmux-intray/follow.go:98.8,100.3 1 1
github.com/cristianoliveira/tmux-intray/cmd/tmux-intray/follow.go:101.2,101.18 1 1
github.com/cristianoliveira/tmux-intray/cmd/tmux-intray/follow.go:101.18,103.3 1 1
github.com/cristianoliveira/tmux-intray/cmd/tmux-intray/follow.go:108.60,109.24 1 1
github.com/cristianoliveira/tmux-intray/cmd/tmux-intray/follow.go:109.24,111.3 1 1
github.com/cristianoliveira/tmux-intray/cmd/tmux-intray/follow.go:112.2,112.24 1 1
github.com/cristianoliveira/tmux-intray/cmd/tmux-intray/follow.go:112.24,114.3 1 1
github.com/cristianoliveira/tmux-intray/cmd/tmux-intray/follow.go:117.2,132.26 10 1
github.com/cristianoliveira/tmux-intray/cmd/tmux-intray/follow.go:132.26,134.3 1 1
github.com/cristianoliveira/tmux-intray/cmd/tmux-intray/follow.go:134.8,138.3 3 0
github.com/cristianoliveira/tmux-intray/cmd/tmux-intray/follow.go:140.2,140.6 1 1
github.com/cristianoliveira/tmux-intray/cmd/tmux-intray/follow.go:140.6,141.10 1 1
github.com/cristianoliveira/tmux-intray/cmd/tmux-intray/follow.go:142.21,143.14 1 1
github.com/cristianoliveira/tmux-intray/cmd/tmux-intray/follow.go:144.25,146.14 2 0
github.com/cristianoliveira/tmux-intray/cmd/tmux-intray/follow.go:147.19,150.19 2 1
github.com/cristianoliveira/tmux-intray/cmd/tmux-intray/follow.go:150.19,151.13 1 1
github.com/cristianoliveira/tmux-intray/cmd/tmux-intray/follow.go:154.4,155.52 2 1
github.com/cristianoliveira/tmux-intray/cmd/tmux-intray/follow.go:155.52,156.19 1 1
github.com/cristianoliveira/tmux-intray/cmd/tmux-intray/follow.go:156.19,157.14 1 0
github.com/cristianoliveira/tmux-intray/cmd/tmux-intray/follow.go:159.5,160.19 2 1
github.com/cristianoliveira/tmux-intray/cmd/tmux-intray/follow.go:160.19,161.14 1 0
github.com/cristianoliveira/tmux-intray/cmd/tmux-intray/follow.go:163.5,163.49 1 1
github.com/cristianoliveira/tmux-intray/cmd/tmux-intray/follow.go:166.4,166.40 1 1
github.com/cristianoliveira/tmux-intray/cmd/tmux-intray/follow.go:166.40,167.24 1 1
github.com/cristianoliveira/tmux-intray/cmd/tmux-intray/follow.go:167.24,170.6 2 1
github.com/cristianoliveira/tmux-intray/cmd/tmux-intray/follow.go:176.13,184.2 6 1
github.com/cristianoliveira/tmux-intray/cmd/tmux-intray/follow.go:186.51,189.15 2 0
github.com/cristianoliveira/tmux-intray/cmd/tmux-intray/follow.go:189.15,191.3 1 0
github.com/cristianoliveira/tmux-intray/cmd/tmux-intray/follow.go:191.8,191.28 1 0
github.com/cristianoliveira/tmux-intray/cmd/tmux-intray/follow.go:191.28,193.3 1 0
github.com/cristianoliveira/tmux-intray/cmd/tmux-intray/follow.go:195.2,202.42 3 0
github.com/cristianoliveira/tmux-intray/cmd/tmux-intray/follow.go:202.42,205.3 1 0
github.com/cristianoliveira/tmux-intray/cmd/tmux-intray/help.go:22.36,23.25 1 1
github.com/cristianoliveira/tmux-intray/cmd/tmux-intray/help.go:23.25,25.3 1 0
github.com/cristianoliveira/tmux-intray/cmd/tmux-intray/help.go:26.2,26.30 1 1
github.com/cristianoliveira/tmux-intray/cmd/tmux-intray/help.go:29.49,52.36 3 1
github.com/cristianoliveira/tmux-intray/cmd/tmux-intray/help.go:52.36,55.36 2 1
github.com/cristianoliveira/tmux-intray/cmd/tmux-intray/help.go:55.36,56.24 1 1
github.com/cristianoliveira/tmux-intray/cmd/tmux-intray/help.go:56.24,58.10 2 1
github.com/cristianoliveira/tmux-intray/cmd/tmux-intray/help.go:61.3,61.19 1 1
github.com/cristianoliveira/tmux-intray/cmd/tmux-intray/help.go:61.19,62.12 1 0
github.com/cristianoliveira/tmux-intray/cmd/tmux-intray/help.go:65.3,68.134 3 1
github.com/cristianoliveira/tmux-intray/cmd/tmux-intray/help.go:72.2,77.19 4 1
github.com/cristianoliveira/tmux-intray/cmd/tmux-intray/help.go:77.19,79.3 1 0
github.com/cristianoliveira/tmux-intray/cmd/tmux-intray/help.go:81.2,94.25 2 1
github.com/cristianoliveira/tmux-intray/cmd/tmux-intray/help.go:101.47,102.21 1 0
github.com/cristianoliveira/tmux-intray/cmd/tmux-intray/help.go:102.21,105.4 2 0
github.com/cristianoliveira/tmux-intray/cmd/tmux-intray/help.go:107.3,108.37 2 0
github.com/cristianoliveira/tmux-intray/cmd/tmux-intray/help.go:108.37,112.4 2 0
github.com/cristianoliveira/tmux-intray/cmd/tmux-intray/help.go:114.3,114.19 1 0
github.com/cristianoliveira/tmux-intray/cmd/tmux-intray/help.go:118.13,120.2 1 1
github.com/cristianoliveira/tmux-intray/cmd/tmux-intray/jump.go:25.51,26.19 1 1
github.com/cristianoliveira/tmux-intray/cmd/tmux-intray/jump.go:26.19,27.55 1 1
github.com/cristianoliveira/tmux-intray/cmd/tmux-intray/jump.go:30.2,58.55 2 1
github.com/cristianoliveira/tmux-intray/cmd/tmux-intray/jump.go:58.55,59.22 1 1
github.com/cristianoliveira/tmux-intray/cmd/tmux-intray/jump.go:59.22,61.5 1 1
github.com/cristianoliveira/tmux-intray/cmd/tmux-intray/jump.go:62.4,62.14 1 1
github.com/cristianoliveira/tmux-intray/cmd/tmux-intray/jump.go:64.55,67.35 2 1
github.com/cristianoliveira/tmux-intray/cmd/tmux-intray/jump.go:67.35,69.5 1 1
github.com/cristianoliveira/tmux-intray/cmd/tmux-intray/jump.go:71.4,72.18 2 1
github.com/cristianoliveira/tmux-intray/cmd/tmux-intray/jump.go:72.18,74.5 1 1
github.com/cristianoliveira/tmux-intray/cmd/tmux-intray/jump.go:76.4,78.40 2 1
github.com/cristianoliveira/tmux-intray/cmd/tmux-intray/jump.go:78.40,80.5 1 1
github.com/cristianoliveira/tmux-intray/cmd/tmux-intray/jump.go:81.4,86.51 5 1
github.com/cristianoliveira/tmux-intray/cmd/tmux-intray/jump.go:86.51,88.22 2 1
github.com/cristianoliveira/tmux-intray/cmd/tmux-intray/jump.go:88.22,90.6 1 1
github.com/cristianoliveira/tmux-intray/cmd/tmux-intray/jump.go:91.5,91.21 1 1
github.com/cristianoliveira/tmux-intray/cmd/tmux-intray/jump.go:91.21,93.6 1 1
github.com/cristianoliveira/tmux-intray/cmd/tmux-intray/jump.go:94.5,94.19 1 1
github.com/cristianoliveira/tmux-intray/cmd/tmux-intray/jump.go:94.19,96.6 1 1
github.com/cristianoliveira/tmux-intray/cmd/tmux-intray/jump.go:97.5,102.44 1 1
github.com/cristianoliveira/tmux-intray/cmd/tmux-intray/jump.go:105.4,107.49 2 1
github.com/cristianoliveira/tmux-intray/cmd/tmux-intray/jump.go:107.49,109.5 1 1
github.com/cristianoliveira/tmux-intray/cmd/tmux-intray/jump.go:111.4,111.23 1 1
github.com/cristianoliveira/tmux-intray/cmd/tmux-intray/jump.go:111.23,112.59 1 1
github.com/cristianoliveira/tmux-intray/cmd/tmux-intray/jump.go:112.59,114.6 1 1
github.com/cristianoliveira/tmux-intray/cmd/tmux-intray/jump.go:118.4,118.28 1 1
github.com/cristianoliveira/tmux-intray/cmd/tmux-intray/jump.go:118.28,120.5 1 1
github.com/cristianoliveira/tmux-intray/cmd/tmux-intray/jump.go:122.4,122.18 1 1
github.com/cristianoliveira/tmux-intray/cmd/tmux-intray/jump.go:122.18,124.5 1 1
github.com/cristianoliveira/tmux-intray/cmd/tmux-intray/jump.go:124.10,126.5 1 1
github.com/cristianoliveira/tmux-intray/cmd/tmux-intray/jump.go:127.4,127.14 1 1
github.com/cristianoliveira/tmux-intray/cmd/tmux-intray/jump.go:131.2,132.16 2 1
github.com/cristianoliveira/tmux-intray/cmd/tmux-intray/jump.go:138.13,140.2 1 1
github.com/cristianoliveira/tmux-intray/cmd/tmux-intray/list.go:76.110,79.2 2 0
github.com/cristianoliveira/tmux-intray/cmd/tmux-intray/list.go:100.36,101.29 1 1
github.com/cristianoliveira/tmux-intray/cmd/tmux-intray/list.go:101.29,103.3 1 0
github.com/cristianoliveira/tmux-intray/cmd/tmux-intray/list.go:104.2,104.35 1 1
github.com/cristianoliveira/tmux-intray/cmd/tmux-intray/list.go:107.49,110.17 2 1
github.com/cristianoliveira/tmux-intray/cmd/tmux-intray/list.go:110.17,113.3 2 1
github.com/cristianoliveira/tmux-intray/cmd/tmux-intray/list.go:116.2,117.32 2 1
github.com/cristianoliveira/tmux-intray/cmd/tmux-intray/list.go:117.32,120.3 1 1
github.com/cristianoliveira/tmux-intray/cmd/tmux-intray/list.go:120.8,120.30 1 1
github.com/cristianoliveira/tmux-intray/cmd/tmux-intray/list.go:120.30,124.17 3 1
github.com/cristianoliveira/tmux-intray/cmd/tmux-intray/list.go:124.17,126.4 1 0
github.com/cristianoliveira/tmux-intray/cmd/tmux-intray/list.go:127.3,128.17 2 1
github.com/cristianoliveira/tmux-intray/cmd/tmux-intray/list.go:128.17,130.4 1 0
github.com/cristianoliveira/tmux-intray/cmd/tmux-intray/list.go:131.3,132.17 2 1
github.com/cristianoliveira/tmux-intray/cmd/tmux-intray/list.go:132.17,134.4 1 0
github.com/cristianoliveira/tmux-intray/cmd/tmux-intray/list.go:137.3,137.17 1 1
github.com/cristianoliveira/tmux-intray/cmd/tmux-intray/list.go:137.17,144.4 1 1
github.com/cristianoliveira/tmux-intray/cmd/tmux-intray/list.go:144.9,151.4 1 1
github.com/cristianoliveira/tmux-intray/cmd/tmux-intray/list.go:155.2,156.50 2 1
github.com/cristianoliveira/tmux-intray/cmd/tmux-intray/list.go:156.50,157.17 1 1
github.com/cristianoliveira/tmux-intray/cmd/tmux-intray/list.go:157.17,158.12 1 1
github.com/cristianoliveira/tmux-intray/cmd/tmux-intray/list.go:160.3,161.17 2 1
github.com/cristianoliveira/tmux-intray/cmd/tmux-intray/list.go:161.17,162.12 1 0
github.com/cristianoliveira/tmux-intray/cmd/tmux-intray/list.go:165.3,165.28 1 1
github.com/cristianoliveira/tmux-intray/cmd/tmux-intray/list.go:165.28,166.49 1 1
github.com/cristianoliveira/tmux-intray/cmd/tmux-intray/list.go:166.49,167.13 1 1
github.com/cristianoliveira/tmux-intray/cmd/tmux-intray/list.go:170.3,170.47 1 1
github.com/cristianoliveira/tmux-intray/cmd/tmux-intray/list.go:173.2,173.29 1 1
github.com/cristianoliveira/tmux-intray/cmd/tmux-intray/list.go:173.29,176.3 2 0
github.com/cristianoliveira/tmux-intray/cmd/tmux-intray/list.go:178.2,181.24 2 1
github.com/cristianoliveira/tmux-intray/cmd/tmux-intray/list.go:181.24,183.22 2 1
github.com/cristianoliveira/tmux-intray/cmd/tmux-intray/list.go:183.22,185.4 1 1
github.com/cristianoliveira/tmux-intray/cmd/tmux-intray/list.go:185.9,187.4 1 1
github.com/cristianoliveira/tmux-intray/cmd/tmux-intray/list.go:188.3,188.9 1 1
github.com/cristianoliveira/tmux-intray/cmd/tmux-intray/list.go:192.2,192.21 1 1
github.com/cristianoliveira/tmux-intray/cmd/tmux-intray/list.go:193.16,194.32 1 1
github.com/cristianoliveira/tmux-intray/cmd/tmux-intray/list.go:195.16,196.32 1 1
github.com/cristianoliveira/tmux-intray/cmd/tmux-intray/list.go:197.15,198.31 1 1
github.com/cristianoliveira/tmux-intray/cmd/tmux-intray/list.go:199.17,200.33 1 1
github.com/cristianoliveira/tmux-intray/cmd/tmux-intray/list.go:201.14,202.53 1 0
github.com/cristianoliveira/tmux-intray/cmd/tmux-intray/list.go:203.10,204.60 1 0
github.com/cristianoliveira/tmux-intray/cmd/tmux-intray/list.go:210.87,211.22 1 1
github.com/cristianoliveira/tmux-intray/cmd/tmux-intray/list.go:211.22,213.3 1 0
github.com/cristianoliveira/tmux-intray/cmd/tmux-intray/list.go:215.2,218.48 3 1
github.com/cristianoliveira/tmux-intray/cmd/tmux-intray/list.go:218.48,221.25 3 1
github.com/cristianoliveira/tmux-intray/cmd/tmux-intray/list.go:221.25,223.4 1 1
github.com/cristianoliveira/tmux-intray/cmd/tmux-intray/list.go:224.3,224.29 1 1
github.com/cristianoliveira/tmux-intray/cmd/tmux-intray/list.go:227.2,227.16 1 1
github.com/cristianoliveira/tmux-intray/cmd/tmux-intray/list.go:231.114,233.27 2 1
github.com/cristianoliveira/tmux-intray/cmd/tmux-intray/list.go:233.27,235.16 2 1
github.com/cristianoliveira/tmux-intray/cmd/tmux-intray/list.go:236.18,237.19 1 0
github.com/cristianoliveira/tmux-intray/cmd/tmux-intray/list.go:238.17,239.18 1 0
github.com/cristianoliveira/tmux-intray/cmd/tmux-intray/list.go:240.15,241.16 1 0
github.com/cristianoliveira/tmux-intray/cmd/tmux-intray/list.go:242.16,243.17 1 1
github.com/cristianoliveira/tmux-intray/cmd/tmux-intray/list.go:244.11,245.12 1 0
github.com/cristianoliveira/tmux-intray/cmd/tmux-intray/list.go:247.3,247.39 1 1
github.com/cristianoliveira/tmux-intray/cmd/tmux-intray/list.go:249.2,249.15 1 1
github.com/cristianoliveira/tmux-intray/cmd/tmux-intray/list.go:253.98,256.24 2 1
github.com/cristianoliveira/tmux-intray/cmd/tmux-intray/list.go:256.24,258.3 1 1
github.com/cristianoliveira/tmux-intray/cmd/tmux-intray/list.go:259.2,260.25 2 1
github.com/cristianoliveira/tmux-intray/cmd/tmux-intray/list.go:260.25,262.3 1 1
github.com/cristianoliveira/tmux-intray/cmd/tmux-intray/list.go:266.94,269.24 2 1
github.com/cristianoliveira/tmux-intray/cmd/tmux-intray/list.go:269.24,271.3 1 1
github.com/cristianoliveira/tmux-intray/cmd/tmux-intray/list.go:272.2,273.25 2 1
github.com/cristianoliveira/tmux-intray/cmd/tmux-intray/list.go:273.25,275.17 2 1
github.com/cristianoliveira/tmux-intray/cmd/tmux-intray/list.go:276.17,277.29 1 1
github.com/cristianoliveira/tmux-intray/cmd/tmux-intray/list.go:278.17,279.29 1 1
github.com/cristianoliveira/tmux-intray/cmd/tmux-intray/list.go:280.16,281.28 1 0
github.com/cristianoliveira/tmux-intray/cmd/tmux-intray/list.go:282.18,283.30 1 0
github.com/cristianoliveira/tmux-intray/cmd/tmux-intray/list.go:284.11,285.29 1 0
github.com/cristianoliveira/tmux-intray/cmd/tmux-intray/list.go:291.67,292.27 1 1
github.com/cristianoliveira/tmux-intray/cmd/tmux-intray/list.go:292.27,294.3 1 1
github.com/cristianoliveira/tmux-intray/cmd/tmux-intray/list.go:299.67,300.27 1 1
github.com/cristianoliveira/tmux-intray/cmd/tmux-intray/list.go:300.27,303.27 2 1
github.com/cristianoliveira/tmux-intray/cmd/tmux-intray/list.go:303.27,305.4 1 0
github.com/cristianoliveira/tmux-intray/cmd/tmux-intray/list.go:306.3,306.71 1 1
github.com/cristianoliveira/tmux-intray/cmd/tmux-intray/list.go:313.66,314.22 1 1
github.com/cristianoliveira/tmux-intray/cmd/tmux-intray/list.go:314.22,316.3 1 0
github.com/cristianoliveira/tmux-intray/cmd/tmux-intray/list.go:317.2,321.27 5 1
github.com/cristianoliveira/tmux-intray/cmd/tmux-intray/list.go:321.27,324.27 2 1
github.com/cristianoliveira/tmux-intray/cmd/tmux-intray/list.go:324.27,326.4 1 0
github.com/cristianoliveira/tmux-intray/cmd/tmux-intray/list.go:327.3,327.71 1 1
github.com/cristianoliveira/tmux-intray/cmd/tmux-intray/list.go:332.68,333.27 1 1
github.com/cristianoliveira/tmux-intray/cmd/tmux-intray/list.go:333.27,336.27 2 1
github.com/cristianoliveira/tmux-intray/cmd/tmux-intray/list.go:336.27,338.4 1 0
github.com/cristianoliveira/tmux-intray/cmd/tmux-intray/list.go:339.3,339.30 1 1
github.com/cristianoliveira/tmux-intray/cmd/tmux-intray/list.go:343.13,363.2 16 1
github.com/cristianoliveira/tmux-intray/cmd/tmux-intray/list.go:365.49,368.35 2 0
github.com/cristianoliveira/tmux-intray/cmd/tmux-intray/list.go:368.35,370.3 1 0
github.com/cristianoliveira/tmux-intray/cmd/tmux-intray/list.go:371.2,371.29 1 0
github.com/cristianoliveira/tmux-intray/cmd/tmux-intray/list.go:371.29,373.3 1 0
github.com/cristianoliveira/tmux-intray/cmd/tmux-intray/list.go:377.2,378.23 2 0
github.com/cristianoliveira/tmux-intray/cmd/tmux-intray/list.go:378.23,381.3 2 0
github.com/cristianoliveira/tmux-intray/cmd/tmux-intray/list.go:382.2,382.23 1 0
github.com/cristianoliveira/tmux-intray/cmd/tmux-intray/list.go:382.23,385.3 2 0
github.com/cristianoliveira/tmux-intray/cmd/tmux-intray/list.go:388.2,388.129 1 0
github.com/cristianoliveira/tmux-intray/cmd/tmux-intray/list.go:388.129,391.3 2 0
github.com/cristianoliveira/tmux-intray/cmd/tmux-intray/list.go:394.2,394.72 1 0
github.com/cristianoliveira/tmux-intray/cmd/tmux-intray/list.go:394.72,397.3 2 0
github.com/cristianoliveira/tmux-intray/cmd/tmux-intray/list.go:399.2,415.17 2 0
github.com/cristianoliveira/tmux-intray/cmd/tmux-intray/main.go:9.13,10.38 1 0
github.com/cristianoliveira/tmux-intray/cmd/tmux-intray/main.go:10.38,12.3 1 0
github.com/cristianoliveira/tmux-intray/cmd/tmux-intray/mark-read.go:30.42,32.2 1 0
github.com/cristianoliveira/tmux-intray/cmd/tmux-intray/mark-read.go:34.13,36.2 1 1
github.com/cristianoliveira/tmux-intray/cmd/tmux-intray/mark-read.go:38.53,42.16 3 0
github.com/cristianoliveira/tmux-intray/cmd/tmux-intray/mark-read.go:42.16,45.3 2 0
github.com/cristianoliveira/tmux-intray/cmd/tmux-intray/mark-read.go:47.2,47.67 1 0
github.com/cristianoliveira/tmux-intray/cmd/tmux-intray/migrate.go:33.54,35.21 2 1
github.com/cristianoliveira/tmux-intray/cmd/tmux-intray/migrate.go:35.21,37.4 1 0
github.com/cristianoliveira/tmux-intray/cmd/tmux-intray/migrate.go:39.3,40.20 2 1
github.com/cristianoliveira/tmux-intray/cmd/tmux-intray/migrate.go:40.20,42.4 1 1
github.com/cristianoliveira/tmux-intray/cmd/tmux-intray/migrate.go:44.3,45.23 2 1
github.com/cristianoliveira/tmux-intray/cmd/tmux-intray/migrate.go:45.23,47.4 1 1
github.com/cristianoliveira/tmux-intray/cmd/tmux-intray/migrate.go:49.3,50.23 2 1
github.com/cristianoliveira/tmux-intray/cmd/tmux-intray/migrate.go:50.23,52.4 1 1
github.com/cristianoliveira/tmux-intray/cmd/tmux-intray/migrate.go:54.3,54.26 1 1
github.com/cristianoliveira/tmux-intray/cmd/tmux-intray/migrate.go:54.26,55.25 1 1
github.com/cristianoliveira/tmux-intray/cmd/tmux-intray/migrate.go:55.25,57.5 1 1
github.com/cristianoliveira/tmux-intray/cmd/tmux-intray/migrate.go:58.4,58.87 1 0
github.com/cristianoliveira/tmux-intray/cmd/tmux-intray/migrate.go:58.87,60.5 1 0
github.com/cristianoliveira/tmux-intray/cmd/tmux-intray/migrate.go:61.4,62.14 2 0
github.com/cristianoliveira/tmux-intray/cmd/tmux-intray/migrate.go:65.3,71.17 2 1
github.com/cristianoliveira/tmux-intray/cmd/tmux-intray/migrate.go:71.17,73.4 1 0
github.com/cristianoliveira/tmux-intray/cmd/tmux-intray/migrate.go:75.3,77.26 3 1
github.com/cristianoliveira/tmux-intray/cmd/tmux-intray/migrate.go:77.26,79.4 1 0
github.com/cristianoliveira/tmux-intray/cmd/tmux-intray/migrate.go:80.3,80.42 1 1
github.com/cristianoliveira/tmux-intray/cmd/tmux-intray/migrate.go:80.42,82.4 1 0
github.com/cristianoliveira/tmux-intray/cmd/tmux-intray/migrate.go:84.3,84.13 1 1
github.com/cristianoliveira/tmux-intray/cmd/tmux-intray/migrate.go:88.13,96.2 6 1
github.com/cristianoliveira/tmux-intray/cmd/tmux-intray/settings.go:84.60,86.2 1 0
github.com/cristianoliveira/tmux-intray/cmd/tmux-intray/settings.go:89.59,91.2 1 0
github.com/cristianoliveira/tmux-intray/cmd/tmux-intray/settings.go:93.13,102.2 4 1
github.com/cristianoliveira/tmux-intray/cmd/tmux-intray/settings.go:105.58,107.76 1 1
github.com/cristianoliveira/tmux-intray/cmd/tmux-intray/settings.go:107.76,108.22 1 0
github.com/cristianoliveira/tmux-intray/cmd/tmux-intray/settings.go:108.22,111.4 2 0
github.com/cristianoliveira/tmux-intray/cmd/tmux-intray/settings.go:115.2,116.16 2 1
github.com/cristianoliveira/tmux-intray/cmd/tmux-intray/settings.go:116.16,119.3 2 0
github.com/cristianoliveira/tmux-intray/cmd/tmux-intray/settings.go:121.2,121.46 1 1
github.com/cristianoliveira/tmux-intray/cmd/tmux-intray/settings.go:125.57,128.16 2 0
github.com/cristianoliveira/tmux-intray/cmd/tmux-intray/settings.go:128.16,131.3 2 0
github.com/cristianoliveira/tmux-intray/cmd/tmux-intray/settings.go:134.2,135.16 2 0
github.com/cristianoliveira/tmux-intray/cmd/tmux-intray/settings.go:135.16,138.3 2 0
github.com/cristianoliveira/tmux-intray/cmd/tmux-intray/settings.go:141.2,141.27 1 0
github.com/cristianoliveira/tmux-intray/cmd/tmux-intray/settings.go:145.26,149.16 4 0
github.com/cristianoliveira/tmux-intray/cmd/tmux-intray/settings.go:149.16,152.3 1 0
github.com/cristianoliveira/tmux-intray/cmd/tmux-intray/settings.go:153.2,154.41 2 0
github.com/cristianoliveira/tmux-intray/cmd/tmux-intray/status-panel.go:32.52,34.2 1 0
github.com/cristianoliveira/tmux-intray/cmd/tmux-intray/status-panel.go:37.48,39.2 1 0
github.com/cristianoliveira/tmux-intray/cmd/tmux-intray/status-panel.go:42.72,45.2 2 1
github.com/cristianoliveira/tmux-intray/cmd/tmux-intray/status-panel.go:48.77,50.2 1 0
github.com/cristianoliveira/tmux-intray/cmd/tmux-intray/status-panel.go:53.76,55.2 1 0
github.com/cristianoliveira/tmux-intray/cmd/tmux-intray/status-panel.go:58.73,60.17 2 1
github.com/cristianoliveira/tmux-intray/cmd/tmux-intray/status-panel.go:60.17,62.3 1 1
github.com/cristianoliveira/tmux-intray/cmd/tmux-intray/status-panel.go:63.2,63.50 1 1
github.com/cristianoliveira/tmux-intray/cmd/tmux-intray/status-panel.go:63.50,64.17 1 1
github.com/cristianoliveira/tmux-intray/cmd/tmux-intray/status-panel.go:64.17,65.12 1 0
github.com/cristianoliveira/tmux-intray/cmd/tmux-intray/status-panel.go:67.3,68.32 2 1
github.com/cristianoliveira/tmux-intray/cmd/tmux-intray/status-panel.go:68.32,69.12 1 0
github.com/cristianoliveira/tmux-intray/cmd/tmux-intray/status-panel.go:71.3,72.16 2 1
github.com/cristianoliveira/tmux-intray/cmd/tmux-intray/status-panel.go:73.15,74.10 1 1
github.com/cristianoliveira/tmux-intray/cmd/tmux-intray/status-panel.go:75.18,76.13 1 1
github.com/cristianoliveira/tmux-intray/cmd/tmux-intray/status-panel.go:77.16,78.11 1 1
github.com/cristianoliveira/tmux-intray/cmd/tmux-intray/status-panel.go:79.19,80.14 1 1
github.com/cristianoliveira/tmux-intray/cmd/tmux-intray/status-panel.go:81.11,83.10 1 0
github.com/cristianoliveira/tmux-intray/cmd/tmux-intray/status-panel.go:86.2,86.44 1 1
github.com/cristianoliveira/tmux-intray/cmd/tmux-intray/status-panel.go:90.43,94.29 4 1
github.com/cristianoliveira/tmux-intray/cmd/tmux-intray/status-panel.go:94.29,96.22 2 1
github.com/cristianoliveira/tmux-intray/cmd/tmux-intray/status-panel.go:96.22,100.4 3 1
github.com/cristianoliveira/tmux-intray/cmd/tmux-intray/status-panel.go:102.2,102.10 1 1
github.com/cristianoliveira/tmux-intray/cmd/tmux-intray/status-panel.go:106.41,109.9 3 1
github.com/cristianoliveira/tmux-intray/cmd/tmux-intray/status-panel.go:109.9,111.3 1 1
github.com/cristianoliveira/tmux-intray/cmd/tmux-intray/status-panel.go:112.2,112.14 1 1
github.com/cristianoliveira/tmux-intray/cmd/tmux-intray/status-panel.go:116.70,117.16 1 1
github.com/cristianoliveira/tmux-intray/cmd/tmux-intray/status-panel.go:117.16,119.3 1 0
github.com/cristianoliveira/tmux-intray/cmd/tmux-intray/status-panel.go:121.2,122.18 2 1
github.com/cristianoliveira/tmux-intray/cmd/tmux-intray/status-panel.go:122.18,124.3 1 0
github.com/cristianoliveira/tmux-intray/cmd/tmux-intray/status-panel.go:124.8,124.22 1 1
github.com/cristianoliveira/tmux-intray/cmd/tmux-intray/status-panel.go:124.22,126.3 1 0
github.com/cristianoliveira/tmux-intray/cmd/tmux-intray/status-panel.go:126.8,126.24 1 1
github.com/cristianoliveira/tmux-intray/cmd/tmux-intray/status-panel.go:126.24,128.3 1 1
github.com/cristianoliveira/tmux-intray/cmd/tmux-intray/status-panel.go:129.2,131.17 3 1
github.com/cristianoliveira/tmux-intray/cmd/tmux-intray/status-panel.go:131.17,133.3 1 1
github.com/cristianoliveira/tmux-intray/cmd/tmux-intray/status-panel.go:134.2,134.42 1 1
github.com/cristianoliveira/tmux-intray/cmd/tmux-intray/status-panel.go:138.71,139.16 1 1
github.com/cristianoliveira/tmux-intray/cmd/tmux-intray/status-panel.go:139.16,141.3 1 0
github.com/cristianoliveira/tmux-intray/cmd/tmux-intray/status-panel.go:142.2,143.14 2 1
github.com/cristianoliveira/tmux-intray/cmd/tmux-intray/status-panel.go:143.14,145.18 2 1
github.com/cristianoliveira/tmux-intray/cmd/tmux-intray/status-panel.go:145.18,147.4 1 1
github.com/cristianoliveira/tmux-intray/cmd/tmux-intray/status-panel.go:147.9,149.4 1 0
github.com/cristianoliveira/tmux-intray/cmd/tmux-intray/status-panel.go:151.2,151.17 1 1
github.com/cristianoliveira/tmux-intray/cmd/tmux-intray/status-panel.go:151.17,153.18 2 1
github.com/cristianoliveira/tmux-intray/cmd/tmux-intray/status-panel.go:153.18,155.4 1 1
github.com/cristianoliveira/tmux-intray/cmd/tmux-intray/status-panel.go:155.9,157.4 1 0
github.com/cristianoliveira/tmux-intray/cmd/tmux-intray/status-panel.go:159.2,159.15 1 1
github.com/cristianoliveira/tmux-intray/cmd/tmux-intray/status-panel.go:159.15,161.18 2 1
github.com/cristianoliveira/tmux-intray/cmd/tmux-intray/status-panel.go:161.18,163.4 1 1
github.com/cristianoliveira/tmux-intray/cmd/tmux-intray/status-panel.go:163.9,165.4 1 0
github.com/cristianoliveira/tmux-intray/cmd/tmux-intray/status-panel.go:167.2,167.18 1 1
github.com/cristianoliveira/tmux-intray/cmd/tmux-intray/status-panel.go:167.18,169.18 2 1
github.com/cristianoliveira/tmux-intray/cmd/tmux-intray/status-panel.go:169.18,171.4 1 1
github.com/cristianoliveira/tmux-intray/cmd/tmux-intray/status-panel.go:171.9,173.4 1 0
github.com/cristianoliveira/tmux-intray/cmd/tmux-intray/status-panel.go:176.2,177.53 2 1
github.com/cristianoliveira/tmux-intray/cmd/tmux-intray/status-panel.go:177.53,179.3 1 1
github.com/cristianoliveira/tmux-intray/cmd/tmux-intray/status-panel.go:180.2,180.15 1 1
github.com/cristianoliveira/tmux-intray/cmd/tmux-intray/status-panel.go:184.40,185.16 1 1
github.com/cristianoliveira/tmux-intray/cmd/tmux-intray/status-panel.go:185.16,187.3 1 0
github.com/cristianoliveira/tmux-intray/cmd/tmux-intray/status-panel.go:188.2,188.33 1 1
github.com/cristianoliveira/tmux-intray/cmd/tmux-intray/status-panel.go:193.51,195.19 1 1
github.com/cristianoliveira/tmux-intray/cmd/tmux-intray/status-panel.go:195.19,197.3 1 1
github.com/cristianoliveira/tmux-intray/cmd/tmux-intray/status-panel.go:200.2,200.41 1 1
github.com/cristianoliveira/tmux-intray/cmd/tmux-intray/status-panel.go:200.41,202.3 1 1
github.com/cristianoliveira/tmux-intray/cmd/tmux-intray/status-panel.go:205.2,206.16 2 1
github.com/cristianoliveira/tmux-intray/cmd/tmux-intray/status-panel.go:206.16,208.3 1 1
github.com/cristianoliveira/tmux-intray/cmd/tmux-intray/status-panel.go:211.2,212.16 2 1
github.com/cristianoliveira/tmux-intray/cmd/tmux-intray/status-panel.go:212.16,214.3 1 0
github.com/cristianoliveira/tmux-intray/cmd/tmux-intray/status-panel.go:217.2,218.18 2 1
github.com/cristianoliveira/tmux-intray/cmd/tmux-intray/status-panel.go:218.18,220.3 1 0
github.com/cristianoliveira/tmux-intray/cmd/tmux-intray/status-panel.go:223.2,223.16 1 1
github.com/cristianoliveira/tmux-intray/cmd/tmux-intray/status-panel.go:224.17,225.67 1 1
github.com/cristianoliveira/tmux-intray/cmd/tmux-intray/status-panel.go:226.18,227.68 1 1
github.com/cristianoliveira/tmux-intray/cmd/tmux-intray/status-panel.go:228.20,229.37 1 1
github.com/cristianoliveira/tmux-intray/cmd/tmux-intray/status-panel.go:230.10,231.54 1 1
github.com/cristianoliveira/tmux-intray/cmd/tmux-intray/status-panel.go:263.13,268.2 3 1
github.com/cristianoliveira/tmux-intray/cmd/tmux-intray/status-panel.go:270.56,273.18 2 0
github.com/cristianoliveira/tmux-intray/cmd/tmux-intray/status-panel.go:273.19,277.3 0 0
github.com/cristianoliveira/tmux-intray/cmd/tmux-intray/status-panel.go:280.2,281.30 2 0
github.com/cristianoliveira/tmux-intray/cmd/tmux-intray/status-panel.go:281.30,283.66 2 0
github.com/cristianoliveira/tmux-intray/cmd/tmux-intray/status-panel.go:283.66,285.4 1 0
github.com/cristianoliveira/tmux-intray/cmd/tmux-intray/status-panel.go:285.9,285.72 1 0
github.com/cristianoliveira/tmux-intray/cmd/tmux-intray/status-panel.go:285.72,287.4 1 0
github.com/cristianoliveira/tmux-intray/cmd/tmux-intray/status-panel.go:287.9,290.4 2 0
github.com/cristianoliveira/tmux-intray/cmd/tmux-intray/status-panel.go:293.2,298.16 3 0
github.com/cristianoliveira/tmux-intray/cmd/tmux-intray/status-panel.go:298.16,301.3 2 0
github.com/cristianoliveira/tmux-intray/cmd/tmux-intray/status-panel.go:302.2,302.18 1 0
github.com/cristianoliveira/tmux-intray/cmd/tmux-intray/status-panel.go:302.18,304.3 1 0
github.com/cristianoliveira/tmux-intray/cmd/tmux-intray/status.go:23.55,24.19 1 1
github.com/cristianoliveira/tmux-intray/cmd/tmux-intray/status.go:24.19,25.57 1 1
github.com/cristianoliveira/tmux-intray/cmd/tmux-intray/status.go:28.2,47.55 2 1
github.com/cristianoliveira/tmux-intray/cmd/tmux-intray/status.go:47.55,49.35 1 1
github.com/cristianoliveira/tmux-intray/cmd/tmux-intray/status.go:49.35,51.5 1 1
github.com/cristianoliveira/tmux-intray/cmd/tmux-intray/status.go:54.4,55.35 2 1
github.com/cristianoliveira/tmux-intray/cmd/tmux-intray/status.go:55.35,56.77 1 1
github.com/cristianoliveira/tmux-intray/cmd/tmux-intray/status.go:56.77,58.6 1 1
github.com/cristianoliveira/tmux-intray/cmd/tmux-intray/status.go:60.4,60.20 1 1
github.com/cristianoliveira/tmux-intray/cmd/tmux-intray/status.go:60.20,62.5 1 0
github.com/cristianoliveira/tmux-intray/cmd/tmux-intray/status.go:65.4,71.29 2 1
github.com/cristianoliveira/tmux-intray/cmd/tmux-intray/status.go:71.29,73.5 1 1
github.com/cristianoliveira/tmux-intray/cmd/tmux-intray/status.go:76.4,78.18 2 1
github.com/cristianoliveira/tmux-intray/cmd/tmux-intray/status.go:79.19,80.36 1 1
github.com/cristianoliveira/tmux-intray/cmd/tmux-intray/status.go:81.18,82.35 1 1
github.com/cristianoliveira/tmux-intray/cmd/tmux-intray/status.go:83.17,84.34 1 1
github.com/cristianoliveira/tmux-intray/cmd/tmux-intray/status.go:85.16,86.33 1 1
github.com/cristianoliveira/tmux-intray/cmd/tmux-intray/status.go:87.12,88.60 1 0
github.com/cristianoliveira/tmux-intray/cmd/tmux-intray/status.go:93.2,94.18 2 1
github.com/cristianoliveira/tmux-intray/cmd/tmux-intray/status.go:100.13,102.2 1 1
github.com/cristianoliveira/tmux-intray/cmd/tmux-intray/status.go:106.58,108.31 2 1
github.com/cristianoliveira/tmux-intray/cmd/tmux-intray/status.go:108.31,110.3 1 1
github.com/cristianoliveira/tmux-intray/cmd/tmux-intray/status.go:111.2,112.50 2 1
github.com/cristianoliveira/tmux-intray/cmd/tmux-intray/status.go:112.50,113.17 1 1
github.com/cristianoliveira/tmux-intray/cmd/tmux-intray/status.go:113.17,115.4 1 1
github.com/cristianoliveira/tmux-intray/cmd/tmux-intray/status.go:117.2,117.14 1 1
github.com/cristianoliveira/tmux-intray/cmd/tmux-intray/status.go:120.77,122.31 2 1
github.com/cristianoliveira/tmux-intray/cmd/tmux-intray/status.go:122.31,124.3 1 0
github.com/cristianoliveira/tmux-intray/cmd/tmux-intray/status.go:125.2,125.50 1 1
github.com/cristianoliveira/tmux-intray/cmd/tmux-intray/status.go:125.50,126.17 1 1
github.com/cristianoliveira/tmux-intray/cmd/tmux-intray/status.go:126.17,127.12 1 0
github.com/cristianoliveira/tmux-intray/cmd/tmux-intray/status.go:129.3,130.23 2 1
github.com/cristianoliveira/tmux-intray/cmd/tmux-intray/status.go:130.23,131.12 1 1
github.com/cristianoliveira/tmux-intray/cmd/tmux-intray/status.go:133.3,134.16 2 1
github.com/cristianoliveira/tmux-intray/cmd/tmux-intray/status.go:135.15,136.10 1 1
github.com/cristianoliveira/tmux-intray/cmd/tmux-intray/status.go:137.18,138.13 1 1
github.com/cristianoliveira/tmux-intray/cmd/tmux-intray/status.go:139.16,140.11 1 0
github.com/cristianoliveira/tmux-intray/cmd/tmux-intray/status.go:141.19,142.14 1 1
github.com/cristianoliveira/tmux-intray/cmd/tmux-intray/status.go:143.11,144.10 1 1
github.com/cristianoliveira/tmux-intray/cmd/tmux-intray/status.go:147.2,147.8 1 1
github.com/cristianoliveira/tmux-intray/cmd/tmux-intray/status.go:150.53,153.31 3 1
github.com/cristianoliveira/tmux-intray/cmd/tmux-intray/status.go:153.31,155.3 1 0
github.com/cristianoliveira/tmux-intray/cmd/tmux-intray/status.go:156.2,156.50 1 1
github.com/cristianoliveira/tmux-intray/cmd/tmux-intray/status.go:156.50,157.17 1 1
github.com/cristianoliveira/tmux-intray/cmd/tmux-intray/status.go:157.17,158.12 1 0
github.com/cristianoliveira/tmux-intray/cmd/tmux-intray/status.go:160.3,161.23 2 1
github.com/cristianoliveira/tmux-intray/cmd/tmux-intray/status.go:161.23,162.12 1 1
github.com/cristianoliveira/tmux-intray/cmd/tmux-intray/status.go:164.3,168.16 5 1
github.com/cristianoliveira/tmux-intray/cmd/tmux-intray/status.go:170.2,170.15 1 1
github.com/cristianoliveira/tmux-intray/cmd/tmux-intray/status.go:173.60,175.17 2 1
github.com/cristianoliveira/tmux-intray/cmd/tmux-intray/status.go:175.17,178.3 2 1
github.com/cristianoliveira/tmux-intray/cmd/tmux-intray/status.go:179.2,182.12 4 1
github.com/cristianoliveira/tmux-intray/cmd/tmux-intray/status.go:185.59,189.2 3 1
github.com/cristianoliveira/tmux-intray/cmd/tmux-intray/status.go:191.58,193.34 2 1
github.com/cristianoliveira/tmux-intray/cmd/tmux-intray/status.go:193.34,195.3 1 1
github.com/cristianoliveira/tmux-intray/cmd/tmux-intray/status.go:196.2,196.12 1 1
github.com/cristianoliveira/tmux-intray/cmd/tmux-intray/status.go:199.57,202.2 2 1
github.com/cristianoliveira/tmux-intray/cmd/tmux-intray/toggle.go:18.54,20.2 1 0
github.com/cristianoliveira/tmux-intray/cmd/tmux-intray/toggle.go:23.56,25.2 1 0
github.com/cristianoliveira/tmux-intray/cmd/tmux-intray/toggle.go:29.34,32.2 2 0
github.com/cristianoliveira/tmux-intray/cmd/tmux-intray/toggle.go:36.29,38.16 2 1
github.com/cristianoliveira/tmux-intray/cmd/tmux-intray/toggle.go:38.16,40.3 1 0
github.com/cristianoliveira/tmux-intray/cmd/tmux-intray/toggle.go:41.2,43.24 3 1
github.com/cristianoliveira/tmux-intray/cmd/tmux-intray/toggle.go:54.54,56.32 1 0
github.com/cristianoliveira/tmux-intray/cmd/tmux-intray/toggle.go:56.32,57.27 1 0
github.com/cristianoliveira/tmux-intray/cmd/tmux-intray/toggle.go:57.27,60.5 2 0
github.com/cristianoliveira/tmux-intray/cmd/tmux-intray/toggle.go:61.4,61.41 1 0
github.com/cristianoliveira/tmux-intray/cmd/tmux-intray/toggle.go:65.3,66.17 2 0
github.com/cristianoliveira/tmux-intray/cmd/tmux-intray/toggle.go:66.17,69.4 2 0
github.com/cristianoliveira/tmux-intray/cmd/tmux-intray/toggle.go:71.3,73.24 3 0
github.com/cristianoliveira/tmux-intray/cmd/tmux-intray/toggle.go:73.24,76.4 2 0
github.com/cristianoliveira/tmux-intray/cmd/tmux-intray/toggle.go:76.9,79.4 2 0
github.com/cristianoliveira/tmux-intray/cmd/tmux-intray/toggle.go:80.3,81.17 2 0
github.com/cristianoliveira/tmux-intray/cmd/tmux-intray/toggle.go:81.17,83.4 1 0
github.com/cristianoliveira/tmux-intray/cmd/tmux-intray/toggle.go:86.3,90.61 2 0
github.com/cristianoliveira/tmux-intray/cmd/tmux-intray/toggle.go:90.61,93.4 2 0
github.com/cristianoliveira/tmux-intray/cmd/tmux-intray/toggle.go:96.3,96.56 1 0
github.com/cristianoliveira/tmux-intray/cmd/tmux-intray/toggle.go:96.56,99.4 2 0
github.com/cristianoliveira/tmux-intray/cmd/tmux-intray/toggle.go:102.3,102.62 1 0
github.com/cristianoliveira/tmux-intray/cmd/tmux-intray/toggle.go:102.62,105.4 2 0
github.com/cristianoliveira/tmux-intray/cmd/tmux-intray/toggle.go:107.3,108.13 2 0
github.com/cristianoliveira/tmux-intray/cmd/tmux-intray/toggle.go:112.13,114.2 1 1
github.com/cristianoliveira/tmux-intray/cmd/tmux-intray/tui.go:43.13,45.2 1 1
github.com/cristianoliveira/tmux-intray/cmd/tmux-intray/tui.go:47.48,53.16 3 0
github.com/cristianoliveira/tmux-intray/cmd/tmux-intray/tui.go:53.16,56.3 2 0
github.com/cristianoliveira/tmux-intray/cmd/tmux-intray/tui.go:57.2,61.16 3 0
github.com/cristianoliveira/tmux-intray/cmd/tmux-intray/tui.go:61.16,64.3 2 0
github.com/cristianoliveira/tmux-intray/cmd/tmux-intray/tui.go:67.2,71.47 3 0
github.com/cristianoliveira/tmux-intray/cmd/tmux-intray/tui.go:71.47,74.3 1 0
github.com/cristianoliveira/tmux-intray/cmd/tmux-intray/tui.go:75.2,85.35 3 0
github.com/cristianoliveira/tmux-intray/cmd/tmux-intray/tui.go:85.35,88.3 2 0
github.com/cristianoliveira/tmux-intray/cmd/tmux-intray/version.go:18.21,20.2 1 1
github.com/cristianoliveira/tmux-intray/cmd/tmux-intray/version.go:27.47,29.3 1 0
github.com/cristianoliveira/tmux-intray/cmd/tmux-intray/version.go:32.13,34.2 1 1
