mode: set
github.com/cristianoliveira/tmux-intray/internal/telemetry/telemetry.go:69.19,70.21 1 1
github.com/cristianoliveira/tmux-intray/internal/telemetry/telemetry.go:70.21,72.40 1 1
github.com/cristianoliveira/tmux-intray/internal/telemetry/telemetry.go:72.40,75.4 2 0
github.com/cristianoliveira/tmux-intray/internal/telemetry/telemetry.go:78.3,80.17 3 1
github.com/cristianoliveira/tmux-intray/internal/telemetry/telemetry.go:80.17,83.4 2 0
github.com/cristianoliveira/tmux-intray/internal/telemetry/telemetry.go:86.3,86.24 1 1
github.com/cristianoliveira/tmux-intray/internal/telemetry/telemetry.go:89.2,89.16 1 1
github.com/cristianoliveira/tmux-intray/internal/telemetry/telemetry.go:93.23,97.2 2 1
github.com/cristianoliveira/tmux-intray/internal/telemetry/telemetry.go:102.83,103.18 1 1
github.com/cristianoliveira/tmux-intray/internal/telemetry/telemetry.go:103.18,105.3 1 1
github.com/cristianoliveira/tmux-intray/internal/telemetry/telemetry.go:108.2,109.28 2 1
github.com/cristianoliveira/tmux-intray/internal/telemetry/telemetry.go:109.28,111.3 1 1
github.com/cristianoliveira/tmux-intray/internal/telemetry/telemetry.go:112.2,121.65 4 1
github.com/cristianoliveira/tmux-intray/internal/telemetry/telemetry.go:121.65,125.3 2 0
github.com/cristianoliveira/tmux-intray/internal/telemetry/telemetry.go:125.8,127.3 1 1
github.com/cristianoliveira/tmux-intray/internal/telemetry/telemetry.go:129.2,129.18 1 1
github.com/cristianoliveira/tmux-intray/internal/telemetry/telemetry.go:135.66,136.18 1 1
github.com/cristianoliveira/tmux-intray/internal/telemetry/telemetry.go:136.18,138.3 1 1
github.com/cristianoliveira/tmux-intray/internal/telemetry/telemetry.go:141.2,142.28 2 1
github.com/cristianoliveira/tmux-intray/internal/telemetry/telemetry.go:142.28,144.3 1 1
github.com/cristianoliveira/tmux-intray/internal/telemetry/telemetry.go:145.2,153.65 3 1
github.com/cristianoliveira/tmux-intray/internal/telemetry/telemetry.go:153.65,157.3 2 0
github.com/cristianoliveira/tmux-intray/internal/telemetry/telemetry.go:157.8,159.3 1 1
github.com/cristianoliveira/tmux-intray/internal/telemetry/telemetry.go:161.2,161.18 1 1
github.com/cristianoliveira/tmux-intray/internal/telemetry/telemetry.go:167.75,168.18 1 1
github.com/cristianoliveira/tmux-intray/internal/telemetry/telemetry.go:168.18,170.3 1 1
github.com/cristianoliveira/tmux-intray/internal/telemetry/telemetry.go:172.2,172.19 1 1
github.com/cristianoliveira/tmux-intray/internal/telemetry/telemetry.go:172.19,175.3 2 1
github.com/cristianoliveira/tmux-intray/internal/telemetry/telemetry.go:176.2,176.20 1 1
github.com/cristianoliveira/tmux-intray/internal/telemetry/telemetry.go:176.20,179.3 2 1
github.com/cristianoliveira/tmux-intray/internal/telemetry/telemetry.go:182.2,187.59 2 1
github.com/cristianoliveira/tmux-intray/internal/telemetry/telemetry.go:187.59,191.3 2 0
github.com/cristianoliveira/tmux-intray/internal/telemetry/telemetry.go:191.8,193.3 1 1
github.com/cristianoliveira/tmux-intray/internal/telemetry/telemetry.go:195.2,195.18 1 1
github.com/cristianoliveira/tmux-intray/internal/telemetry/telemetry.go:200.39,201.25 1 1
github.com/cristianoliveira/tmux-intray/internal/telemetry/telemetry.go:201.25,204.3 1 0
github.com/cristianoliveira/tmux-intray/internal/telemetry/telemetry.go:206.2,206.9 1 1
github.com/cristianoliveira/tmux-intray/internal/telemetry/telemetry.go:207.29,207.29 0 1
github.com/cristianoliveira/tmux-intray/internal/telemetry/telemetry.go:209.10,211.112 1 1
github.com/cristianoliveira/tmux-intray/internal/telemetry/telemetry.go:217.28,221.27 3 1
github.com/cristianoliveira/tmux-intray/internal/telemetry/telemetry.go:221.27,223.3 1 0
github.com/cristianoliveira/tmux-intray/internal/telemetry/telemetry.go:226.2,234.30 4 1
github.com/cristianoliveira/tmux-intray/internal/telemetry/telemetry.go:239.23,240.34 1 1
github.com/cristianoliveira/tmux-intray/internal/telemetry/telemetry.go:240.34,245.21 4 1
github.com/cristianoliveira/tmux-intray/internal/telemetry/telemetry.go:245.21,247.12 2 0
github.com/cristianoliveira/tmux-intray/internal/telemetry/telemetry.go:251.3,251.129 1 1
github.com/cristianoliveira/tmux-intray/internal/telemetry/telemetry.go:251.129,253.4 1 0
github.com/cristianoliveira/tmux-intray/internal/telemetry/telemetry.go:256.2,256.27 1 1
github.com/cristianoliveira/tmux-intray/internal/telemetry/telemetry.go:262.17,266.28 3 1
github.com/cristianoliveira/tmux-intray/internal/telemetry/telemetry.go:266.28,268.3 1 1
github.com/cristianoliveira/tmux-intray/internal/telemetry/telemetry.go:271.2,271.25 1 1
github.com/cristianoliveira/tmux-intray/internal/telemetry/telemetry.go:271.25,273.3 1 1
github.com/cristianoliveira/tmux-intray/internal/telemetry/telemetry.go:276.2,276.31 1 1
github.com/cristianoliveira/tmux-intray/internal/telemetry/telemetry.go:276.31,277.10 1 1
github.com/cristianoliveira/tmux-intray/internal/telemetry/telemetry.go:278.29,278.29 0 1
github.com/cristianoliveira/tmux-intray/internal/telemetry/telemetry.go:280.38,282.97 1 0
github.com/cristianoliveira/tmux-intray/internal/telemetry/telemetry.go:284.3,284.27 1 1
github.com/cristianoliveira/tmux-intray/internal/telemetry/telemetry.go:287.2,287.31 1 1
github.com/cristianoliveira/tmux-intray/internal/telemetry/telemetry.go:292.14,299.2 6 1
github.com/cristianoliveira/tmux-intray/cmd/tmux-intray/add.go:20.49,21.19 1 1
github.com/cristianoliveira/tmux-intray/cmd/tmux-intray/add.go:21.19,22.54 1 1
github.com/cristianoliveira/tmux-intray/cmd/tmux-intray/add.go:25.2,51.55 7 1
github.com/cristianoliveira/tmux-intray/cmd/tmux-intray/add.go:51.55,53.4 1 1
github.com/cristianoliveira/tmux-intray/cmd/tmux-intray/add.go:56.2,63.15 7 1
github.com/cristianoliveira/tmux-intray/cmd/tmux-intray/add.go:67.154,75.57 5 1
github.com/cristianoliveira/tmux-intray/cmd/tmux-intray/add.go:75.57,76.26 1 1
github.com/cristianoliveira/tmux-intray/cmd/tmux-intray/add.go:76.26,79.4 2 1
github.com/cristianoliveira/tmux-intray/cmd/tmux-intray/add.go:79.9,81.4 1 1
github.com/cristianoliveira/tmux-intray/cmd/tmux-intray/add.go:85.2,88.49 2 1
github.com/cristianoliveira/tmux-intray/cmd/tmux-intray/add.go:88.49,90.3 1 1
github.com/cristianoliveira/tmux-intray/cmd/tmux-intray/add.go:93.2,97.17 3 1
github.com/cristianoliveira/tmux-intray/cmd/tmux-intray/add.go:97.17,99.3 1 1
github.com/cristianoliveira/tmux-intray/cmd/tmux-intray/add.go:102.2,103.16 2 1
github.com/cristianoliveira/tmux-intray/cmd/tmux-intray/add.go:103.16,105.3 1 1
github.com/cristianoliveira/tmux-intray/cmd/tmux-intray/add.go:107.2,108.12 2 1
github.com/cristianoliveira/tmux-intray/cmd/tmux-intray/add.go:112.44,114.25 1 1
github.com/cristianoliveira/tmux-intray/cmd/tmux-intray/add.go:114.25,116.3 1 1
github.com/cristianoliveira/tmux-intray/cmd/tmux-intray/add.go:118.2,119.19 2 1
github.com/cristianoliveira/tmux-intray/cmd/tmux-intray/add.go:119.19,121.3 1 1
github.com/cristianoliveira/tmux-intray/cmd/tmux-intray/add.go:122.2,122.12 1 1
github.com/cristianoliveira/tmux-intray/cmd/tmux-intray/cleanup.go:20.57,21.19 1 1
github.com/cristianoliveira/tmux-intray/cmd/tmux-intray/cleanup.go:21.19,22.58 1 1
github.com/cristianoliveira/tmux-intray/cmd/tmux-intray/cleanup.go:25.2,36.55 3 1
github.com/cristianoliveira/tmux-intray/cmd/tmux-intray/cleanup.go:36.55,40.35 2 1
github.com/cristianoliveira/tmux-intray/cmd/tmux-intray/cleanup.go:40.35,42.5 1 1
github.com/cristianoliveira/tmux-intray/cmd/tmux-intray/cleanup.go:45.4,46.17 2 1
github.com/cristianoliveira/tmux-intray/cmd/tmux-intray/cleanup.go:46.17,48.5 1 1
github.com/cristianoliveira/tmux-intray/cmd/tmux-intray/cleanup.go:50.4,50.17 1 1
github.com/cristianoliveira/tmux-intray/cmd/tmux-intray/cleanup.go:50.17,52.5 1 1
github.com/cristianoliveira/tmux-intray/cmd/tmux-intray/cleanup.go:54.4,57.18 3 1
github.com/cristianoliveira/tmux-intray/cmd/tmux-intray/cleanup.go:57.18,59.5 1 1
github.com/cristianoliveira/tmux-intray/cmd/tmux-intray/cleanup.go:61.4,62.14 2 1
github.com/cristianoliveira/tmux-intray/cmd/tmux-intray/cleanup.go:67.2,70.19 3 1
github.com/cristianoliveira/tmux-intray/cmd/tmux-intray/clear.go:21.53,22.19 1 1
github.com/cristianoliveira/tmux-intray/cmd/tmux-intray/clear.go:22.19,23.56 1 1
github.com/cristianoliveira/tmux-intray/cmd/tmux-intray/clear.go:26.2,44.55 1 1
github.com/cristianoliveira/tmux-intray/cmd/tmux-intray/clear.go:44.55,46.27 1 1
github.com/cristianoliveira/tmux-intray/cmd/tmux-intray/clear.go:46.27,49.19 2 1
github.com/cristianoliveira/tmux-intray/cmd/tmux-intray/clear.go:49.19,51.6 1 1
github.com/cristianoliveira/tmux-intray/cmd/tmux-intray/clear.go:52.5,53.15 2 1
github.com/cristianoliveira/tmux-intray/cmd/tmux-intray/clear.go:57.4,57.26 1 1
github.com/cristianoliveira/tmux-intray/cmd/tmux-intray/clear.go:57.26,60.5 2 1
github.com/cristianoliveira/tmux-intray/cmd/tmux-intray/clear.go:62.4,63.18 2 1
github.com/cristianoliveira/tmux-intray/cmd/tmux-intray/clear.go:63.18,65.5 1 0
github.com/cristianoliveira/tmux-intray/cmd/tmux-intray/clear.go:66.4,67.14 2 1
github.com/cristianoliveira/tmux-intray/cmd/tmux-intray/clear.go:71.2,71.17 1 1
github.com/cristianoliveira/tmux-intray/cmd/tmux-intray/clear.go:76.23,77.25 1 1
github.com/cristianoliveira/tmux-intray/cmd/tmux-intray/clear.go:77.25,79.3 1 0
github.com/cristianoliveira/tmux-intray/cmd/tmux-intray/clear.go:80.2,80.23 1 1
github.com/cristianoliveira/tmux-intray/cmd/tmux-intray/clear.go:84.29,88.16 4 1
github.com/cristianoliveira/tmux-intray/cmd/tmux-intray/clear.go:88.16,91.3 1 1
github.com/cristianoliveira/tmux-intray/cmd/tmux-intray/clear.go:92.2,93.41 2 1
github.com/cristianoliveira/tmux-intray/cmd/tmux-intray/deps.go:56.49,58.60 1 1
github.com/cristianoliveira/tmux-intray/cmd/tmux-intray/deps.go:58.60,60.4 1 0
github.com/cristianoliveira/tmux-intray/cmd/tmux-intray/deps.go:61.69,63.4 1 1
github.com/cristianoliveira/tmux-intray/cmd/tmux-intray/deps.go:64.37,66.4 1 1
github.com/cristianoliveira/tmux-intray/cmd/tmux-intray/deps.go:70.38,72.2 1 0
github.com/cristianoliveira/tmux-intray/cmd/tmux-intray/deps.go:74.77,76.16 2 1
github.com/cristianoliveira/tmux-intray/cmd/tmux-intray/deps.go:76.16,78.3 1 1
github.com/cristianoliveira/tmux-intray/cmd/tmux-intray/deps.go:80.2,81.16 2 1
github.com/cristianoliveira/tmux-intray/cmd/tmux-intray/deps.go:81.16,83.3 1 1
github.com/cristianoliveira/tmux-intray/cmd/tmux-intray/deps.go:85.2,86.16 2 1
github.com/cristianoliveira/tmux-intray/cmd/tmux-intray/deps.go:86.16,88.3 1 1
github.com/cristianoliveira/tmux-intray/cmd/tmux-intray/deps.go:92.2,93.43 2 1
github.com/cristianoliveira/tmux-intray/cmd/tmux-intray/deps.go:93.43,95.3 1 0
github.com/cristianoliveira/tmux-intray/cmd/tmux-intray/deps.go:97.2,102.8 1 1
github.com/cristianoliveira/tmux-intray/cmd/tmux-intray/deps.go:107.58,108.33 1 1
github.com/cristianoliveira/tmux-intray/cmd/tmux-intray/deps.go:108.33,120.35 12 1
github.com/cristianoliveira/tmux-intray/cmd/tmux-intray/deps.go:120.35,122.4 1 0
github.com/cristianoliveira/tmux-intray/cmd/tmux-intray/deps.go:124.3,126.31 3 1
github.com/cristianoliveira/tmux-intray/cmd/tmux-intray/deps.go:126.31,128.4 1 0
github.com/cristianoliveira/tmux-intray/cmd/tmux-intray/deps.go:132.22,134.16 2 0
github.com/cristianoliveira/tmux-intray/cmd/tmux-intray/deps.go:134.16,136.3 1 0
github.com/cristianoliveira/tmux-intray/cmd/tmux-intray/deps.go:137.2,138.12 2 0
github.com/cristianoliveira/tmux-intray/cmd/tmux-intray/dismiss.go:22.57,23.19 1 1
github.com/cristianoliveira/tmux-intray/cmd/tmux-intray/dismiss.go:23.19,24.58 1 1
github.com/cristianoliveira/tmux-intray/cmd/tmux-intray/dismiss.go:27.2,41.55 2 1
github.com/cristianoliveira/tmux-intray/cmd/tmux-intray/dismiss.go:41.55,43.35 1 1
github.com/cristianoliveira/tmux-intray/cmd/tmux-intray/dismiss.go:43.35,45.5 1 1
github.com/cristianoliveira/tmux-intray/cmd/tmux-intray/dismiss.go:46.4,46.37 1 1
github.com/cristianoliveira/tmux-intray/cmd/tmux-intray/dismiss.go:46.37,48.5 1 1
github.com/cristianoliveira/tmux-intray/cmd/tmux-intray/dismiss.go:49.4,49.21 1 1
github.com/cristianoliveira/tmux-intray/cmd/tmux-intray/dismiss.go:49.21,51.5 1 1
github.com/cristianoliveira/tmux-intray/cmd/tmux-intray/dismiss.go:53.4,53.18 1 1
github.com/cristianoliveira/tmux-intray/cmd/tmux-intray/dismiss.go:53.18,55.5 1 1
github.com/cristianoliveira/tmux-intray/cmd/tmux-intray/dismiss.go:56.4,56.53 1 1
github.com/cristianoliveira/tmux-intray/cmd/tmux-intray/dismiss.go:60.2,61.19 2 1
github.com/cristianoliveira/tmux-intray/cmd/tmux-intray/dismiss.go:65.61,66.22 1 1
github.com/cristianoliveira/tmux-intray/cmd/tmux-intray/dismiss.go:66.22,67.31 1 1
github.com/cristianoliveira/tmux-intray/cmd/tmux-intray/dismiss.go:67.31,70.4 2 1
github.com/cristianoliveira/tmux-intray/cmd/tmux-intray/dismiss.go:71.8,73.3 1 1
github.com/cristianoliveira/tmux-intray/cmd/tmux-intray/dismiss.go:75.2,76.16 2 1
github.com/cristianoliveira/tmux-intray/cmd/tmux-intray/dismiss.go:76.16,78.3 1 1
github.com/cristianoliveira/tmux-intray/cmd/tmux-intray/dismiss.go:79.2,80.12 2 1
github.com/cristianoliveira/tmux-intray/cmd/tmux-intray/dismiss.go:84.27,86.2 1 1
github.com/cristianoliveira/tmux-intray/cmd/tmux-intray/dismiss.go:89.71,91.16 2 1
github.com/cristianoliveira/tmux-intray/cmd/tmux-intray/dismiss.go:91.16,93.3 1 1
github.com/cristianoliveira/tmux-intray/cmd/tmux-intray/dismiss.go:94.2,95.12 2 1
github.com/cristianoliveira/tmux-intray/cmd/tmux-intray/dismiss.go:102.41,104.2 1 1
github.com/cristianoliveira/tmux-intray/cmd/tmux-intray/dismiss.go:106.31,107.24 1 1
github.com/cristianoliveira/tmux-intray/cmd/tmux-intray/dismiss.go:107.24,109.3 1 0
github.com/cristianoliveira/tmux-intray/cmd/tmux-intray/dismiss.go:110.2,110.24 1 1
github.com/cristianoliveira/tmux-intray/cmd/tmux-intray/dismiss.go:113.25,114.27 1 1
github.com/cristianoliveira/tmux-intray/cmd/tmux-intray/dismiss.go:114.27,116.3 1 0
github.com/cristianoliveira/tmux-intray/cmd/tmux-intray/dismiss.go:117.2,117.25 1 1
github.com/cristianoliveira/tmux-intray/cmd/tmux-intray/dismiss.go:121.31,125.16 4 1
github.com/cristianoliveira/tmux-intray/cmd/tmux-intray/dismiss.go:125.16,128.3 1 1
github.com/cristianoliveira/tmux-intray/cmd/tmux-intray/dismiss.go:129.2,130.41 2 1
github.com/cristianoliveira/tmux-intray/cmd/tmux-intray/env_helpers.go:10.31,11.42 1 1
github.com/cristianoliveira/tmux-intray/cmd/tmux-intray/env_helpers.go:11.42,13.3 1 1
github.com/cristianoliveira/tmux-intray/cmd/tmux-intray/env_helpers.go:16.2,16.27 1 1
github.com/cristianoliveira/tmux-intray/cmd/tmux-intray/env_helpers.go:16.27,18.3 1 1
github.com/cristianoliveira/tmux-intray/cmd/tmux-intray/env_helpers.go:21.2,21.36 1 1
github.com/cristianoliveira/tmux-intray/cmd/tmux-intray/env_helpers.go:21.36,23.3 1 1
github.com/cristianoliveira/tmux-intray/cmd/tmux-intray/env_helpers.go:26.2,26.59 1 1
github.com/cristianoliveira/tmux-intray/cmd/tmux-intray/env_helpers.go:26.59,28.3 1 1
github.com/cristianoliveira/tmux-intray/cmd/tmux-intray/env_helpers.go:30.2,30.14 1 1
github.com/cristianoliveira/tmux-intray/cmd/tmux-intray/env_helpers.go:33.31,34.60 1 1
github.com/cristianoliveira/tmux-intray/cmd/tmux-intray/env_helpers.go:35.32,36.14 1 1
github.com/cristianoliveira/tmux-intray/cmd/tmux-intray/env_helpers.go:37.10,38.15 1 1
github.com/cristianoliveira/tmux-intray/cmd/tmux-intray/follow.go:35.55,36.19 1 1
github.com/cristianoliveira/tmux-intray/cmd/tmux-intray/follow.go:36.19,37.57 1 1
github.com/cristianoliveira/tmux-intray/cmd/tmux-intray/follow.go:40.2,55.53 1 1
github.com/cristianoliveira/tmux-intray/cmd/tmux-intray/follow.go:55.53,64.17 3 0
github.com/cristianoliveira/tmux-intray/cmd/tmux-intray/follow.go:64.17,66.5 1 0
github.com/cristianoliveira/tmux-intray/cmd/tmux-intray/follow.go:66.10,66.30 1 0
github.com/cristianoliveira/tmux-intray/cmd/tmux-intray/follow.go:66.30,68.5 1 0
github.com/cristianoliveira/tmux-intray/cmd/tmux-intray/follow.go:70.4,78.28 3 0
github.com/cristianoliveira/tmux-intray/cmd/tmux-intray/follow.go:82.2,88.12 6 1
github.com/cristianoliveira/tmux-intray/cmd/tmux-intray/follow.go:108.40,111.60 1 1
github.com/cristianoliveira/tmux-intray/cmd/tmux-intray/follow.go:111.60,113.3 1 1
github.com/cristianoliveira/tmux-intray/cmd/tmux-intray/follow.go:114.2,114.11 1 0
github.com/cristianoliveira/tmux-intray/cmd/tmux-intray/follow.go:118.41,119.15 1 1
github.com/cristianoliveira/tmux-intray/cmd/tmux-intray/follow.go:120.15,121.20 1 1
github.com/cristianoliveira/tmux-intray/cmd/tmux-intray/follow.go:122.17,123.23 1 1
github.com/cristianoliveira/tmux-intray/cmd/tmux-intray/follow.go:124.10,125.12 1 1
github.com/cristianoliveira/tmux-intray/cmd/tmux-intray/follow.go:130.60,135.17 5 1
github.com/cristianoliveira/tmux-intray/cmd/tmux-intray/follow.go:135.17,137.3 1 1
github.com/cristianoliveira/tmux-intray/cmd/tmux-intray/follow.go:137.8,139.3 1 1
github.com/cristianoliveira/tmux-intray/cmd/tmux-intray/follow.go:140.2,140.18 1 1
github.com/cristianoliveira/tmux-intray/cmd/tmux-intray/follow.go:140.18,142.3 1 1
github.com/cristianoliveira/tmux-intray/cmd/tmux-intray/follow.go:147.60,148.24 1 1
github.com/cristianoliveira/tmux-intray/cmd/tmux-intray/follow.go:148.24,150.3 1 1
github.com/cristianoliveira/tmux-intray/cmd/tmux-intray/follow.go:151.2,151.24 1 1
github.com/cristianoliveira/tmux-intray/cmd/tmux-intray/follow.go:151.24,153.3 1 1
github.com/cristianoliveira/tmux-intray/cmd/tmux-intray/follow.go:156.2,171.6 10 1
github.com/cristianoliveira/tmux-intray/cmd/tmux-intray/follow.go:171.6,172.10 1 1
github.com/cristianoliveira/tmux-intray/cmd/tmux-intray/follow.go:173.21,174.14 1 1
github.com/cristianoliveira/tmux-intray/cmd/tmux-intray/follow.go:175.25,177.14 2 0
github.com/cristianoliveira/tmux-intray/cmd/tmux-intray/follow.go:178.19,180.18 2 1
github.com/cristianoliveira/tmux-intray/cmd/tmux-intray/follow.go:180.18,182.5 1 0
github.com/cristianoliveira/tmux-intray/cmd/tmux-intray/follow.go:187.72,188.26 1 1
github.com/cristianoliveira/tmux-intray/cmd/tmux-intray/follow.go:188.26,189.32 1 1
github.com/cristianoliveira/tmux-intray/cmd/tmux-intray/follow.go:189.33,189.34 0 1
github.com/cristianoliveira/tmux-intray/cmd/tmux-intray/follow.go:191.2,192.30 2 0
github.com/cristianoliveira/tmux-intray/cmd/tmux-intray/follow.go:195.62,197.16 2 1
github.com/cristianoliveira/tmux-intray/cmd/tmux-intray/follow.go:197.16,199.3 1 0
github.com/cristianoliveira/tmux-intray/cmd/tmux-intray/follow.go:200.2,200.17 1 1
github.com/cristianoliveira/tmux-intray/cmd/tmux-intray/follow.go:200.17,202.3 1 1
github.com/cristianoliveira/tmux-intray/cmd/tmux-intray/follow.go:204.2,206.12 3 1
github.com/cristianoliveira/tmux-intray/cmd/tmux-intray/follow.go:209.67,210.24 1 1
github.com/cristianoliveira/tmux-intray/cmd/tmux-intray/follow.go:210.24,212.3 1 1
github.com/cristianoliveira/tmux-intray/cmd/tmux-intray/follow.go:213.2,213.21 1 1
github.com/cristianoliveira/tmux-intray/cmd/tmux-intray/follow.go:213.21,215.3 1 0
github.com/cristianoliveira/tmux-intray/cmd/tmux-intray/follow.go:216.2,216.91 1 1
github.com/cristianoliveira/tmux-intray/cmd/tmux-intray/follow.go:219.67,221.50 2 1
github.com/cristianoliveira/tmux-intray/cmd/tmux-intray/follow.go:221.50,222.17 1 1
github.com/cristianoliveira/tmux-intray/cmd/tmux-intray/follow.go:222.17,223.12 1 0
github.com/cristianoliveira/tmux-intray/cmd/tmux-intray/follow.go:225.3,226.17 2 1
github.com/cristianoliveira/tmux-intray/cmd/tmux-intray/follow.go:226.17,227.12 1 0
github.com/cristianoliveira/tmux-intray/cmd/tmux-intray/follow.go:229.3,229.47 1 1
github.com/cristianoliveira/tmux-intray/cmd/tmux-intray/follow.go:231.2,231.22 1 1
github.com/cristianoliveira/tmux-intray/cmd/tmux-intray/follow.go:234.108,235.38 1 1
github.com/cristianoliveira/tmux-intray/cmd/tmux-intray/follow.go:235.38,236.21 1 1
github.com/cristianoliveira/tmux-intray/cmd/tmux-intray/follow.go:236.21,237.12 1 1
github.com/cristianoliveira/tmux-intray/cmd/tmux-intray/follow.go:239.3,241.24 3 1
github.com/cristianoliveira/tmux-intray/cmd/tmux-intray/jump.go:31.51,32.19 1 1
github.com/cristianoliveira/tmux-intray/cmd/tmux-intray/jump.go:32.19,33.55 1 1
github.com/cristianoliveira/tmux-intray/cmd/tmux-intray/jump.go:36.2,64.55 2 1
github.com/cristianoliveira/tmux-intray/cmd/tmux-intray/jump.go:64.55,65.22 1 1
github.com/cristianoliveira/tmux-intray/cmd/tmux-intray/jump.go:65.22,67.5 1 1
github.com/cristianoliveira/tmux-intray/cmd/tmux-intray/jump.go:68.4,68.14 1 1
github.com/cristianoliveira/tmux-intray/cmd/tmux-intray/jump.go:73.2,74.16 2 1
github.com/cristianoliveira/tmux-intray/cmd/tmux-intray/jump.go:77.106,78.55 1 1
github.com/cristianoliveira/tmux-intray/cmd/tmux-intray/jump.go:78.55,84.34 3 1
github.com/cristianoliveira/tmux-intray/cmd/tmux-intray/jump.go:84.34,86.4 1 1
github.com/cristianoliveira/tmux-intray/cmd/tmux-intray/jump.go:88.3,89.17 2 1
github.com/cristianoliveira/tmux-intray/cmd/tmux-intray/jump.go:89.17,91.4 1 1
github.com/cristianoliveira/tmux-intray/cmd/tmux-intray/jump.go:93.3,94.17 2 1
github.com/cristianoliveira/tmux-intray/cmd/tmux-intray/jump.go:94.17,96.4 1 1
github.com/cristianoliveira/tmux-intray/cmd/tmux-intray/jump.go:98.3,99.13 2 1
github.com/cristianoliveira/tmux-intray/cmd/tmux-intray/jump.go:103.73,105.16 2 1
github.com/cristianoliveira/tmux-intray/cmd/tmux-intray/jump.go:105.16,107.3 1 1
github.com/cristianoliveira/tmux-intray/cmd/tmux-intray/jump.go:109.2,109.35 1 1
github.com/cristianoliveira/tmux-intray/cmd/tmux-intray/jump.go:112.61,115.38 2 1
github.com/cristianoliveira/tmux-intray/cmd/tmux-intray/jump.go:115.38,117.3 1 1
github.com/cristianoliveira/tmux-intray/cmd/tmux-intray/jump.go:119.2,126.56 2 1
github.com/cristianoliveira/tmux-intray/cmd/tmux-intray/jump.go:126.56,128.3 1 1
github.com/cristianoliveira/tmux-intray/cmd/tmux-intray/jump.go:130.2,130.21 1 1
github.com/cristianoliveira/tmux-intray/cmd/tmux-intray/jump.go:133.63,134.73 1 1
github.com/cristianoliveira/tmux-intray/cmd/tmux-intray/jump.go:134.73,136.28 2 1
github.com/cristianoliveira/tmux-intray/cmd/tmux-intray/jump.go:136.28,138.4 1 1
github.com/cristianoliveira/tmux-intray/cmd/tmux-intray/jump.go:139.3,139.27 1 1
github.com/cristianoliveira/tmux-intray/cmd/tmux-intray/jump.go:139.27,141.4 1 1
github.com/cristianoliveira/tmux-intray/cmd/tmux-intray/jump.go:142.3,142.25 1 1
github.com/cristianoliveira/tmux-intray/cmd/tmux-intray/jump.go:142.25,144.4 1 1
github.com/cristianoliveira/tmux-intray/cmd/tmux-intray/jump.go:145.3,150.42 1 1
github.com/cristianoliveira/tmux-intray/cmd/tmux-intray/jump.go:153.2,153.12 1 1
github.com/cristianoliveira/tmux-intray/cmd/tmux-intray/jump.go:156.100,159.71 2 1
github.com/cristianoliveira/tmux-intray/cmd/tmux-intray/jump.go:159.71,161.3 1 1
github.com/cristianoliveira/tmux-intray/cmd/tmux-intray/jump.go:163.2,163.17 1 1
github.com/cristianoliveira/tmux-intray/cmd/tmux-intray/jump.go:163.17,164.57 1 1
github.com/cristianoliveira/tmux-intray/cmd/tmux-intray/jump.go:164.57,166.4 1 1
github.com/cristianoliveira/tmux-intray/cmd/tmux-intray/jump.go:169.2,169.24 1 1
github.com/cristianoliveira/tmux-intray/cmd/tmux-intray/jump.go:172.73,173.34 1 1
github.com/cristianoliveira/tmux-intray/cmd/tmux-intray/jump.go:173.34,175.3 1 1
github.com/cristianoliveira/tmux-intray/cmd/tmux-intray/jump.go:177.2,177.16 1 1
github.com/cristianoliveira/tmux-intray/cmd/tmux-intray/jump.go:177.16,180.3 2 1
github.com/cristianoliveira/tmux-intray/cmd/tmux-intray/jump.go:182.2,182.137 1 1
github.com/cristianoliveira/tmux-intray/cmd/tmux-intray/list.go:29.81,31.27 2 1
github.com/cristianoliveira/tmux-intray/cmd/tmux-intray/list.go:31.27,33.3 1 1
github.com/cristianoliveira/tmux-intray/cmd/tmux-intray/list.go:34.2,34.15 1 1
github.com/cristianoliveira/tmux-intray/cmd/tmux-intray/list.go:65.51,66.19 1 1
github.com/cristianoliveira/tmux-intray/cmd/tmux-intray/list.go:66.19,67.55 1 1
github.com/cristianoliveira/tmux-intray/cmd/tmux-intray/list.go:70.2,87.55 13 1
github.com/cristianoliveira/tmux-intray/cmd/tmux-intray/list.go:87.55,90.71 3 1
github.com/cristianoliveira/tmux-intray/cmd/tmux-intray/list.go:90.71,92.5 1 1
github.com/cristianoliveira/tmux-intray/cmd/tmux-intray/list.go:94.4,111.14 3 1
github.com/cristianoliveira/tmux-intray/cmd/tmux-intray/list.go:115.2,117.16 2 1
github.com/cristianoliveira/tmux-intray/cmd/tmux-intray/list.go:121.245,137.2 15 1
github.com/cristianoliveira/tmux-intray/cmd/tmux-intray/list.go:140.52,142.35 2 1
github.com/cristianoliveira/tmux-intray/cmd/tmux-intray/list.go:142.35,144.3 1 1
github.com/cristianoliveira/tmux-intray/cmd/tmux-intray/list.go:145.2,145.29 1 1
github.com/cristianoliveira/tmux-intray/cmd/tmux-intray/list.go:145.29,147.3 1 1
github.com/cristianoliveira/tmux-intray/cmd/tmux-intray/list.go:148.2,148.14 1 1
github.com/cristianoliveira/tmux-intray/cmd/tmux-intray/list.go:155.90,157.19 2 1
github.com/cristianoliveira/tmux-intray/cmd/tmux-intray/list.go:157.19,159.3 1 1
github.com/cristianoliveira/tmux-intray/cmd/tmux-intray/list.go:160.2,160.19 1 1
github.com/cristianoliveira/tmux-intray/cmd/tmux-intray/list.go:160.19,162.3 1 1
github.com/cristianoliveira/tmux-intray/cmd/tmux-intray/list.go:163.2,163.8 1 1
github.com/cristianoliveira/tmux-intray/cmd/tmux-intray/list.go:167.56,169.133 1 1
github.com/cristianoliveira/tmux-intray/cmd/tmux-intray/list.go:169.133,171.3 1 1
github.com/cristianoliveira/tmux-intray/cmd/tmux-intray/list.go:174.2,174.60 1 1
github.com/cristianoliveira/tmux-intray/cmd/tmux-intray/list.go:174.60,176.3 1 1
github.com/cristianoliveira/tmux-intray/cmd/tmux-intray/list.go:178.2,178.12 1 1
github.com/cristianoliveira/tmux-intray/cmd/tmux-intray/list.go:207.36,208.29 1 1
github.com/cristianoliveira/tmux-intray/cmd/tmux-intray/list.go:208.29,210.3 1 1
github.com/cristianoliveira/tmux-intray/cmd/tmux-intray/list.go:211.2,211.35 1 1
github.com/cristianoliveira/tmux-intray/cmd/tmux-intray/list.go:214.49,216.16 2 1
github.com/cristianoliveira/tmux-intray/cmd/tmux-intray/list.go:216.16,219.3 2 1
github.com/cristianoliveira/tmux-intray/cmd/tmux-intray/list.go:220.2,220.17 1 1
github.com/cristianoliveira/tmux-intray/cmd/tmux-intray/list.go:220.17,223.3 2 1
github.com/cristianoliveira/tmux-intray/cmd/tmux-intray/list.go:225.2,227.29 3 1
github.com/cristianoliveira/tmux-intray/cmd/tmux-intray/list.go:227.29,230.3 2 0
github.com/cristianoliveira/tmux-intray/cmd/tmux-intray/list.go:232.2,233.44 2 1
github.com/cristianoliveira/tmux-intray/cmd/tmux-intray/list.go:237.61,238.24 1 1
github.com/cristianoliveira/tmux-intray/cmd/tmux-intray/list.go:238.24,240.3 1 1
github.com/cristianoliveira/tmux-intray/cmd/tmux-intray/list.go:241.2,241.25 1 1
github.com/cristianoliveira/tmux-intray/cmd/tmux-intray/list.go:241.25,243.3 1 1
github.com/cristianoliveira/tmux-intray/cmd/tmux-intray/list.go:244.2,244.47 1 0
github.com/cristianoliveira/tmux-intray/cmd/tmux-intray/list.go:248.60,249.32 1 1
github.com/cristianoliveira/tmux-intray/cmd/tmux-intray/list.go:249.32,251.3 1 1
github.com/cristianoliveira/tmux-intray/cmd/tmux-intray/list.go:252.2,252.23 1 1
github.com/cristianoliveira/tmux-intray/cmd/tmux-intray/list.go:252.23,254.3 1 1
github.com/cristianoliveira/tmux-intray/cmd/tmux-intray/list.go:257.2,259.25 3 1
github.com/cristianoliveira/tmux-intray/cmd/tmux-intray/list.go:259.25,261.3 1 0
github.com/cristianoliveira/tmux-intray/cmd/tmux-intray/list.go:262.2,263.24 2 1
github.com/cristianoliveira/tmux-intray/cmd/tmux-intray/list.go:263.24,265.3 1 0
github.com/cristianoliveira/tmux-intray/cmd/tmux-intray/list.go:266.2,267.22 2 1
github.com/cristianoliveira/tmux-intray/cmd/tmux-intray/list.go:267.22,269.3 1 0
github.com/cristianoliveira/tmux-intray/cmd/tmux-intray/list.go:272.2,272.16 1 1
github.com/cristianoliveira/tmux-intray/cmd/tmux-intray/list.go:272.16,279.3 1 1
github.com/cristianoliveira/tmux-intray/cmd/tmux-intray/list.go:280.2,285.3 1 1
github.com/cristianoliveira/tmux-intray/cmd/tmux-intray/list.go:289.123,291.50 2 1
github.com/cristianoliveira/tmux-intray/cmd/tmux-intray/list.go:291.50,292.17 1 1
github.com/cristianoliveira/tmux-intray/cmd/tmux-intray/list.go:292.17,293.12 1 1
github.com/cristianoliveira/tmux-intray/cmd/tmux-intray/list.go:295.3,296.17 2 1
github.com/cristianoliveira/tmux-intray/cmd/tmux-intray/list.go:296.17,297.12 1 0
github.com/cristianoliveira/tmux-intray/cmd/tmux-intray/list.go:300.3,300.28 1 1
github.com/cristianoliveira/tmux-intray/cmd/tmux-intray/list.go:300.28,301.49 1 1
github.com/cristianoliveira/tmux-intray/cmd/tmux-intray/list.go:301.49,302.13 1 1
github.com/cristianoliveira/tmux-intray/cmd/tmux-intray/list.go:305.3,305.76 1 1
github.com/cristianoliveira/tmux-intray/cmd/tmux-intray/list.go:307.2,307.22 1 1
github.com/cristianoliveira/tmux-intray/cmd/tmux-intray/list.go:311.96,313.24 1 1
github.com/cristianoliveira/tmux-intray/cmd/tmux-intray/list.go:313.24,316.53 3 1
github.com/cristianoliveira/tmux-intray/cmd/tmux-intray/list.go:316.53,318.4 1 1
github.com/cristianoliveira/tmux-intray/cmd/tmux-intray/list.go:318.9,320.4 1 1
github.com/cristianoliveira/tmux-intray/cmd/tmux-intray/list.go:321.3,323.17 3 1
github.com/cristianoliveira/tmux-intray/cmd/tmux-intray/list.go:323.17,325.4 1 0
github.com/cristianoliveira/tmux-intray/cmd/tmux-intray/list.go:326.3,326.9 1 1
github.com/cristianoliveira/tmux-intray/cmd/tmux-intray/list.go:330.2,332.16 3 1
github.com/cristianoliveira/tmux-intray/cmd/tmux-intray/list.go:332.16,334.3 1 0
github.com/cristianoliveira/tmux-intray/cmd/tmux-intray/list.go:339.77,340.22 1 1
github.com/cristianoliveira/tmux-intray/cmd/tmux-intray/list.go:340.22,342.3 1 1
github.com/cristianoliveira/tmux-intray/cmd/tmux-intray/list.go:344.2,347.48 3 1
github.com/cristianoliveira/tmux-intray/cmd/tmux-intray/list.go:347.48,350.25 3 1
github.com/cristianoliveira/tmux-intray/cmd/tmux-intray/list.go:350.25,352.4 1 1
github.com/cristianoliveira/tmux-intray/cmd/tmux-intray/list.go:353.3,353.29 1 1
github.com/cristianoliveira/tmux-intray/cmd/tmux-intray/list.go:356.2,356.16 1 1
github.com/cristianoliveira/tmux-intray/cmd/tmux-intray/main.go:10.13,11.44 1 0
github.com/cristianoliveira/tmux-intray/cmd/tmux-intray/main.go:11.44,12.35 1 0
github.com/cristianoliveira/tmux-intray/cmd/tmux-intray/main.go:12.35,14.4 1 0
github.com/cristianoliveira/tmux-intray/cmd/tmux-intray/main.go:15.3,15.23 1 0
github.com/cristianoliveira/tmux-intray/cmd/tmux-intray/main.go:17.2,17.19 1 0
github.com/cristianoliveira/tmux-intray/cmd/tmux-intray/main.go:17.19,19.3 1 0
github.com/cristianoliveira/tmux-intray/cmd/tmux-intray/main.go:22.51,26.19 2 1
github.com/cristianoliveira/tmux-intray/cmd/tmux-intray/main.go:26.19,28.3 1 1
github.com/cristianoliveira/tmux-intray/cmd/tmux-intray/main.go:30.2,30.34 1 1
github.com/cristianoliveira/tmux-intray/cmd/tmux-intray/main.go:30.34,31.20 1 1
github.com/cristianoliveira/tmux-intray/cmd/tmux-intray/main.go:31.20,33.4 1 1
github.com/cristianoliveira/tmux-intray/cmd/tmux-intray/main.go:34.3,34.11 1 1
github.com/cristianoliveira/tmux-intray/cmd/tmux-intray/main.go:37.2,37.19 1 1
github.com/cristianoliveira/tmux-intray/cmd/tmux-intray/main.go:37.19,39.3 1 1
github.com/cristianoliveira/tmux-intray/cmd/tmux-intray/main.go:41.2,41.10 1 1
github.com/cristianoliveira/tmux-intray/cmd/tmux-intray/mark-read.go:18.59,19.19 1 1
github.com/cristianoliveira/tmux-intray/cmd/tmux-intray/mark-read.go:19.19,20.59 1 1
github.com/cristianoliveira/tmux-intray/cmd/tmux-intray/mark-read.go:23.2,34.55 1 1
github.com/cristianoliveira/tmux-intray/cmd/tmux-intray/mark-read.go:34.55,37.18 3 1
github.com/cristianoliveira/tmux-intray/cmd/tmux-intray/mark-read.go:37.18,39.5 1 1
github.com/cristianoliveira/tmux-intray/cmd/tmux-intray/mark-read.go:40.4,41.14 2 1
github.com/cristianoliveira/tmux-intray/cmd/tmux-intray/mark-read.go:45.2,45.20 1 1
github.com/cristianoliveira/tmux-intray/cmd/tmux-intray/settings.go:68.59,69.19 1 1
github.com/cristianoliveira/tmux-intray/cmd/tmux-intray/settings.go:69.19,70.59 1 1
github.com/cristianoliveira/tmux-intray/cmd/tmux-intray/settings.go:73.2,86.20 6 1
github.com/cristianoliveira/tmux-intray/cmd/tmux-intray/settings.go:90.56,96.55 2 1
github.com/cristianoliveira/tmux-intray/cmd/tmux-intray/settings.go:96.55,98.4 1 1
github.com/cristianoliveira/tmux-intray/cmd/tmux-intray/settings.go:100.2,101.17 2 1
github.com/cristianoliveira/tmux-intray/cmd/tmux-intray/settings.go:105.55,110.55 1 1
github.com/cristianoliveira/tmux-intray/cmd/tmux-intray/settings.go:110.55,112.4 1 1
github.com/cristianoliveira/tmux-intray/cmd/tmux-intray/settings.go:117.59,124.71 2 1
github.com/cristianoliveira/tmux-intray/cmd/tmux-intray/settings.go:124.71,125.22 1 0
github.com/cristianoliveira/tmux-intray/cmd/tmux-intray/settings.go:125.22,128.4 2 0
github.com/cristianoliveira/tmux-intray/cmd/tmux-intray/settings.go:132.2,133.16 2 1
github.com/cristianoliveira/tmux-intray/cmd/tmux-intray/settings.go:133.16,135.3 1 1
github.com/cristianoliveira/tmux-intray/cmd/tmux-intray/settings.go:137.2,138.12 2 1
github.com/cristianoliveira/tmux-intray/cmd/tmux-intray/settings.go:142.46,148.16 3 1
github.com/cristianoliveira/tmux-intray/cmd/tmux-intray/settings.go:148.16,150.3 1 1
github.com/cristianoliveira/tmux-intray/cmd/tmux-intray/settings.go:153.2,154.16 2 1
github.com/cristianoliveira/tmux-intray/cmd/tmux-intray/settings.go:154.16,156.3 1 0
github.com/cristianoliveira/tmux-intray/cmd/tmux-intray/settings.go:159.2,160.12 2 1
github.com/cristianoliveira/tmux-intray/cmd/tmux-intray/settings.go:164.26,168.16 4 0
github.com/cristianoliveira/tmux-intray/cmd/tmux-intray/settings.go:168.16,171.3 1 0
github.com/cristianoliveira/tmux-intray/cmd/tmux-intray/settings.go:172.2,173.41 2 0
github.com/cristianoliveira/tmux-intray/cmd/tmux-intray/status.go:25.55,26.19 1 1
github.com/cristianoliveira/tmux-intray/cmd/tmux-intray/status.go:26.19,27.57 1 1
github.com/cristianoliveira/tmux-intray/cmd/tmux-intray/status.go:30.2,83.55 2 1
github.com/cristianoliveira/tmux-intray/cmd/tmux-intray/status.go:83.55,85.35 1 1
github.com/cristianoliveira/tmux-intray/cmd/tmux-intray/status.go:85.35,87.5 1 1
github.com/cristianoliveira/tmux-intray/cmd/tmux-intray/status.go:89.4,92.56 3 1
github.com/cristianoliveira/tmux-intray/cmd/tmux-intray/status.go:96.2,97.18 2 1
github.com/cristianoliveira/tmux-intray/cmd/tmux-intray/status.go:101.74,103.33 2 1
github.com/cristianoliveira/tmux-intray/cmd/tmux-intray/status.go:103.33,104.75 1 1
github.com/cristianoliveira/tmux-intray/cmd/tmux-intray/status.go:104.75,106.4 1 1
github.com/cristianoliveira/tmux-intray/cmd/tmux-intray/status.go:108.2,108.18 1 1
github.com/cristianoliveira/tmux-intray/cmd/tmux-intray/status.go:108.18,110.3 1 0
github.com/cristianoliveira/tmux-intray/cmd/tmux-intray/status.go:111.2,111.15 1 1
github.com/cristianoliveira/tmux-intray/cmd/tmux-intray/status.go:116.88,118.16 1 1
github.com/cristianoliveira/tmux-intray/cmd/tmux-intray/status.go:119.17,120.34 1 1
github.com/cristianoliveira/tmux-intray/cmd/tmux-intray/status.go:121.16,122.33 1 1
github.com/cristianoliveira/tmux-intray/cmd/tmux-intray/status.go:123.15,124.32 1 1
github.com/cristianoliveira/tmux-intray/cmd/tmux-intray/status.go:125.14,126.31 1 1
github.com/cristianoliveira/tmux-intray/cmd/tmux-intray/status.go:130.2,131.53 2 1
github.com/cristianoliveira/tmux-intray/cmd/tmux-intray/status.go:131.53,134.3 1 1
github.com/cristianoliveira/tmux-intray/cmd/tmux-intray/status.go:137.2,137.49 1 1
github.com/cristianoliveira/tmux-intray/cmd/tmux-intray/status.go:141.85,148.16 4 1
github.com/cristianoliveira/tmux-intray/cmd/tmux-intray/status.go:148.16,150.3 1 1
github.com/cristianoliveira/tmux-intray/cmd/tmux-intray/status.go:152.2,153.12 2 1
github.com/cristianoliveira/tmux-intray/cmd/tmux-intray/status.go:157.74,166.17 7 1
github.com/cristianoliveira/tmux-intray/cmd/tmux-intray/status.go:166.17,168.22 2 1
github.com/cristianoliveira/tmux-intray/cmd/tmux-intray/status.go:168.22,170.4 1 1
github.com/cristianoliveira/tmux-intray/cmd/tmux-intray/status.go:174.2,175.23 2 1
github.com/cristianoliveira/tmux-intray/cmd/tmux-intray/status.go:175.23,177.3 1 1
github.com/cristianoliveira/tmux-intray/cmd/tmux-intray/status.go:177.8,177.27 1 1
github.com/cristianoliveira/tmux-intray/cmd/tmux-intray/status.go:177.27,179.3 1 0
github.com/cristianoliveira/tmux-intray/cmd/tmux-intray/status.go:179.8,179.29 1 1
github.com/cristianoliveira/tmux-intray/cmd/tmux-intray/status.go:179.29,181.3 1 0
github.com/cristianoliveira/tmux-intray/cmd/tmux-intray/status.go:183.2,201.3 1 1
github.com/cristianoliveira/tmux-intray/cmd/tmux-intray/status.go:206.58,208.31 2 1
github.com/cristianoliveira/tmux-intray/cmd/tmux-intray/status.go:208.31,210.3 1 1
github.com/cristianoliveira/tmux-intray/cmd/tmux-intray/status.go:211.2,212.50 2 1
github.com/cristianoliveira/tmux-intray/cmd/tmux-intray/status.go:212.50,213.17 1 1
github.com/cristianoliveira/tmux-intray/cmd/tmux-intray/status.go:213.17,215.4 1 1
github.com/cristianoliveira/tmux-intray/cmd/tmux-intray/status.go:217.2,217.14 1 1
github.com/cristianoliveira/tmux-intray/cmd/tmux-intray/status.go:220.77,222.31 2 1
github.com/cristianoliveira/tmux-intray/cmd/tmux-intray/status.go:222.31,224.3 1 1
github.com/cristianoliveira/tmux-intray/cmd/tmux-intray/status.go:225.2,226.8 2 1
github.com/cristianoliveira/tmux-intray/cmd/tmux-intray/status.go:229.53,231.31 2 1
github.com/cristianoliveira/tmux-intray/cmd/tmux-intray/status.go:231.31,233.3 1 0
github.com/cristianoliveira/tmux-intray/cmd/tmux-intray/status.go:234.2,234.38 1 1
github.com/cristianoliveira/tmux-intray/cmd/tmux-intray/status.go:237.60,239.17 2 1
github.com/cristianoliveira/tmux-intray/cmd/tmux-intray/status.go:239.17,241.3 1 0
github.com/cristianoliveira/tmux-intray/cmd/tmux-intray/status.go:242.2,243.72 2 1
github.com/cristianoliveira/tmux-intray/cmd/tmux-intray/status.go:246.59,249.2 2 1
github.com/cristianoliveira/tmux-intray/cmd/tmux-intray/status.go:251.58,254.2 2 1
github.com/cristianoliveira/tmux-intray/cmd/tmux-intray/status.go:256.57,261.2 4 1
github.com/cristianoliveira/tmux-intray/cmd/tmux-intray/telemetry.go:46.87,47.20 1 1
github.com/cristianoliveira/tmux-intray/cmd/tmux-intray/telemetry.go:47.20,48.61 1 1
github.com/cristianoliveira/tmux-intray/cmd/tmux-intray/telemetry.go:50.2,50.19 1 1
github.com/cristianoliveira/tmux-intray/cmd/tmux-intray/telemetry.go:50.19,51.60 1 1
github.com/cristianoliveira/tmux-intray/cmd/tmux-intray/telemetry.go:54.2,89.21 12 0
github.com/cristianoliveira/tmux-intray/cmd/tmux-intray/telemetry.go:93.66,109.55 2 1
github.com/cristianoliveira/tmux-intray/cmd/tmux-intray/telemetry.go:109.55,111.4 1 1
github.com/cristianoliveira/tmux-intray/cmd/tmux-intray/telemetry.go:113.2,115.16 2 1
github.com/cristianoliveira/tmux-intray/cmd/tmux-intray/telemetry.go:119.87,123.32 3 1
github.com/cristianoliveira/tmux-intray/cmd/tmux-intray/telemetry.go:123.32,127.3 3 1
github.com/cristianoliveira/tmux-intray/cmd/tmux-intray/telemetry.go:130.2,131.16 2 1
github.com/cristianoliveira/tmux-intray/cmd/tmux-intray/telemetry.go:131.16,133.3 1 1
github.com/cristianoliveira/tmux-intray/cmd/tmux-intray/telemetry.go:135.2,135.24 1 1
github.com/cristianoliveira/tmux-intray/cmd/tmux-intray/telemetry.go:135.24,139.3 3 1
github.com/cristianoliveira/tmux-intray/cmd/tmux-intray/telemetry.go:142.2,142.14 1 1
github.com/cristianoliveira/tmux-intray/cmd/tmux-intray/telemetry.go:142.14,144.17 2 1
github.com/cristianoliveira/tmux-intray/cmd/tmux-intray/telemetry.go:144.17,146.4 1 0
github.com/cristianoliveira/tmux-intray/cmd/tmux-intray/telemetry.go:147.3,147.25 1 1
github.com/cristianoliveira/tmux-intray/cmd/tmux-intray/telemetry.go:147.25,151.4 3 1
github.com/cristianoliveira/tmux-intray/cmd/tmux-intray/telemetry.go:155.2,156.35 2 1
github.com/cristianoliveira/tmux-intray/cmd/tmux-intray/telemetry.go:156.35,158.3 1 1
github.com/cristianoliveira/tmux-intray/cmd/tmux-intray/telemetry.go:161.2,162.36 2 1
github.com/cristianoliveira/tmux-intray/cmd/tmux-intray/telemetry.go:162.36,164.3 1 1
github.com/cristianoliveira/tmux-intray/cmd/tmux-intray/telemetry.go:165.2,169.38 3 1
github.com/cristianoliveira/tmux-intray/cmd/tmux-intray/telemetry.go:169.38,173.52 3 1
github.com/cristianoliveira/tmux-intray/cmd/tmux-intray/telemetry.go:173.52,175.4 1 1
github.com/cristianoliveira/tmux-intray/cmd/tmux-intray/telemetry.go:176.3,176.44 1 1
github.com/cristianoliveira/tmux-intray/cmd/tmux-intray/telemetry.go:176.44,178.4 1 1
github.com/cristianoliveira/tmux-intray/cmd/tmux-intray/telemetry.go:179.3,179.27 1 1
github.com/cristianoliveira/tmux-intray/cmd/tmux-intray/telemetry.go:181.2,183.12 2 1
github.com/cristianoliveira/tmux-intray/cmd/tmux-intray/telemetry.go:187.123,192.16 3 1
github.com/cristianoliveira/tmux-intray/cmd/tmux-intray/telemetry.go:192.16,194.3 1 0
github.com/cristianoliveira/tmux-intray/cmd/tmux-intray/telemetry.go:197.2,198.31 2 1
github.com/cristianoliveira/tmux-intray/cmd/tmux-intray/telemetry.go:198.31,200.3 1 1
github.com/cristianoliveira/tmux-intray/cmd/tmux-intray/telemetry.go:203.2,204.35 2 1
github.com/cristianoliveira/tmux-intray/cmd/tmux-intray/telemetry.go:204.35,205.38 1 1
github.com/cristianoliveira/tmux-intray/cmd/tmux-intray/telemetry.go:205.38,207.4 1 1
github.com/cristianoliveira/tmux-intray/cmd/tmux-intray/telemetry.go:210.2,210.22 1 1
github.com/cristianoliveira/tmux-intray/cmd/tmux-intray/telemetry.go:214.59,230.55 2 1
github.com/cristianoliveira/tmux-intray/cmd/tmux-intray/telemetry.go:230.55,232.4 1 1
github.com/cristianoliveira/tmux-intray/cmd/tmux-intray/telemetry.go:234.2,237.18 3 1
github.com/cristianoliveira/tmux-intray/cmd/tmux-intray/telemetry.go:241.89,245.32 3 1
github.com/cristianoliveira/tmux-intray/cmd/tmux-intray/telemetry.go:245.32,249.3 3 1
github.com/cristianoliveira/tmux-intray/cmd/tmux-intray/telemetry.go:252.2,253.16 2 1
github.com/cristianoliveira/tmux-intray/cmd/tmux-intray/telemetry.go:253.16,255.3 1 1
github.com/cristianoliveira/tmux-intray/cmd/tmux-intray/telemetry.go:257.2,257.22 1 1
github.com/cristianoliveira/tmux-intray/cmd/tmux-intray/telemetry.go:257.22,261.3 3 1
github.com/cristianoliveira/tmux-intray/cmd/tmux-intray/telemetry.go:264.2,265.16 2 1
github.com/cristianoliveira/tmux-intray/cmd/tmux-intray/telemetry.go:265.16,267.3 1 0
github.com/cristianoliveira/tmux-intray/cmd/tmux-intray/telemetry.go:268.2,268.15 1 1
github.com/cristianoliveira/tmux-intray/cmd/tmux-intray/telemetry.go:268.15,268.35 1 1
github.com/cristianoliveira/tmux-intray/cmd/tmux-intray/telemetry.go:270.2,271.15 2 1
github.com/cristianoliveira/tmux-intray/cmd/tmux-intray/telemetry.go:271.15,271.37 1 1
github.com/cristianoliveira/tmux-intray/cmd/tmux-intray/telemetry.go:274.2,274.31 1 1
github.com/cristianoliveira/tmux-intray/cmd/tmux-intray/telemetry.go:274.31,276.17 2 1
github.com/cristianoliveira/tmux-intray/cmd/tmux-intray/telemetry.go:276.17,278.4 1 0
github.com/cristianoliveira/tmux-intray/cmd/tmux-intray/telemetry.go:279.3,279.61 1 1
github.com/cristianoliveira/tmux-intray/cmd/tmux-intray/telemetry.go:279.61,281.4 1 0
github.com/cristianoliveira/tmux-intray/cmd/tmux-intray/telemetry.go:284.2,287.12 3 1
github.com/cristianoliveira/tmux-intray/cmd/tmux-intray/telemetry.go:291.67,307.55 2 1
github.com/cristianoliveira/tmux-intray/cmd/tmux-intray/telemetry.go:307.55,309.4 1 1
github.com/cristianoliveira/tmux-intray/cmd/tmux-intray/telemetry.go:311.2,313.17 2 1
github.com/cristianoliveira/tmux-intray/cmd/tmux-intray/telemetry.go:317.88,321.32 3 1
github.com/cristianoliveira/tmux-intray/cmd/tmux-intray/telemetry.go:321.32,325.3 3 1
github.com/cristianoliveira/tmux-intray/cmd/tmux-intray/telemetry.go:328.2,328.15 1 1
github.com/cristianoliveira/tmux-intray/cmd/tmux-intray/telemetry.go:328.15,330.27 1 0
github.com/cristianoliveira/tmux-intray/cmd/tmux-intray/telemetry.go:330.27,331.32 1 0
github.com/cristianoliveira/tmux-intray/cmd/tmux-intray/telemetry.go:331.32,334.5 2 0
github.com/cristianoliveira/tmux-intray/cmd/tmux-intray/telemetry.go:339.2,340.16 2 1
github.com/cristianoliveira/tmux-intray/cmd/tmux-intray/telemetry.go:340.16,342.3 1 1
github.com/cristianoliveira/tmux-intray/cmd/tmux-intray/telemetry.go:344.2,344.18 1 1
github.com/cristianoliveira/tmux-intray/cmd/tmux-intray/telemetry.go:344.18,346.3 1 1
github.com/cristianoliveira/tmux-intray/cmd/tmux-intray/telemetry.go:346.8,348.3 1 1
github.com/cristianoliveira/tmux-intray/cmd/tmux-intray/telemetry.go:349.2,351.12 2 1
github.com/cristianoliveira/tmux-intray/cmd/tmux-intray/telemetry.go:355.35,359.16 4 0
github.com/cristianoliveira/tmux-intray/cmd/tmux-intray/telemetry.go:359.16,362.3 1 0
github.com/cristianoliveira/tmux-intray/cmd/tmux-intray/telemetry.go:363.2,364.41 2 0
github.com/cristianoliveira/tmux-intray/cmd/tmux-intray/telemetry.go:368.68,379.55 1 1
github.com/cristianoliveira/tmux-intray/cmd/tmux-intray/telemetry.go:379.55,381.4 1 1
github.com/cristianoliveira/tmux-intray/cmd/tmux-intray/telemetry.go:386.79,391.16 4 1
github.com/cristianoliveira/tmux-intray/cmd/tmux-intray/telemetry.go:391.16,393.3 1 1
github.com/cristianoliveira/tmux-intray/cmd/tmux-intray/telemetry.go:396.2,401.28 6 1
github.com/cristianoliveira/tmux-intray/cmd/tmux-intray/telemetry.go:401.28,404.3 2 1
github.com/cristianoliveira/tmux-intray/cmd/tmux-intray/telemetry.go:405.2,405.29 1 1
github.com/cristianoliveira/tmux-intray/cmd/tmux-intray/telemetry.go:405.29,407.3 1 0
github.com/cristianoliveira/tmux-intray/cmd/tmux-intray/telemetry.go:408.2,411.12 3 1
github.com/cristianoliveira/tmux-intray/cmd/tmux-intray/telemetry.go:415.76,420.21 2 1
github.com/cristianoliveira/tmux-intray/cmd/tmux-intray/telemetry.go:420.21,422.3 1 1
github.com/cristianoliveira/tmux-intray/cmd/tmux-intray/telemetry.go:425.2,426.16 2 1
github.com/cristianoliveira/tmux-intray/cmd/tmux-intray/telemetry.go:426.16,428.3 1 1
github.com/cristianoliveira/tmux-intray/cmd/tmux-intray/telemetry.go:430.2,432.21 2 1
github.com/cristianoliveira/tmux-intray/cmd/tmux-intray/telemetry.go:432.21,437.3 2 1
github.com/cristianoliveira/tmux-intray/cmd/tmux-intray/telemetry.go:440.2,442.20 2 1
github.com/cristianoliveira/tmux-intray/cmd/tmux-intray/telemetry.go:446.32,447.7 1 1
github.com/cristianoliveira/tmux-intray/cmd/tmux-intray/telemetry.go:447.7,449.3 1 1
github.com/cristianoliveira/tmux-intray/cmd/tmux-intray/telemetry.go:450.2,450.59 1 1
github.com/cristianoliveira/tmux-intray/cmd/tmux-intray/telemetry.go:456.51,459.2 2 1
github.com/cristianoliveira/tmux-intray/cmd/tmux-intray/telemetry_helper.go:13.51,16.2 2 1
github.com/cristianoliveira/tmux-intray/cmd/tmux-intray/telemetry_helper.go:19.94,22.2 2 1
github.com/cristianoliveira/tmux-intray/cmd/tmux-intray/telemetry_helper.go:25.43,26.20 1 1
github.com/cristianoliveira/tmux-intray/cmd/tmux-intray/telemetry_helper.go:26.20,28.3 1 1
github.com/cristianoliveira/tmux-intray/cmd/tmux-intray/telemetry_helper.go:30.2,65.33 4 1
github.com/cristianoliveira/tmux-intray/cmd/tmux-intray/telemetry_helper.go:65.33,68.87 2 1
github.com/cristianoliveira/tmux-intray/cmd/tmux-intray/telemetry_helper.go:68.87,71.61 2 0
github.com/cristianoliveira/tmux-intray/cmd/tmux-intray/telemetry_helper.go:71.61,75.30 3 0
github.com/cristianoliveira/tmux-intray/cmd/tmux-intray/telemetry_helper.go:75.30,77.6 1 0
github.com/cristianoliveira/tmux-intray/cmd/tmux-intray/telemetry_helper.go:77.11,77.35 1 0
github.com/cristianoliveira/tmux-intray/cmd/tmux-intray/telemetry_helper.go:77.35,79.6 1 0
github.com/cristianoliveira/tmux-intray/cmd/tmux-intray/telemetry_helper.go:79.11,81.6 1 0
github.com/cristianoliveira/tmux-intray/cmd/tmux-intray/telemetry_helper.go:82.5,82.8 1 0
github.com/cristianoliveira/tmux-intray/cmd/tmux-intray/telemetry_helper.go:84.9,85.17 1 1
github.com/cristianoliveira/tmux-intray/cmd/tmux-intray/telemetry_helper.go:85.17,87.5 1 0
github.com/cristianoliveira/tmux-intray/cmd/tmux-intray/telemetry_helper.go:87.10,87.29 1 1
github.com/cristianoliveira/tmux-intray/cmd/tmux-intray/telemetry_helper.go:87.29,89.5 1 0
github.com/cristianoliveira/tmux-intray/cmd/tmux-intray/telemetry_helper.go:89.10,89.43 1 1
github.com/cristianoliveira/tmux-intray/cmd/tmux-intray/telemetry_helper.go:89.43,91.5 1 0
github.com/cristianoliveira/tmux-intray/cmd/tmux-intray/telemetry_helper.go:91.10,93.5 1 1
github.com/cristianoliveira/tmux-intray/cmd/tmux-intray/telemetry_helper.go:97.2,97.18 1 1
github.com/cristianoliveira/tmux-intray/cmd/tmux-intray/telemetry_helper.go:101.31,102.17 1 0
github.com/cristianoliveira/tmux-intray/cmd/tmux-intray/telemetry_helper.go:102.17,104.3 1 0
github.com/cristianoliveira/tmux-intray/cmd/tmux-intray/telemetry_helper.go:105.2,105.35 1 0
github.com/cristianoliveira/tmux-intray/cmd/tmux-intray/tui.go:23.49,24.19 1 1
github.com/cristianoliveira/tmux-intray/cmd/tmux-intray/tui.go:24.19,25.54 1 0
github.com/cristianoliveira/tmux-intray/cmd/tmux-intray/tui.go:28.2,48.55 1 1
github.com/cristianoliveira/tmux-intray/cmd/tmux-intray/tui.go:48.55,54.18 3 0
github.com/cristianoliveira/tmux-intray/cmd/tmux-intray/tui.go:54.18,57.5 2 0
github.com/cristianoliveira/tmux-intray/cmd/tmux-intray/tui.go:58.4,62.18 3 0
github.com/cristianoliveira/tmux-intray/cmd/tmux-intray/tui.go:62.18,65.5 2 0
github.com/cristianoliveira/tmux-intray/cmd/tmux-intray/tui.go:68.4,72.46 3 0
github.com/cristianoliveira/tmux-intray/cmd/tmux-intray/tui.go:72.46,75.5 1 0
github.com/cristianoliveira/tmux-intray/cmd/tmux-intray/tui.go:76.4,79.35 2 0
github.com/cristianoliveira/tmux-intray/internal/storage/sqlite/cleanup.go:15.87,16.23 1 1
github.com/cristianoliveira/tmux-intray/internal/storage/sqlite/cleanup.go:16.23,18.3 1 0
github.com/cristianoliveira/tmux-intray/internal/storage/sqlite/cleanup.go:19.2,25.57 3 1
github.com/cristianoliveira/tmux-intray/internal/storage/sqlite/cleanup.go:25.57,27.3 1 0
github.com/cristianoliveira/tmux-intray/internal/storage/sqlite/cleanup.go:29.2,30.24 2 1
github.com/cristianoliveira/tmux-intray/internal/storage/sqlite/cleanup.go:30.24,32.3 1 0
github.com/cristianoliveira/tmux-intray/internal/storage/sqlite/cleanup.go:34.2,35.16 2 1
github.com/cristianoliveira/tmux-intray/internal/storage/sqlite/cleanup.go:35.16,37.3 1 0
github.com/cristianoliveira/tmux-intray/internal/storage/sqlite/cleanup.go:38.2,38.23 1 1
github.com/cristianoliveira/tmux-intray/internal/storage/sqlite/cleanup.go:38.23,40.63 2 0
github.com/cristianoliveira/tmux-intray/internal/storage/sqlite/cleanup.go:40.63,42.4 1 0
github.com/cristianoliveira/tmux-intray/internal/storage/sqlite/cleanup.go:43.3,43.13 1 0
github.com/cristianoliveira/tmux-intray/internal/storage/sqlite/cleanup.go:46.2,46.12 1 1
github.com/cristianoliveira/tmux-intray/internal/storage/sqlite/cleanup.go:46.12,48.63 2 1
github.com/cristianoliveira/tmux-intray/internal/storage/sqlite/cleanup.go:48.63,50.4 1 0
github.com/cristianoliveira/tmux-intray/internal/storage/sqlite/cleanup.go:51.3,51.13 1 1
github.com/cristianoliveira/tmux-intray/internal/storage/sqlite/cleanup.go:54.2,55.24 2 1
github.com/cristianoliveira/tmux-intray/internal/storage/sqlite/cleanup.go:55.24,57.3 1 0
github.com/cristianoliveira/tmux-intray/internal/storage/sqlite/cleanup.go:59.2,59.96 1 1
github.com/cristianoliveira/tmux-intray/internal/storage/sqlite/cleanup.go:59.96,61.3 1 0
github.com/cristianoliveira/tmux-intray/internal/storage/sqlite/cleanup.go:62.2,63.62 2 1
github.com/cristianoliveira/tmux-intray/internal/storage/sqlite/cleanup.go:63.62,65.3 1 0
github.com/cristianoliveira/tmux-intray/internal/storage/sqlite/cleanup.go:67.2,67.12 1 1
github.com/cristianoliveira/tmux-intray/internal/storage/sqlite/dismiss.go:17.62,19.16 2 1
github.com/cristianoliveira/tmux-intray/internal/storage/sqlite/dismiss.go:19.16,21.3 1 0
github.com/cristianoliveira/tmux-intray/internal/storage/sqlite/dismiss.go:22.2,23.16 2 1
github.com/cristianoliveira/tmux-intray/internal/storage/sqlite/dismiss.go:23.16,25.3 1 1
github.com/cristianoliveira/tmux-intray/internal/storage/sqlite/dismiss.go:26.2,26.39 1 1
github.com/cristianoliveira/tmux-intray/internal/storage/sqlite/dismiss.go:26.39,28.3 1 1
github.com/cristianoliveira/tmux-intray/internal/storage/sqlite/dismiss.go:29.2,29.66 1 1
github.com/cristianoliveira/tmux-intray/internal/storage/sqlite/dismiss.go:29.66,31.3 1 0
github.com/cristianoliveira/tmux-intray/internal/storage/sqlite/dismiss.go:32.2,33.12 2 1
github.com/cristianoliveira/tmux-intray/internal/storage/sqlite/dismiss.go:37.88,49.61 2 1
github.com/cristianoliveira/tmux-intray/internal/storage/sqlite/dismiss.go:49.61,51.3 1 0
github.com/cristianoliveira/tmux-intray/internal/storage/sqlite/dismiss.go:52.2,55.17 1 1
github.com/cristianoliveira/tmux-intray/internal/storage/sqlite/dismiss.go:55.17,57.3 1 0
github.com/cristianoliveira/tmux-intray/internal/storage/sqlite/dismiss.go:58.2,58.62 1 1
github.com/cristianoliveira/tmux-intray/internal/storage/sqlite/dismiss.go:58.62,60.3 1 0
github.com/cristianoliveira/tmux-intray/internal/storage/sqlite/dismiss.go:61.2,61.12 1 1
github.com/cristianoliveira/tmux-intray/internal/storage/sqlite/dismiss.go:65.44,66.47 1 1
github.com/cristianoliveira/tmux-intray/internal/storage/sqlite/dismiss.go:66.47,68.3 1 0
github.com/cristianoliveira/tmux-intray/internal/storage/sqlite/dismiss.go:69.2,70.16 2 1
github.com/cristianoliveira/tmux-intray/internal/storage/sqlite/dismiss.go:70.16,72.3 1 0
github.com/cristianoliveira/tmux-intray/internal/storage/sqlite/dismiss.go:73.2,73.51 1 1
github.com/cristianoliveira/tmux-intray/internal/storage/sqlite/dismiss.go:73.51,74.67 1 1
github.com/cristianoliveira/tmux-intray/internal/storage/sqlite/dismiss.go:74.67,76.4 1 0
github.com/cristianoliveira/tmux-intray/internal/storage/sqlite/dismiss.go:78.2,79.12 2 1
github.com/cristianoliveira/tmux-intray/internal/storage/sqlite/dismiss.go:84.77,87.16 2 1
github.com/cristianoliveira/tmux-intray/internal/storage/sqlite/dismiss.go:87.16,89.3 1 0
github.com/cristianoliveira/tmux-intray/internal/storage/sqlite/dismiss.go:91.2,91.35 1 1
github.com/cristianoliveira/tmux-intray/internal/storage/sqlite/dismiss.go:91.35,93.3 1 1
github.com/cristianoliveira/tmux-intray/internal/storage/sqlite/dismiss.go:96.2,96.51 1 1
github.com/cristianoliveira/tmux-intray/internal/storage/sqlite/dismiss.go:96.51,97.67 1 1
github.com/cristianoliveira/tmux-intray/internal/storage/sqlite/dismiss.go:97.67,99.4 1 0
github.com/cristianoliveira/tmux-intray/internal/storage/sqlite/dismiss.go:102.2,103.12 2 1
github.com/cristianoliveira/tmux-intray/internal/storage/sqlite/dismiss.go:118.136,130.2 1 1
github.com/cristianoliveira/tmux-intray/internal/storage/sqlite/dismiss.go:132.85,134.16 2 1
github.com/cristianoliveira/tmux-intray/internal/storage/sqlite/dismiss.go:134.16,135.36 1 1
github.com/cristianoliveira/tmux-intray/internal/storage/sqlite/dismiss.go:135.36,137.4 1 1
github.com/cristianoliveira/tmux-intray/internal/storage/sqlite/dismiss.go:138.3,138.89 1 0
github.com/cristianoliveira/tmux-intray/internal/storage/sqlite/dismiss.go:141.2,151.8 1 1
github.com/cristianoliveira/tmux-intray/internal/storage/sqlite/dismiss.go:154.87,156.16 2 1
github.com/cristianoliveira/tmux-intray/internal/storage/sqlite/dismiss.go:156.16,158.3 1 0
github.com/cristianoliveira/tmux-intray/internal/storage/sqlite/dismiss.go:160.2,161.27 2 1
github.com/cristianoliveira/tmux-intray/internal/storage/sqlite/dismiss.go:161.27,173.3 1 1
github.com/cristianoliveira/tmux-intray/internal/storage/sqlite/dismiss.go:175.2,175.27 1 1
github.com/cristianoliveira/tmux-intray/internal/storage/sqlite/dismiss.go:179.115,182.16 2 1
github.com/cristianoliveira/tmux-intray/internal/storage/sqlite/dismiss.go:182.16,184.3 1 0
github.com/cristianoliveira/tmux-intray/internal/storage/sqlite/dismiss.go:187.2,188.30 2 1
github.com/cristianoliveira/tmux-intray/internal/storage/sqlite/dismiss.go:188.30,190.46 1 1
github.com/cristianoliveira/tmux-intray/internal/storage/sqlite/dismiss.go:190.46,191.12 1 1
github.com/cristianoliveira/tmux-intray/internal/storage/sqlite/dismiss.go:193.3,193.43 1 1
github.com/cristianoliveira/tmux-intray/internal/storage/sqlite/dismiss.go:193.43,194.12 1 1
github.com/cristianoliveira/tmux-intray/internal/storage/sqlite/dismiss.go:196.3,196.37 1 1
github.com/cristianoliveira/tmux-intray/internal/storage/sqlite/dismiss.go:196.37,197.12 1 1
github.com/cristianoliveira/tmux-intray/internal/storage/sqlite/dismiss.go:200.3,210.5 1 1
github.com/cristianoliveira/tmux-intray/internal/storage/sqlite/dismiss.go:213.2,213.27 1 1
github.com/cristianoliveira/tmux-intray/internal/storage/sqlite/read.go:14.63,16.2 1 1
github.com/cristianoliveira/tmux-intray/internal/storage/sqlite/read.go:19.65,21.2 1 1
github.com/cristianoliveira/tmux-intray/internal/storage/sqlite/read.go:24.87,26.2 1 0
github.com/cristianoliveira/tmux-intray/internal/storage/sqlite/read.go:29.89,31.2 1 0
github.com/cristianoliveira/tmux-intray/internal/storage/sqlite/read.go:33.83,35.16 2 1
github.com/cristianoliveira/tmux-intray/internal/storage/sqlite/read.go:35.16,37.3 1 1
github.com/cristianoliveira/tmux-intray/internal/storage/sqlite/read.go:39.2,44.16 2 1
github.com/cristianoliveira/tmux-intray/internal/storage/sqlite/read.go:44.16,46.3 1 0
github.com/cristianoliveira/tmux-intray/internal/storage/sqlite/read.go:48.2,49.16 2 1
github.com/cristianoliveira/tmux-intray/internal/storage/sqlite/read.go:49.16,51.3 1 0
github.com/cristianoliveira/tmux-intray/internal/storage/sqlite/read.go:52.2,52.19 1 1
github.com/cristianoliveira/tmux-intray/internal/storage/sqlite/read.go:52.19,54.3 1 0
github.com/cristianoliveira/tmux-intray/internal/storage/sqlite/read.go:56.2,56.12 1 1
github.com/cristianoliveira/tmux-intray/internal/storage/sqlite/retention.go:25.33,29.28 3 1
github.com/cristianoliveira/tmux-intray/internal/storage/sqlite/retention.go:29.28,32.3 1 1
github.com/cristianoliveira/tmux-intray/internal/storage/sqlite/retention.go:34.2,34.35 1 1
github.com/cristianoliveira/tmux-intray/internal/storage/sqlite/retention.go:38.29,42.2 3 1
github.com/cristianoliveira/tmux-intray/internal/storage/sqlite/storage.go:29.62,30.37 1 1
github.com/cristianoliveira/tmux-intray/internal/storage/sqlite/storage.go:30.37,32.3 1 0
github.com/cristianoliveira/tmux-intray/internal/storage/sqlite/storage.go:34.2,34.65 1 1
github.com/cristianoliveira/tmux-intray/internal/storage/sqlite/storage.go:34.65,36.3 1 0
github.com/cristianoliveira/tmux-intray/internal/storage/sqlite/storage.go:38.2,39.16 2 1
github.com/cristianoliveira/tmux-intray/internal/storage/sqlite/storage.go:39.16,41.3 1 0
github.com/cristianoliveira/tmux-intray/internal/storage/sqlite/storage.go:43.2,44.39 2 1
github.com/cristianoliveira/tmux-intray/internal/storage/sqlite/storage.go:44.39,47.3 2 0
github.com/cristianoliveira/tmux-intray/internal/storage/sqlite/storage.go:49.2,49.21 1 1
github.com/cristianoliveira/tmux-intray/internal/storage/sqlite/storage.go:53.39,54.29 1 1
github.com/cristianoliveira/tmux-intray/internal/storage/sqlite/storage.go:54.29,56.3 1 0
github.com/cristianoliveira/tmux-intray/internal/storage/sqlite/storage.go:57.2,57.21 1 1
github.com/cristianoliveira/tmux-intray/internal/storage/sqlite/storage.go:62.48,64.16 2 1
github.com/cristianoliveira/tmux-intray/internal/storage/sqlite/storage.go:64.16,66.3 1 0
github.com/cristianoliveira/tmux-intray/internal/storage/sqlite/storage.go:67.2,67.12 1 1
github.com/cristianoliveira/tmux-intray/internal/storage/sqlite/storage.go:70.38,71.67 1 1
github.com/cristianoliveira/tmux-intray/internal/storage/sqlite/storage.go:71.67,73.3 1 0
github.com/cristianoliveira/tmux-intray/internal/storage/sqlite/storage.go:75.2,75.48 1 1
github.com/cristianoliveira/tmux-intray/internal/storage/sqlite/storage.go:75.48,77.3 1 0
github.com/cristianoliveira/tmux-intray/internal/storage/sqlite/storage.go:79.2,79.12 1 1
github.com/cristianoliveira/tmux-intray/internal/storage/sqlite/storage.go:83.127,84.101 1 1
github.com/cristianoliveira/tmux-intray/internal/storage/sqlite/storage.go:84.101,86.3 1 1
github.com/cristianoliveira/tmux-intray/internal/storage/sqlite/storage.go:87.2,87.21 1 1
github.com/cristianoliveira/tmux-intray/internal/storage/sqlite/storage.go:87.21,89.3 1 1
github.com/cristianoliveira/tmux-intray/internal/storage/sqlite/storage.go:90.2,91.16 2 1
github.com/cristianoliveira/tmux-intray/internal/storage/sqlite/storage.go:91.16,93.3 1 0
github.com/cristianoliveira/tmux-intray/internal/storage/sqlite/storage.go:94.2,96.57 3 1
github.com/cristianoliveira/tmux-intray/internal/storage/sqlite/storage.go:96.57,98.3 1 0
github.com/cristianoliveira/tmux-intray/internal/storage/sqlite/storage.go:100.2,112.16 3 1
github.com/cristianoliveira/tmux-intray/internal/storage/sqlite/storage.go:112.16,114.3 1 0
github.com/cristianoliveira/tmux-intray/internal/storage/sqlite/storage.go:115.2,116.58 2 1
github.com/cristianoliveira/tmux-intray/internal/storage/sqlite/storage.go:116.58,118.3 1 0
github.com/cristianoliveira/tmux-intray/internal/storage/sqlite/storage.go:120.2,120.39 1 1
github.com/cristianoliveira/tmux-intray/internal/storage/sqlite/storage.go:124.179,125.103 1 1
github.com/cristianoliveira/tmux-intray/internal/storage/sqlite/storage.go:125.103,127.3 1 1
github.com/cristianoliveira/tmux-intray/internal/storage/sqlite/storage.go:129.2,139.16 2 1
github.com/cristianoliveira/tmux-intray/internal/storage/sqlite/storage.go:139.16,141.3 1 0
github.com/cristianoliveira/tmux-intray/internal/storage/sqlite/storage.go:143.2,144.27 2 1
github.com/cristianoliveira/tmux-intray/internal/storage/sqlite/storage.go:144.27,157.3 1 1
github.com/cristianoliveira/tmux-intray/internal/storage/sqlite/storage.go:159.2,159.39 1 1
github.com/cristianoliveira/tmux-intray/internal/storage/sqlite/storage.go:163.72,165.16 2 1
github.com/cristianoliveira/tmux-intray/internal/storage/sqlite/storage.go:165.16,167.3 1 0
github.com/cristianoliveira/tmux-intray/internal/storage/sqlite/storage.go:169.2,170.16 2 1
github.com/cristianoliveira/tmux-intray/internal/storage/sqlite/storage.go:170.16,171.36 1 1
github.com/cristianoliveira/tmux-intray/internal/storage/sqlite/storage.go:171.36,173.4 1 1
github.com/cristianoliveira/tmux-intray/internal/storage/sqlite/storage.go:174.3,174.69 1 0
github.com/cristianoliveira/tmux-intray/internal/storage/sqlite/storage.go:177.2,188.8 1 1
github.com/cristianoliveira/tmux-intray/internal/storage/sqlite/storage.go:192.46,194.16 2 1
github.com/cristianoliveira/tmux-intray/internal/storage/sqlite/storage.go:194.16,196.3 1 0
github.com/cristianoliveira/tmux-intray/internal/storage/sqlite/storage.go:197.2,197.19 1 1
github.com/cristianoliveira/tmux-intray/internal/storage/sqlite/storage.go:200.96,201.38 1 1
github.com/cristianoliveira/tmux-intray/internal/storage/sqlite/storage.go:201.38,203.3 1 1
github.com/cristianoliveira/tmux-intray/internal/storage/sqlite/storage.go:204.2,204.17 1 1
github.com/cristianoliveira/tmux-intray/internal/storage/sqlite/storage.go:204.17,206.3 1 0
github.com/cristianoliveira/tmux-intray/internal/storage/sqlite/storage.go:207.2,207.25 1 1
github.com/cristianoliveira/tmux-intray/internal/storage/sqlite/storage.go:207.25,209.3 1 0
github.com/cristianoliveira/tmux-intray/internal/storage/sqlite/storage.go:210.2,210.21 1 1
github.com/cristianoliveira/tmux-intray/internal/storage/sqlite/storage.go:210.21,211.64 1 1
github.com/cristianoliveira/tmux-intray/internal/storage/sqlite/storage.go:211.64,213.4 1 0
github.com/cristianoliveira/tmux-intray/internal/storage/sqlite/storage.go:215.2,215.55 1 1
github.com/cristianoliveira/tmux-intray/internal/storage/sqlite/storage.go:215.55,217.3 1 0
github.com/cristianoliveira/tmux-intray/internal/storage/sqlite/storage.go:218.2,218.53 1 1
github.com/cristianoliveira/tmux-intray/internal/storage/sqlite/storage.go:218.53,220.3 1 0
github.com/cristianoliveira/tmux-intray/internal/storage/sqlite/storage.go:221.2,221.49 1 1
github.com/cristianoliveira/tmux-intray/internal/storage/sqlite/storage.go:221.49,223.3 1 0
github.com/cristianoliveira/tmux-intray/internal/storage/sqlite/storage.go:225.2,225.12 1 1
github.com/cristianoliveira/tmux-intray/internal/storage/sqlite/storage.go:228.98,229.52 1 1
github.com/cristianoliveira/tmux-intray/internal/storage/sqlite/storage.go:229.52,231.3 1 1
github.com/cristianoliveira/tmux-intray/internal/storage/sqlite/storage.go:232.2,232.52 1 1
github.com/cristianoliveira/tmux-intray/internal/storage/sqlite/storage.go:232.52,234.3 1 0
github.com/cristianoliveira/tmux-intray/internal/storage/sqlite/storage.go:235.2,235.27 1 1
github.com/cristianoliveira/tmux-intray/internal/storage/sqlite/storage.go:235.27,236.70 1 1
github.com/cristianoliveira/tmux-intray/internal/storage/sqlite/storage.go:236.70,238.4 1 0
github.com/cristianoliveira/tmux-intray/internal/storage/sqlite/storage.go:240.2,240.27 1 1
github.com/cristianoliveira/tmux-intray/internal/storage/sqlite/storage.go:240.27,241.70 1 0
github.com/cristianoliveira/tmux-intray/internal/storage/sqlite/storage.go:241.70,243.4 1 0
github.com/cristianoliveira/tmux-intray/internal/storage/sqlite/storage.go:245.2,245.12 1 1
github.com/cristianoliveira/tmux-intray/internal/storage/sqlite/storage.go:248.138,262.2 1 1
github.com/cristianoliveira/tmux-intray/internal/storage/sqlite/storage.go:264.40,266.14 2 1
github.com/cristianoliveira/tmux-intray/internal/storage/sqlite/storage.go:266.14,268.3 1 0
github.com/cristianoliveira/tmux-intray/internal/storage/sqlite/storage.go:269.2,270.30 2 1
github.com/cristianoliveira/tmux-intray/internal/storage/sqlite/storage.go:270.30,272.3 1 1
github.com/cristianoliveira/tmux-intray/internal/storage/sqlite/storage.go:273.2,273.19 1 1
github.com/cristianoliveira/tmux-intray/internal/storage/sqlite/storage.go:276.61,278.16 2 1
github.com/cristianoliveira/tmux-intray/internal/storage/sqlite/storage.go:278.16,280.3 1 0
github.com/cristianoliveira/tmux-intray/internal/storage/sqlite/storage.go:281.2,281.16 1 1
github.com/cristianoliveira/tmux-intray/internal/storage/sqlite/storage.go:284.39,289.2 4 1
github.com/cristianoliveira/tmux-intray/internal/storage/sqlite/storage.go:291.22,293.2 1 1
github.com/cristianoliveira/tmux-intray/internal/storage/sqlite/telemetry.go:20.110,21.102 1 1
github.com/cristianoliveira/tmux-intray/internal/storage/sqlite/telemetry.go:21.102,23.3 1 1
github.com/cristianoliveira/tmux-intray/internal/storage/sqlite/telemetry.go:24.2,24.21 1 1
github.com/cristianoliveira/tmux-intray/internal/storage/sqlite/telemetry.go:24.21,26.3 1 1
github.com/cristianoliveira/tmux-intray/internal/storage/sqlite/telemetry.go:27.2,28.16 2 1
github.com/cristianoliveira/tmux-intray/internal/storage/sqlite/telemetry.go:28.16,30.3 1 0
github.com/cristianoliveira/tmux-intray/internal/storage/sqlite/telemetry.go:32.2,39.16 2 1
github.com/cristianoliveira/tmux-intray/internal/storage/sqlite/telemetry.go:39.16,41.3 1 0
github.com/cristianoliveira/tmux-intray/internal/storage/sqlite/telemetry.go:43.2,43.12 1 1
github.com/cristianoliveira/tmux-intray/internal/storage/sqlite/telemetry.go:48.101,49.21 1 1
github.com/cristianoliveira/tmux-intray/internal/storage/sqlite/telemetry.go:49.21,50.64 1 1
github.com/cristianoliveira/tmux-intray/internal/storage/sqlite/telemetry.go:50.64,52.4 1 1
github.com/cristianoliveira/tmux-intray/internal/storage/sqlite/telemetry.go:54.2,54.19 1 1
github.com/cristianoliveira/tmux-intray/internal/storage/sqlite/telemetry.go:54.19,55.62 1 1
github.com/cristianoliveira/tmux-intray/internal/storage/sqlite/telemetry.go:55.62,57.4 1 1
github.com/cristianoliveira/tmux-intray/internal/storage/sqlite/telemetry.go:60.2,64.16 2 1
github.com/cristianoliveira/tmux-intray/internal/storage/sqlite/telemetry.go:64.16,66.3 1 0
github.com/cristianoliveira/tmux-intray/internal/storage/sqlite/telemetry.go:68.2,69.27 2 1
github.com/cristianoliveira/tmux-intray/internal/storage/sqlite/telemetry.go:69.27,77.3 1 1
github.com/cristianoliveira/tmux-intray/internal/storage/sqlite/telemetry.go:79.2,79.20 1 1
github.com/cristianoliveira/tmux-intray/internal/storage/sqlite/telemetry.go:83.76,84.23 1 1
github.com/cristianoliveira/tmux-intray/internal/storage/sqlite/telemetry.go:84.23,86.3 1 1
github.com/cristianoliveira/tmux-intray/internal/storage/sqlite/telemetry.go:88.2,89.16 2 1
github.com/cristianoliveira/tmux-intray/internal/storage/sqlite/telemetry.go:89.16,91.3 1 0
github.com/cristianoliveira/tmux-intray/internal/storage/sqlite/telemetry.go:93.2,93.19 1 1
github.com/cristianoliveira/tmux-intray/internal/storage/sqlite/telemetry.go:97.66,99.16 2 1
github.com/cristianoliveira/tmux-intray/internal/storage/sqlite/telemetry.go:99.16,101.3 1 0
github.com/cristianoliveira/tmux-intray/internal/storage/sqlite/telemetry.go:103.2,104.27 2 1
github.com/cristianoliveira/tmux-intray/internal/storage/sqlite/telemetry.go:104.27,110.3 1 1
github.com/cristianoliveira/tmux-intray/internal/storage/sqlite/telemetry.go:112.2,112.19 1 1
github.com/cristianoliveira/tmux-intray/internal/storage/sqlite/telemetry.go:117.80,118.23 1 1
github.com/cristianoliveira/tmux-intray/internal/storage/sqlite/telemetry.go:118.23,120.3 1 1
github.com/cristianoliveira/tmux-intray/internal/storage/sqlite/telemetry.go:121.2,125.16 3 1
github.com/cristianoliveira/tmux-intray/internal/storage/sqlite/telemetry.go:125.16,127.3 1 0
github.com/cristianoliveira/tmux-intray/internal/storage/sqlite/telemetry.go:129.2,129.16 1 1
github.com/cristianoliveira/tmux-intray/internal/storage/sqlite/telemetry.go:129.16,131.3 1 1
github.com/cristianoliveira/tmux-intray/internal/storage/sqlite/telemetry.go:134.2,134.95 1 1
github.com/cristianoliveira/tmux-intray/internal/storage/sqlite/telemetry.go:134.95,136.3 1 0
github.com/cristianoliveira/tmux-intray/internal/storage/sqlite/telemetry.go:138.2,138.19 1 1
github.com/cristianoliveira/tmux-intray/internal/storage/sqlite/telemetry.go:144.52,148.2 1 1
github.com/cristianoliveira/tmux-intray/internal/storage/sqlite/telemetry.go:152.65,156.23 2 1
github.com/cristianoliveira/tmux-intray/internal/storage/sqlite/telemetry.go:156.23,159.3 1 0
github.com/cristianoliveira/tmux-intray/internal/storage/sqlite/telemetry.go:160.2,160.46 1 1
github.com/cristianoliveira/tmux-intray/internal/storage/sqlite/telemetry.go:165.29,167.2 1 1
github.com/cristianoliveira/tmux-intray/internal/storage/sqlite/telemetry.go:169.97,170.23 1 1
github.com/cristianoliveira/tmux-intray/internal/storage/sqlite/telemetry.go:170.23,172.3 1 1
github.com/cristianoliveira/tmux-intray/internal/storage/sqlite/telemetry.go:173.2,173.27 1 1
github.com/cristianoliveira/tmux-intray/internal/storage/sqlite/telemetry.go:173.27,175.3 1 0
github.com/cristianoliveira/tmux-intray/internal/storage/sqlite/telemetry.go:176.2,176.46 1 1
github.com/cristianoliveira/tmux-intray/internal/storage/sqlite/telemetry.go:176.46,178.3 1 1
github.com/cristianoliveira/tmux-intray/internal/storage/sqlite/telemetry.go:179.2,179.21 1 1
github.com/cristianoliveira/tmux-intray/internal/storage/sqlite/telemetry.go:179.21,180.64 1 1
github.com/cristianoliveira/tmux-intray/internal/storage/sqlite/telemetry.go:180.64,182.4 1 0
github.com/cristianoliveira/tmux-intray/internal/storage/sqlite/telemetry.go:184.2,184.23 1 1
github.com/cristianoliveira/tmux-intray/internal/storage/sqlite/telemetry.go:184.23,187.3 1 0
github.com/cristianoliveira/tmux-intray/internal/storage/sqlite/telemetry.go:188.2,188.12 1 1
github.com/cristianoliveira/tmux-intray/internal/storage/sqlite/telemetry.go:191.63,193.16 2 1
github.com/cristianoliveira/tmux-intray/internal/storage/sqlite/telemetry.go:193.16,195.3 1 0
github.com/cristianoliveira/tmux-intray/internal/storage/sqlite/telemetry.go:196.2,196.16 1 1
github.com/cristianoliveira/tmux-intray/internal/storage/sqlite/tmux.go:15.55,17.2 1 1
github.com/cristianoliveira/tmux-intray/internal/storage/sqlite/tmux.go:19.70,21.2 1 0
github.com/cristianoliveira/tmux-intray/internal/storage/sqlite/tmux.go:26.50,27.19 1 1
github.com/cristianoliveira/tmux-intray/internal/storage/sqlite/tmux.go:27.19,29.3 1 0
github.com/cristianoliveira/tmux-intray/internal/storage/sqlite/tmux.go:30.2,30.21 1 1
github.com/cristianoliveira/tmux-intray/internal/storage/sqlite/tmux.go:33.48,34.69 1 1
github.com/cristianoliveira/tmux-intray/internal/storage/sqlite/tmux.go:34.69,36.3 1 1
github.com/cristianoliveira/tmux-intray/internal/storage/sqlite/tmux.go:39.65,41.16 2 1
github.com/cristianoliveira/tmux-intray/internal/storage/sqlite/tmux.go:41.16,43.3 1 0
github.com/cristianoliveira/tmux-intray/internal/storage/sqlite/tmux.go:44.2,44.14 1 1
github.com/cristianoliveira/tmux-intray/internal/storage/sqlite/tmux.go:44.14,46.3 1 1
github.com/cristianoliveira/tmux-intray/internal/storage/sqlite/tmux.go:47.2,47.106 1 1
github.com/cristianoliveira/tmux-intray/internal/storage/sqlite/tmux.go:47.106,49.3 1 0
github.com/cristianoliveira/tmux-intray/internal/storage/sqlite/tmux.go:50.2,50.12 1 1
