mode: set
github.com/cristianoliveira/tmux-intray/cmd/tmux-intray/add.go:21.49,22.19 1 1
github.com/cristianoliveira/tmux-intray/cmd/tmux-intray/add.go:22.19,23.54 1 1
github.com/cristianoliveira/tmux-intray/cmd/tmux-intray/add.go:26.2,52.55 7 1
github.com/cristianoliveira/tmux-intray/cmd/tmux-intray/add.go:52.55,53.22 1 1
github.com/cristianoliveira/tmux-intray/cmd/tmux-intray/add.go:53.22,56.5 2 1
github.com/cristianoliveira/tmux-intray/cmd/tmux-intray/add.go:57.4,57.14 1 1
github.com/cristianoliveira/tmux-intray/cmd/tmux-intray/add.go:59.55,67.59 5 1
github.com/cristianoliveira/tmux-intray/cmd/tmux-intray/add.go:67.59,68.28 1 1
github.com/cristianoliveira/tmux-intray/cmd/tmux-intray/add.go:68.28,71.6 2 1
github.com/cristianoliveira/tmux-intray/cmd/tmux-intray/add.go:71.11,73.6 1 1
github.com/cristianoliveira/tmux-intray/cmd/tmux-intray/add.go:77.4,80.51 2 1
github.com/cristianoliveira/tmux-intray/cmd/tmux-intray/add.go:80.51,82.5 1 1
github.com/cristianoliveira/tmux-intray/cmd/tmux-intray/add.go:85.4,89.19 3 1
github.com/cristianoliveira/tmux-intray/cmd/tmux-intray/add.go:89.19,91.5 1 1
github.com/cristianoliveira/tmux-intray/cmd/tmux-intray/add.go:99.4,100.18 2 1
github.com/cristianoliveira/tmux-intray/cmd/tmux-intray/add.go:100.18,102.5 1 1
github.com/cristianoliveira/tmux-intray/cmd/tmux-intray/add.go:104.4,105.14 2 1
github.com/cristianoliveira/tmux-intray/cmd/tmux-intray/add.go:109.2,116.15 7 1
github.com/cristianoliveira/tmux-intray/cmd/tmux-intray/add.go:122.13,124.2 1 1
github.com/cristianoliveira/tmux-intray/cmd/tmux-intray/add.go:127.44,129.25 1 1
github.com/cristianoliveira/tmux-intray/cmd/tmux-intray/add.go:129.25,131.3 1 1
github.com/cristianoliveira/tmux-intray/cmd/tmux-intray/add.go:133.2,134.19 2 1
github.com/cristianoliveira/tmux-intray/cmd/tmux-intray/add.go:134.19,136.3 1 1
github.com/cristianoliveira/tmux-intray/cmd/tmux-intray/add.go:137.2,137.12 1 1
github.com/cristianoliveira/tmux-intray/cmd/tmux-intray/cleanup.go:21.57,22.19 1 1
github.com/cristianoliveira/tmux-intray/cmd/tmux-intray/cleanup.go:22.19,23.58 1 1
github.com/cristianoliveira/tmux-intray/cmd/tmux-intray/cleanup.go:26.2,37.55 3 1
github.com/cristianoliveira/tmux-intray/cmd/tmux-intray/cleanup.go:37.55,41.35 2 1
github.com/cristianoliveira/tmux-intray/cmd/tmux-intray/cleanup.go:41.35,43.5 1 1
github.com/cristianoliveira/tmux-intray/cmd/tmux-intray/cleanup.go:46.4,47.17 2 1
github.com/cristianoliveira/tmux-intray/cmd/tmux-intray/cleanup.go:47.17,49.5 1 1
github.com/cristianoliveira/tmux-intray/cmd/tmux-intray/cleanup.go:51.4,51.17 1 1
github.com/cristianoliveira/tmux-intray/cmd/tmux-intray/cleanup.go:51.17,53.5 1 1
github.com/cristianoliveira/tmux-intray/cmd/tmux-intray/cleanup.go:55.4,58.18 3 1
github.com/cristianoliveira/tmux-intray/cmd/tmux-intray/cleanup.go:58.18,60.5 1 1
github.com/cristianoliveira/tmux-intray/cmd/tmux-intray/cleanup.go:62.4,63.14 2 1
github.com/cristianoliveira/tmux-intray/cmd/tmux-intray/cleanup.go:68.2,71.19 3 1
github.com/cristianoliveira/tmux-intray/cmd/tmux-intray/cleanup.go:77.13,79.2 1 1
github.com/cristianoliveira/tmux-intray/cmd/tmux-intray/clear.go:22.53,23.19 1 1
github.com/cristianoliveira/tmux-intray/cmd/tmux-intray/clear.go:23.19,24.56 1 1
github.com/cristianoliveira/tmux-intray/cmd/tmux-intray/clear.go:27.2,45.55 1 1
github.com/cristianoliveira/tmux-intray/cmd/tmux-intray/clear.go:45.55,47.27 1 1
github.com/cristianoliveira/tmux-intray/cmd/tmux-intray/clear.go:47.27,50.19 2 1
github.com/cristianoliveira/tmux-intray/cmd/tmux-intray/clear.go:50.19,52.6 1 1
github.com/cristianoliveira/tmux-intray/cmd/tmux-intray/clear.go:53.5,54.15 2 1
github.com/cristianoliveira/tmux-intray/cmd/tmux-intray/clear.go:58.4,58.26 1 1
github.com/cristianoliveira/tmux-intray/cmd/tmux-intray/clear.go:58.26,61.5 2 1
github.com/cristianoliveira/tmux-intray/cmd/tmux-intray/clear.go:63.4,64.18 2 1
github.com/cristianoliveira/tmux-intray/cmd/tmux-intray/clear.go:64.18,66.5 1 0
github.com/cristianoliveira/tmux-intray/cmd/tmux-intray/clear.go:67.4,68.14 2 1
github.com/cristianoliveira/tmux-intray/cmd/tmux-intray/clear.go:72.2,72.17 1 1
github.com/cristianoliveira/tmux-intray/cmd/tmux-intray/clear.go:78.13,80.2 1 1
github.com/cristianoliveira/tmux-intray/cmd/tmux-intray/clear.go:82.33,84.2 1 0
github.com/cristianoliveira/tmux-intray/cmd/tmux-intray/clear.go:86.23,88.2 1 1
github.com/cristianoliveira/tmux-intray/cmd/tmux-intray/clear.go:91.29,95.16 4 1
github.com/cristianoliveira/tmux-intray/cmd/tmux-intray/clear.go:95.16,98.3 1 1
github.com/cristianoliveira/tmux-intray/cmd/tmux-intray/clear.go:99.2,100.41 2 1
github.com/cristianoliveira/tmux-intray/cmd/tmux-intray/dismiss.go:24.57,25.19 1 1
github.com/cristianoliveira/tmux-intray/cmd/tmux-intray/dismiss.go:25.19,26.58 1 1
github.com/cristianoliveira/tmux-intray/cmd/tmux-intray/dismiss.go:29.2,43.55 2 1
github.com/cristianoliveira/tmux-intray/cmd/tmux-intray/dismiss.go:43.55,45.35 1 1
github.com/cristianoliveira/tmux-intray/cmd/tmux-intray/dismiss.go:45.35,47.5 1 1
github.com/cristianoliveira/tmux-intray/cmd/tmux-intray/dismiss.go:48.4,48.37 1 1
github.com/cristianoliveira/tmux-intray/cmd/tmux-intray/dismiss.go:48.37,50.5 1 1
github.com/cristianoliveira/tmux-intray/cmd/tmux-intray/dismiss.go:51.4,51.21 1 1
github.com/cristianoliveira/tmux-intray/cmd/tmux-intray/dismiss.go:51.21,53.5 1 1
github.com/cristianoliveira/tmux-intray/cmd/tmux-intray/dismiss.go:55.4,55.18 1 1
github.com/cristianoliveira/tmux-intray/cmd/tmux-intray/dismiss.go:55.18,57.64 1 1
github.com/cristianoliveira/tmux-intray/cmd/tmux-intray/dismiss.go:57.64,59.6 1 1
github.com/cristianoliveira/tmux-intray/cmd/tmux-intray/dismiss.go:60.5,60.64 1 1
github.com/cristianoliveira/tmux-intray/cmd/tmux-intray/dismiss.go:60.64,62.34 1 1
github.com/cristianoliveira/tmux-intray/cmd/tmux-intray/dismiss.go:62.34,65.7 2 1
github.com/cristianoliveira/tmux-intray/cmd/tmux-intray/dismiss.go:67.5,68.19 2 1
github.com/cristianoliveira/tmux-intray/cmd/tmux-intray/dismiss.go:68.19,70.6 1 1
github.com/cristianoliveira/tmux-intray/cmd/tmux-intray/dismiss.go:71.5,71.57 1 1
github.com/cristianoliveira/tmux-intray/cmd/tmux-intray/dismiss.go:72.10,75.19 3 1
github.com/cristianoliveira/tmux-intray/cmd/tmux-intray/dismiss.go:75.19,77.6 1 1
github.com/cristianoliveira/tmux-intray/cmd/tmux-intray/dismiss.go:78.5,78.56 1 1
github.com/cristianoliveira/tmux-intray/cmd/tmux-intray/dismiss.go:80.4,80.14 1 1
github.com/cristianoliveira/tmux-intray/cmd/tmux-intray/dismiss.go:84.2,85.19 2 1
github.com/cristianoliveira/tmux-intray/cmd/tmux-intray/dismiss.go:91.41,93.2 1 0
github.com/cristianoliveira/tmux-intray/cmd/tmux-intray/dismiss.go:95.35,97.2 1 0
github.com/cristianoliveira/tmux-intray/cmd/tmux-intray/dismiss.go:99.41,101.2 1 1
github.com/cristianoliveira/tmux-intray/cmd/tmux-intray/dismiss.go:103.31,105.2 1 1
github.com/cristianoliveira/tmux-intray/cmd/tmux-intray/dismiss.go:107.25,109.2 1 1
github.com/cristianoliveira/tmux-intray/cmd/tmux-intray/dismiss.go:111.13,113.2 1 1
github.com/cristianoliveira/tmux-intray/cmd/tmux-intray/dismiss.go:116.31,120.16 4 1
github.com/cristianoliveira/tmux-intray/cmd/tmux-intray/dismiss.go:120.16,123.3 1 1
github.com/cristianoliveira/tmux-intray/cmd/tmux-intray/dismiss.go:124.2,125.41 2 1
github.com/cristianoliveira/tmux-intray/cmd/tmux-intray/env_helpers.go:10.31,11.42 1 1
github.com/cristianoliveira/tmux-intray/cmd/tmux-intray/env_helpers.go:11.42,13.3 1 1
github.com/cristianoliveira/tmux-intray/cmd/tmux-intray/env_helpers.go:16.2,16.27 1 1
github.com/cristianoliveira/tmux-intray/cmd/tmux-intray/env_helpers.go:16.27,18.3 1 1
github.com/cristianoliveira/tmux-intray/cmd/tmux-intray/env_helpers.go:21.2,21.36 1 1
github.com/cristianoliveira/tmux-intray/cmd/tmux-intray/env_helpers.go:21.36,23.3 1 1
github.com/cristianoliveira/tmux-intray/cmd/tmux-intray/env_helpers.go:26.2,26.59 1 1
github.com/cristianoliveira/tmux-intray/cmd/tmux-intray/env_helpers.go:26.59,28.3 1 1
github.com/cristianoliveira/tmux-intray/cmd/tmux-intray/env_helpers.go:30.2,30.14 1 1
github.com/cristianoliveira/tmux-intray/cmd/tmux-intray/env_helpers.go:33.31,34.60 1 1
github.com/cristianoliveira/tmux-intray/cmd/tmux-intray/env_helpers.go:35.32,36.14 1 1
github.com/cristianoliveira/tmux-intray/cmd/tmux-intray/env_helpers.go:37.10,38.15 1 1
github.com/cristianoliveira/tmux-intray/cmd/tmux-intray/follow.go:63.106,66.2 2 0
github.com/cristianoliveira/tmux-intray/cmd/tmux-intray/follow.go:69.40,72.60 1 1
github.com/cristianoliveira/tmux-intray/cmd/tmux-intray/follow.go:72.60,74.3 1 1
github.com/cristianoliveira/tmux-intray/cmd/tmux-intray/follow.go:75.2,75.11 1 0
github.com/cristianoliveira/tmux-intray/cmd/tmux-intray/follow.go:79.41,80.15 1 1
github.com/cristianoliveira/tmux-intray/cmd/tmux-intray/follow.go:81.15,82.20 1 1
github.com/cristianoliveira/tmux-intray/cmd/tmux-intray/follow.go:83.17,84.23 1 1
github.com/cristianoliveira/tmux-intray/cmd/tmux-intray/follow.go:85.10,86.12 1 1
github.com/cristianoliveira/tmux-intray/cmd/tmux-intray/follow.go:91.66,96.17 5 1
github.com/cristianoliveira/tmux-intray/cmd/tmux-intray/follow.go:96.17,98.3 1 1
github.com/cristianoliveira/tmux-intray/cmd/tmux-intray/follow.go:98.8,100.3 1 1
github.com/cristianoliveira/tmux-intray/cmd/tmux-intray/follow.go:101.2,101.18 1 1
github.com/cristianoliveira/tmux-intray/cmd/tmux-intray/follow.go:101.18,103.3 1 1
github.com/cristianoliveira/tmux-intray/cmd/tmux-intray/follow.go:108.60,109.24 1 1
github.com/cristianoliveira/tmux-intray/cmd/tmux-intray/follow.go:109.24,111.3 1 1
github.com/cristianoliveira/tmux-intray/cmd/tmux-intray/follow.go:112.2,112.24 1 1
github.com/cristianoliveira/tmux-intray/cmd/tmux-intray/follow.go:112.24,114.3 1 1
github.com/cristianoliveira/tmux-intray/cmd/tmux-intray/follow.go:117.2,132.26 10 1
github.com/cristianoliveira/tmux-intray/cmd/tmux-intray/follow.go:132.26,134.3 1 1
github.com/cristianoliveira/tmux-intray/cmd/tmux-intray/follow.go:134.8,138.3 3 0
github.com/cristianoliveira/tmux-intray/cmd/tmux-intray/follow.go:140.2,140.6 1 1
github.com/cristianoliveira/tmux-intray/cmd/tmux-intray/follow.go:140.6,141.10 1 1
github.com/cristianoliveira/tmux-intray/cmd/tmux-intray/follow.go:142.21,143.14 1 1
github.com/cristianoliveira/tmux-intray/cmd/tmux-intray/follow.go:144.25,146.14 2 0
github.com/cristianoliveira/tmux-intray/cmd/tmux-intray/follow.go:147.19,150.19 2 1
github.com/cristianoliveira/tmux-intray/cmd/tmux-intray/follow.go:150.19,151.13 1 1
github.com/cristianoliveira/tmux-intray/cmd/tmux-intray/follow.go:154.4,155.52 2 1
github.com/cristianoliveira/tmux-intray/cmd/tmux-intray/follow.go:155.52,156.19 1 1
github.com/cristianoliveira/tmux-intray/cmd/tmux-intray/follow.go:156.19,157.14 1 0
github.com/cristianoliveira/tmux-intray/cmd/tmux-intray/follow.go:159.5,160.19 2 1
github.com/cristianoliveira/tmux-intray/cmd/tmux-intray/follow.go:160.19,161.14 1 0
github.com/cristianoliveira/tmux-intray/cmd/tmux-intray/follow.go:163.5,163.49 1 1
github.com/cristianoliveira/tmux-intray/cmd/tmux-intray/follow.go:166.4,166.40 1 1
github.com/cristianoliveira/tmux-intray/cmd/tmux-intray/follow.go:166.40,167.24 1 1
github.com/cristianoliveira/tmux-intray/cmd/tmux-intray/follow.go:167.24,170.6 2 1
github.com/cristianoliveira/tmux-intray/cmd/tmux-intray/follow.go:176.13,184.2 6 1
github.com/cristianoliveira/tmux-intray/cmd/tmux-intray/follow.go:186.51,189.15 2 0
github.com/cristianoliveira/tmux-intray/cmd/tmux-intray/follow.go:189.15,191.3 1 0
github.com/cristianoliveira/tmux-intray/cmd/tmux-intray/follow.go:191.8,191.28 1 0
github.com/cristianoliveira/tmux-intray/cmd/tmux-intray/follow.go:191.28,193.3 1 0
github.com/cristianoliveira/tmux-intray/cmd/tmux-intray/follow.go:195.2,202.42 3 0
github.com/cristianoliveira/tmux-intray/cmd/tmux-intray/follow.go:202.42,205.3 1 0
github.com/cristianoliveira/tmux-intray/cmd/tmux-intray/help.go:22.36,23.25 1 1
github.com/cristianoliveira/tmux-intray/cmd/tmux-intray/help.go:23.25,25.3 1 0
github.com/cristianoliveira/tmux-intray/cmd/tmux-intray/help.go:26.2,26.30 1 1
github.com/cristianoliveira/tmux-intray/cmd/tmux-intray/help.go:29.49,52.36 3 1
github.com/cristianoliveira/tmux-intray/cmd/tmux-intray/help.go:52.36,55.36 2 1
github.com/cristianoliveira/tmux-intray/cmd/tmux-intray/help.go:55.36,56.24 1 1
github.com/cristianoliveira/tmux-intray/cmd/tmux-intray/help.go:56.24,58.10 2 1
github.com/cristianoliveira/tmux-intray/cmd/tmux-intray/help.go:61.3,61.19 1 1
github.com/cristianoliveira/tmux-intray/cmd/tmux-intray/help.go:61.19,62.12 1 0
github.com/cristianoliveira/tmux-intray/cmd/tmux-intray/help.go:65.3,68.134 3 1
github.com/cristianoliveira/tmux-intray/cmd/tmux-intray/help.go:72.2,77.19 4 1
github.com/cristianoliveira/tmux-intray/cmd/tmux-intray/help.go:77.19,79.3 1 0
github.com/cristianoliveira/tmux-intray/cmd/tmux-intray/help.go:81.2,94.25 2 1
github.com/cristianoliveira/tmux-intray/cmd/tmux-intray/help.go:101.47,102.21 1 0
github.com/cristianoliveira/tmux-intray/cmd/tmux-intray/help.go:102.21,105.4 2 0
github.com/cristianoliveira/tmux-intray/cmd/tmux-intray/help.go:107.3,108.37 2 0
github.com/cristianoliveira/tmux-intray/cmd/tmux-intray/help.go:108.37,112.4 2 0
github.com/cristianoliveira/tmux-intray/cmd/tmux-intray/help.go:114.3,114.19 1 0
github.com/cristianoliveira/tmux-intray/cmd/tmux-intray/help.go:118.13,120.2 1 1
github.com/cristianoliveira/tmux-intray/cmd/tmux-intray/jump.go:23.46,25.2 1 0
github.com/cristianoliveira/tmux-intray/cmd/tmux-intray/jump.go:27.48,29.2 1 0
github.com/cristianoliveira/tmux-intray/cmd/tmux-intray/jump.go:31.45,33.2 1 0
github.com/cristianoliveira/tmux-intray/cmd/tmux-intray/jump.go:35.48,37.2 1 0
github.com/cristianoliveira/tmux-intray/cmd/tmux-intray/jump.go:72.41,74.2 1 0
github.com/cristianoliveira/tmux-intray/cmd/tmux-intray/jump.go:78.63,81.2 1 1
github.com/cristianoliveira/tmux-intray/cmd/tmux-intray/jump.go:84.70,86.2 1 0
github.com/cristianoliveira/tmux-intray/cmd/tmux-intray/jump.go:89.62,91.2 1 0
github.com/cristianoliveira/tmux-intray/cmd/tmux-intray/jump.go:94.63,96.2 1 0
github.com/cristianoliveira/tmux-intray/cmd/tmux-intray/jump.go:111.43,113.2 1 1
github.com/cristianoliveira/tmux-intray/cmd/tmux-intray/jump.go:116.70,117.30 1 1
github.com/cristianoliveira/tmux-intray/cmd/tmux-intray/jump.go:117.30,119.3 1 1
github.com/cristianoliveira/tmux-intray/cmd/tmux-intray/jump.go:121.2,122.16 2 1
github.com/cristianoliveira/tmux-intray/cmd/tmux-intray/jump.go:122.16,124.3 1 1
github.com/cristianoliveira/tmux-intray/cmd/tmux-intray/jump.go:126.2,128.38 2 1
github.com/cristianoliveira/tmux-intray/cmd/tmux-intray/jump.go:128.38,130.3 1 1
github.com/cristianoliveira/tmux-intray/cmd/tmux-intray/jump.go:131.2,137.49 6 1
github.com/cristianoliveira/tmux-intray/cmd/tmux-intray/jump.go:137.49,140.20 2 1
github.com/cristianoliveira/tmux-intray/cmd/tmux-intray/jump.go:140.20,142.4 1 1
github.com/cristianoliveira/tmux-intray/cmd/tmux-intray/jump.go:143.3,143.19 1 1
github.com/cristianoliveira/tmux-intray/cmd/tmux-intray/jump.go:143.19,145.4 1 1
github.com/cristianoliveira/tmux-intray/cmd/tmux-intray/jump.go:146.3,146.17 1 1
github.com/cristianoliveira/tmux-intray/cmd/tmux-intray/jump.go:146.17,148.4 1 1
github.com/cristianoliveira/tmux-intray/cmd/tmux-intray/jump.go:150.3,155.42 1 1
github.com/cristianoliveira/tmux-intray/cmd/tmux-intray/jump.go:159.2,163.44 2 1
github.com/cristianoliveira/tmux-intray/cmd/tmux-intray/jump.go:163.44,165.3 1 1
github.com/cristianoliveira/tmux-intray/cmd/tmux-intray/jump.go:167.2,167.14 1 1
github.com/cristianoliveira/tmux-intray/cmd/tmux-intray/jump.go:167.14,168.63 1 1
github.com/cristianoliveira/tmux-intray/cmd/tmux-intray/jump.go:168.63,170.4 1 0
github.com/cristianoliveira/tmux-intray/cmd/tmux-intray/jump.go:173.2,181.8 1 1
github.com/cristianoliveira/tmux-intray/cmd/tmux-intray/jump.go:184.13,197.2 2 1
github.com/cristianoliveira/tmux-intray/cmd/tmux-intray/jump.go:199.49,202.20 2 0
github.com/cristianoliveira/tmux-intray/cmd/tmux-intray/jump.go:202.20,206.3 3 0
github.com/cristianoliveira/tmux-intray/cmd/tmux-intray/jump.go:207.2,210.31 2 0
github.com/cristianoliveira/tmux-intray/cmd/tmux-intray/jump.go:210.31,213.3 2 0
github.com/cristianoliveira/tmux-intray/cmd/tmux-intray/jump.go:216.2,217.16 2 0
github.com/cristianoliveira/tmux-intray/cmd/tmux-intray/jump.go:217.16,220.3 2 0
github.com/cristianoliveira/tmux-intray/cmd/tmux-intray/jump.go:223.2,223.33 1 0
github.com/cristianoliveira/tmux-intray/cmd/tmux-intray/jump.go:223.33,225.3 1 0
github.com/cristianoliveira/tmux-intray/cmd/tmux-intray/jump.go:228.2,228.23 1 0
github.com/cristianoliveira/tmux-intray/cmd/tmux-intray/jump.go:228.23,231.3 1 0
github.com/cristianoliveira/tmux-intray/cmd/tmux-intray/jump.go:231.8,234.3 1 0
github.com/cristianoliveira/tmux-intray/cmd/tmux-intray/list.go:28.51,29.19 1 1
github.com/cristianoliveira/tmux-intray/cmd/tmux-intray/list.go:29.19,30.55 1 1
github.com/cristianoliveira/tmux-intray/cmd/tmux-intray/list.go:33.2,75.55 13 1
github.com/cristianoliveira/tmux-intray/cmd/tmux-intray/list.go:75.55,78.37 2 1
github.com/cristianoliveira/tmux-intray/cmd/tmux-intray/list.go:78.37,80.5 1 1
github.com/cristianoliveira/tmux-intray/cmd/tmux-intray/list.go:81.4,81.31 1 1
github.com/cristianoliveira/tmux-intray/cmd/tmux-intray/list.go:81.31,83.5 1 1
github.com/cristianoliveira/tmux-intray/cmd/tmux-intray/list.go:86.4,87.25 2 1
github.com/cristianoliveira/tmux-intray/cmd/tmux-intray/list.go:87.25,90.5 2 1
github.com/cristianoliveira/tmux-intray/cmd/tmux-intray/list.go:91.4,91.25 1 1
github.com/cristianoliveira/tmux-intray/cmd/tmux-intray/list.go:91.25,94.5 2 1
github.com/cristianoliveira/tmux-intray/cmd/tmux-intray/list.go:97.4,97.131 1 1
github.com/cristianoliveira/tmux-intray/cmd/tmux-intray/list.go:97.131,99.5 1 1
github.com/cristianoliveira/tmux-intray/cmd/tmux-intray/list.go:102.4,102.74 1 1
github.com/cristianoliveira/tmux-intray/cmd/tmux-intray/list.go:102.74,104.5 1 1
github.com/cristianoliveira/tmux-intray/cmd/tmux-intray/list.go:106.4,123.14 3 1
github.com/cristianoliveira/tmux-intray/cmd/tmux-intray/list.go:128.2,144.16 16 1
github.com/cristianoliveira/tmux-intray/cmd/tmux-intray/list.go:154.110,157.2 2 0
github.com/cristianoliveira/tmux-intray/cmd/tmux-intray/list.go:179.36,180.29 1 1
github.com/cristianoliveira/tmux-intray/cmd/tmux-intray/list.go:180.29,182.3 1 1
github.com/cristianoliveira/tmux-intray/cmd/tmux-intray/list.go:183.2,183.35 1 1
github.com/cristianoliveira/tmux-intray/cmd/tmux-intray/list.go:186.49,189.24 2 1
github.com/cristianoliveira/tmux-intray/cmd/tmux-intray/list.go:189.24,192.17 3 1
github.com/cristianoliveira/tmux-intray/cmd/tmux-intray/list.go:192.17,195.4 2 1
github.com/cristianoliveira/tmux-intray/cmd/tmux-intray/list.go:196.8,198.3 1 1
github.com/cristianoliveira/tmux-intray/cmd/tmux-intray/list.go:199.2,199.17 1 1
github.com/cristianoliveira/tmux-intray/cmd/tmux-intray/list.go:199.17,202.3 2 1
github.com/cristianoliveira/tmux-intray/cmd/tmux-intray/list.go:205.2,206.32 2 1
github.com/cristianoliveira/tmux-intray/cmd/tmux-intray/list.go:206.32,209.3 1 1
github.com/cristianoliveira/tmux-intray/cmd/tmux-intray/list.go:209.8,209.30 1 1
github.com/cristianoliveira/tmux-intray/cmd/tmux-intray/list.go:209.30,213.17 3 1
github.com/cristianoliveira/tmux-intray/cmd/tmux-intray/list.go:213.17,215.4 1 0
github.com/cristianoliveira/tmux-intray/cmd/tmux-intray/list.go:216.3,217.17 2 1
github.com/cristianoliveira/tmux-intray/cmd/tmux-intray/list.go:217.17,219.4 1 0
github.com/cristianoliveira/tmux-intray/cmd/tmux-intray/list.go:220.3,221.17 2 1
github.com/cristianoliveira/tmux-intray/cmd/tmux-intray/list.go:221.17,223.4 1 0
github.com/cristianoliveira/tmux-intray/cmd/tmux-intray/list.go:226.3,226.17 1 1
github.com/cristianoliveira/tmux-intray/cmd/tmux-intray/list.go:226.17,233.4 1 1
github.com/cristianoliveira/tmux-intray/cmd/tmux-intray/list.go:233.9,240.4 1 1
github.com/cristianoliveira/tmux-intray/cmd/tmux-intray/list.go:244.2,245.50 2 1
github.com/cristianoliveira/tmux-intray/cmd/tmux-intray/list.go:245.50,246.17 1 1
github.com/cristianoliveira/tmux-intray/cmd/tmux-intray/list.go:246.17,247.12 1 1
github.com/cristianoliveira/tmux-intray/cmd/tmux-intray/list.go:249.3,250.17 2 1
github.com/cristianoliveira/tmux-intray/cmd/tmux-intray/list.go:250.17,251.12 1 0
github.com/cristianoliveira/tmux-intray/cmd/tmux-intray/list.go:254.3,254.28 1 1
github.com/cristianoliveira/tmux-intray/cmd/tmux-intray/list.go:254.28,255.49 1 1
github.com/cristianoliveira/tmux-intray/cmd/tmux-intray/list.go:255.49,256.13 1 1
github.com/cristianoliveira/tmux-intray/cmd/tmux-intray/list.go:259.3,259.47 1 1
github.com/cristianoliveira/tmux-intray/cmd/tmux-intray/list.go:262.2,262.29 1 1
github.com/cristianoliveira/tmux-intray/cmd/tmux-intray/list.go:262.29,265.3 2 0
github.com/cristianoliveira/tmux-intray/cmd/tmux-intray/list.go:267.2,270.24 2 1
github.com/cristianoliveira/tmux-intray/cmd/tmux-intray/list.go:270.24,272.22 2 1
github.com/cristianoliveira/tmux-intray/cmd/tmux-intray/list.go:272.22,274.4 1 1
github.com/cristianoliveira/tmux-intray/cmd/tmux-intray/list.go:274.9,276.4 1 1
github.com/cristianoliveira/tmux-intray/cmd/tmux-intray/list.go:277.3,277.9 1 1
github.com/cristianoliveira/tmux-intray/cmd/tmux-intray/list.go:281.2,281.21 1 1
github.com/cristianoliveira/tmux-intray/cmd/tmux-intray/list.go:282.16,283.32 1 1
github.com/cristianoliveira/tmux-intray/cmd/tmux-intray/list.go:284.16,285.32 1 1
github.com/cristianoliveira/tmux-intray/cmd/tmux-intray/list.go:286.15,287.31 1 1
github.com/cristianoliveira/tmux-intray/cmd/tmux-intray/list.go:288.17,289.33 1 1
github.com/cristianoliveira/tmux-intray/cmd/tmux-intray/list.go:290.14,291.53 1 1
github.com/cristianoliveira/tmux-intray/cmd/tmux-intray/list.go:292.10,293.60 1 1
github.com/cristianoliveira/tmux-intray/cmd/tmux-intray/list.go:299.87,300.22 1 1
github.com/cristianoliveira/tmux-intray/cmd/tmux-intray/list.go:300.22,302.3 1 1
github.com/cristianoliveira/tmux-intray/cmd/tmux-intray/list.go:304.2,307.48 3 1
github.com/cristianoliveira/tmux-intray/cmd/tmux-intray/list.go:307.48,310.25 3 1
github.com/cristianoliveira/tmux-intray/cmd/tmux-intray/list.go:310.25,312.4 1 1
github.com/cristianoliveira/tmux-intray/cmd/tmux-intray/list.go:313.3,313.29 1 1
github.com/cristianoliveira/tmux-intray/cmd/tmux-intray/list.go:316.2,316.16 1 1
github.com/cristianoliveira/tmux-intray/cmd/tmux-intray/list.go:320.114,322.27 2 1
github.com/cristianoliveira/tmux-intray/cmd/tmux-intray/list.go:322.27,324.16 2 1
github.com/cristianoliveira/tmux-intray/cmd/tmux-intray/list.go:325.18,326.19 1 1
github.com/cristianoliveira/tmux-intray/cmd/tmux-intray/list.go:327.17,328.18 1 1
github.com/cristianoliveira/tmux-intray/cmd/tmux-intray/list.go:329.15,330.16 1 1
github.com/cristianoliveira/tmux-intray/cmd/tmux-intray/list.go:331.16,332.17 1 1
github.com/cristianoliveira/tmux-intray/cmd/tmux-intray/list.go:333.11,334.12 1 1
github.com/cristianoliveira/tmux-intray/cmd/tmux-intray/list.go:336.3,336.39 1 1
github.com/cristianoliveira/tmux-intray/cmd/tmux-intray/list.go:338.2,338.15 1 1
github.com/cristianoliveira/tmux-intray/cmd/tmux-intray/list.go:342.98,345.24 2 1
github.com/cristianoliveira/tmux-intray/cmd/tmux-intray/list.go:345.24,347.3 1 1
github.com/cristianoliveira/tmux-intray/cmd/tmux-intray/list.go:348.2,349.25 2 1
github.com/cristianoliveira/tmux-intray/cmd/tmux-intray/list.go:349.25,351.3 1 1
github.com/cristianoliveira/tmux-intray/cmd/tmux-intray/list.go:355.94,358.24 2 1
github.com/cristianoliveira/tmux-intray/cmd/tmux-intray/list.go:358.24,360.3 1 1
github.com/cristianoliveira/tmux-intray/cmd/tmux-intray/list.go:361.2,362.25 2 1
github.com/cristianoliveira/tmux-intray/cmd/tmux-intray/list.go:362.25,364.17 2 1
github.com/cristianoliveira/tmux-intray/cmd/tmux-intray/list.go:365.17,366.29 1 1
github.com/cristianoliveira/tmux-intray/cmd/tmux-intray/list.go:367.17,368.29 1 1
github.com/cristianoliveira/tmux-intray/cmd/tmux-intray/list.go:369.16,370.28 1 0
github.com/cristianoliveira/tmux-intray/cmd/tmux-intray/list.go:371.18,372.30 1 0
github.com/cristianoliveira/tmux-intray/cmd/tmux-intray/list.go:373.11,374.29 1 0
github.com/cristianoliveira/tmux-intray/cmd/tmux-intray/list.go:380.67,381.27 1 1
github.com/cristianoliveira/tmux-intray/cmd/tmux-intray/list.go:381.27,383.3 1 1
github.com/cristianoliveira/tmux-intray/cmd/tmux-intray/list.go:388.67,389.27 1 1
github.com/cristianoliveira/tmux-intray/cmd/tmux-intray/list.go:389.27,392.27 2 1
github.com/cristianoliveira/tmux-intray/cmd/tmux-intray/list.go:392.27,394.4 1 0
github.com/cristianoliveira/tmux-intray/cmd/tmux-intray/list.go:395.3,395.71 1 1
github.com/cristianoliveira/tmux-intray/cmd/tmux-intray/list.go:402.66,403.22 1 1
github.com/cristianoliveira/tmux-intray/cmd/tmux-intray/list.go:403.22,405.3 1 1
github.com/cristianoliveira/tmux-intray/cmd/tmux-intray/list.go:406.2,410.27 5 1
github.com/cristianoliveira/tmux-intray/cmd/tmux-intray/list.go:410.27,413.27 2 1
github.com/cristianoliveira/tmux-intray/cmd/tmux-intray/list.go:413.27,415.4 1 0
github.com/cristianoliveira/tmux-intray/cmd/tmux-intray/list.go:416.3,416.71 1 1
github.com/cristianoliveira/tmux-intray/cmd/tmux-intray/list.go:421.68,422.27 1 1
github.com/cristianoliveira/tmux-intray/cmd/tmux-intray/list.go:422.27,425.27 2 1
github.com/cristianoliveira/tmux-intray/cmd/tmux-intray/list.go:425.27,427.4 1 0
github.com/cristianoliveira/tmux-intray/cmd/tmux-intray/list.go:428.3,428.30 1 1
github.com/cristianoliveira/tmux-intray/cmd/tmux-intray/list.go:432.13,434.2 1 1
github.com/cristianoliveira/tmux-intray/cmd/tmux-intray/main.go:9.13,10.38 1 0
github.com/cristianoliveira/tmux-intray/cmd/tmux-intray/main.go:10.38,12.3 1 0
github.com/cristianoliveira/tmux-intray/cmd/tmux-intray/mark-read.go:20.59,21.19 1 1
github.com/cristianoliveira/tmux-intray/cmd/tmux-intray/mark-read.go:21.19,22.59 1 1
github.com/cristianoliveira/tmux-intray/cmd/tmux-intray/mark-read.go:25.2,36.55 1 1
github.com/cristianoliveira/tmux-intray/cmd/tmux-intray/mark-read.go:36.55,39.18 3 1
github.com/cristianoliveira/tmux-intray/cmd/tmux-intray/mark-read.go:39.18,41.5 1 1
github.com/cristianoliveira/tmux-intray/cmd/tmux-intray/mark-read.go:42.4,43.14 2 1
github.com/cristianoliveira/tmux-intray/cmd/tmux-intray/mark-read.go:47.2,47.20 1 1
github.com/cristianoliveira/tmux-intray/cmd/tmux-intray/mark-read.go:53.13,55.2 1 1
github.com/cristianoliveira/tmux-intray/cmd/tmux-intray/migrate.go:33.54,35.21 2 1
github.com/cristianoliveira/tmux-intray/cmd/tmux-intray/migrate.go:35.21,37.4 1 0
github.com/cristianoliveira/tmux-intray/cmd/tmux-intray/migrate.go:39.3,40.20 2 1
github.com/cristianoliveira/tmux-intray/cmd/tmux-intray/migrate.go:40.20,42.4 1 1
github.com/cristianoliveira/tmux-intray/cmd/tmux-intray/migrate.go:44.3,45.23 2 1
github.com/cristianoliveira/tmux-intray/cmd/tmux-intray/migrate.go:45.23,47.4 1 1
github.com/cristianoliveira/tmux-intray/cmd/tmux-intray/migrate.go:49.3,50.23 2 1
github.com/cristianoliveira/tmux-intray/cmd/tmux-intray/migrate.go:50.23,52.4 1 1
github.com/cristianoliveira/tmux-intray/cmd/tmux-intray/migrate.go:54.3,54.26 1 1
github.com/cristianoliveira/tmux-intray/cmd/tmux-intray/migrate.go:54.26,55.25 1 1
github.com/cristianoliveira/tmux-intray/cmd/tmux-intray/migrate.go:55.25,57.5 1 1
github.com/cristianoliveira/tmux-intray/cmd/tmux-intray/migrate.go:58.4,58.87 1 0
github.com/cristianoliveira/tmux-intray/cmd/tmux-intray/migrate.go:58.87,60.5 1 0
github.com/cristianoliveira/tmux-intray/cmd/tmux-intray/migrate.go:61.4,62.14 2 0
github.com/cristianoliveira/tmux-intray/cmd/tmux-intray/migrate.go:65.3,71.17 2 1
github.com/cristianoliveira/tmux-intray/cmd/tmux-intray/migrate.go:71.17,73.4 1 0
github.com/cristianoliveira/tmux-intray/cmd/tmux-intray/migrate.go:75.3,77.26 3 1
github.com/cristianoliveira/tmux-intray/cmd/tmux-intray/migrate.go:77.26,79.4 1 0
github.com/cristianoliveira/tmux-intray/cmd/tmux-intray/migrate.go:80.3,80.42 1 1
github.com/cristianoliveira/tmux-intray/cmd/tmux-intray/migrate.go:80.42,82.4 1 0
github.com/cristianoliveira/tmux-intray/cmd/tmux-intray/migrate.go:84.3,84.13 1 1
github.com/cristianoliveira/tmux-intray/cmd/tmux-intray/migrate.go:88.13,96.2 6 1
github.com/cristianoliveira/tmux-intray/cmd/tmux-intray/settings.go:25.59,26.19 1 1
github.com/cristianoliveira/tmux-intray/cmd/tmux-intray/settings.go:26.19,27.59 1 1
github.com/cristianoliveira/tmux-intray/cmd/tmux-intray/settings.go:30.2,75.55 3 1
github.com/cristianoliveira/tmux-intray/cmd/tmux-intray/settings.go:75.55,77.78 1 1
github.com/cristianoliveira/tmux-intray/cmd/tmux-intray/settings.go:77.78,78.24 1 0
github.com/cristianoliveira/tmux-intray/cmd/tmux-intray/settings.go:78.24,81.6 2 0
github.com/cristianoliveira/tmux-intray/cmd/tmux-intray/settings.go:85.4,86.18 2 1
github.com/cristianoliveira/tmux-intray/cmd/tmux-intray/settings.go:86.18,88.5 1 1
github.com/cristianoliveira/tmux-intray/cmd/tmux-intray/settings.go:90.4,91.14 2 1
github.com/cristianoliveira/tmux-intray/cmd/tmux-intray/settings.go:96.2,107.55 1 1
github.com/cristianoliveira/tmux-intray/cmd/tmux-intray/settings.go:107.55,110.18 2 1
github.com/cristianoliveira/tmux-intray/cmd/tmux-intray/settings.go:110.18,112.5 1 1
github.com/cristianoliveira/tmux-intray/cmd/tmux-intray/settings.go:115.4,116.18 2 1
github.com/cristianoliveira/tmux-intray/cmd/tmux-intray/settings.go:116.18,118.5 1 0
github.com/cristianoliveira/tmux-intray/cmd/tmux-intray/settings.go:121.4,122.14 2 1
github.com/cristianoliveira/tmux-intray/cmd/tmux-intray/settings.go:127.2,133.20 4 1
github.com/cristianoliveira/tmux-intray/cmd/tmux-intray/settings.go:139.13,141.2 1 1
github.com/cristianoliveira/tmux-intray/cmd/tmux-intray/settings.go:144.26,148.16 4 0
github.com/cristianoliveira/tmux-intray/cmd/tmux-intray/settings.go:148.16,151.3 1 0
github.com/cristianoliveira/tmux-intray/cmd/tmux-intray/settings.go:152.2,153.41 2 0
github.com/cristianoliveira/tmux-intray/cmd/tmux-intray/status-panel.go:32.52,34.2 1 0
github.com/cristianoliveira/tmux-intray/cmd/tmux-intray/status-panel.go:37.48,39.2 1 0
github.com/cristianoliveira/tmux-intray/cmd/tmux-intray/status-panel.go:42.72,45.2 2 1
github.com/cristianoliveira/tmux-intray/cmd/tmux-intray/status-panel.go:48.77,50.2 1 0
github.com/cristianoliveira/tmux-intray/cmd/tmux-intray/status-panel.go:53.76,55.2 1 0
github.com/cristianoliveira/tmux-intray/cmd/tmux-intray/status-panel.go:58.73,60.17 2 1
github.com/cristianoliveira/tmux-intray/cmd/tmux-intray/status-panel.go:60.17,62.3 1 1
github.com/cristianoliveira/tmux-intray/cmd/tmux-intray/status-panel.go:63.2,63.50 1 1
github.com/cristianoliveira/tmux-intray/cmd/tmux-intray/status-panel.go:63.50,64.17 1 1
github.com/cristianoliveira/tmux-intray/cmd/tmux-intray/status-panel.go:64.17,65.12 1 0
github.com/cristianoliveira/tmux-intray/cmd/tmux-intray/status-panel.go:67.3,68.32 2 1
github.com/cristianoliveira/tmux-intray/cmd/tmux-intray/status-panel.go:68.32,69.12 1 0
github.com/cristianoliveira/tmux-intray/cmd/tmux-intray/status-panel.go:71.3,72.16 2 1
github.com/cristianoliveira/tmux-intray/cmd/tmux-intray/status-panel.go:73.15,74.10 1 1
github.com/cristianoliveira/tmux-intray/cmd/tmux-intray/status-panel.go:75.18,76.13 1 1
github.com/cristianoliveira/tmux-intray/cmd/tmux-intray/status-panel.go:77.16,78.11 1 1
github.com/cristianoliveira/tmux-intray/cmd/tmux-intray/status-panel.go:79.19,80.14 1 1
github.com/cristianoliveira/tmux-intray/cmd/tmux-intray/status-panel.go:81.11,83.10 1 0
github.com/cristianoliveira/tmux-intray/cmd/tmux-intray/status-panel.go:86.2,86.44 1 1
github.com/cristianoliveira/tmux-intray/cmd/tmux-intray/status-panel.go:90.43,94.29 4 1
github.com/cristianoliveira/tmux-intray/cmd/tmux-intray/status-panel.go:94.29,96.22 2 1
github.com/cristianoliveira/tmux-intray/cmd/tmux-intray/status-panel.go:96.22,100.4 3 1
github.com/cristianoliveira/tmux-intray/cmd/tmux-intray/status-panel.go:102.2,102.10 1 1
github.com/cristianoliveira/tmux-intray/cmd/tmux-intray/status-panel.go:106.41,109.9 3 1
github.com/cristianoliveira/tmux-intray/cmd/tmux-intray/status-panel.go:109.9,111.3 1 1
github.com/cristianoliveira/tmux-intray/cmd/tmux-intray/status-panel.go:112.2,112.14 1 1
github.com/cristianoliveira/tmux-intray/cmd/tmux-intray/status-panel.go:116.70,117.16 1 1
github.com/cristianoliveira/tmux-intray/cmd/tmux-intray/status-panel.go:117.16,119.3 1 0
github.com/cristianoliveira/tmux-intray/cmd/tmux-intray/status-panel.go:121.2,122.18 2 1
github.com/cristianoliveira/tmux-intray/cmd/tmux-intray/status-panel.go:122.18,124.3 1 0
github.com/cristianoliveira/tmux-intray/cmd/tmux-intray/status-panel.go:124.8,124.22 1 1
github.com/cristianoliveira/tmux-intray/cmd/tmux-intray/status-panel.go:124.22,126.3 1 0
github.com/cristianoliveira/tmux-intray/cmd/tmux-intray/status-panel.go:126.8,126.24 1 1
github.com/cristianoliveira/tmux-intray/cmd/tmux-intray/status-panel.go:126.24,128.3 1 1
github.com/cristianoliveira/tmux-intray/cmd/tmux-intray/status-panel.go:129.2,131.17 3 1
github.com/cristianoliveira/tmux-intray/cmd/tmux-intray/status-panel.go:131.17,133.3 1 1
github.com/cristianoliveira/tmux-intray/cmd/tmux-intray/status-panel.go:134.2,134.42 1 1
github.com/cristianoliveira/tmux-intray/cmd/tmux-intray/status-panel.go:138.71,139.16 1 1
github.com/cristianoliveira/tmux-intray/cmd/tmux-intray/status-panel.go:139.16,141.3 1 0
github.com/cristianoliveira/tmux-intray/cmd/tmux-intray/status-panel.go:142.2,143.14 2 1
github.com/cristianoliveira/tmux-intray/cmd/tmux-intray/status-panel.go:143.14,145.18 2 1
github.com/cristianoliveira/tmux-intray/cmd/tmux-intray/status-panel.go:145.18,147.4 1 1
github.com/cristianoliveira/tmux-intray/cmd/tmux-intray/status-panel.go:147.9,149.4 1 0
github.com/cristianoliveira/tmux-intray/cmd/tmux-intray/status-panel.go:151.2,151.17 1 1
github.com/cristianoliveira/tmux-intray/cmd/tmux-intray/status-panel.go:151.17,153.18 2 1
github.com/cristianoliveira/tmux-intray/cmd/tmux-intray/status-panel.go:153.18,155.4 1 1
github.com/cristianoliveira/tmux-intray/cmd/tmux-intray/status-panel.go:155.9,157.4 1 0
github.com/cristianoliveira/tmux-intray/cmd/tmux-intray/status-panel.go:159.2,159.15 1 1
github.com/cristianoliveira/tmux-intray/cmd/tmux-intray/status-panel.go:159.15,161.18 2 1
github.com/cristianoliveira/tmux-intray/cmd/tmux-intray/status-panel.go:161.18,163.4 1 1
github.com/cristianoliveira/tmux-intray/cmd/tmux-intray/status-panel.go:163.9,165.4 1 0
github.com/cristianoliveira/tmux-intray/cmd/tmux-intray/status-panel.go:167.2,167.18 1 1
github.com/cristianoliveira/tmux-intray/cmd/tmux-intray/status-panel.go:167.18,169.18 2 1
github.com/cristianoliveira/tmux-intray/cmd/tmux-intray/status-panel.go:169.18,171.4 1 1
github.com/cristianoliveira/tmux-intray/cmd/tmux-intray/status-panel.go:171.9,173.4 1 0
github.com/cristianoliveira/tmux-intray/cmd/tmux-intray/status-panel.go:176.2,177.53 2 1
github.com/cristianoliveira/tmux-intray/cmd/tmux-intray/status-panel.go:177.53,179.3 1 1
github.com/cristianoliveira/tmux-intray/cmd/tmux-intray/status-panel.go:180.2,180.15 1 1
github.com/cristianoliveira/tmux-intray/cmd/tmux-intray/status-panel.go:184.40,185.16 1 1
github.com/cristianoliveira/tmux-intray/cmd/tmux-intray/status-panel.go:185.16,187.3 1 0
github.com/cristianoliveira/tmux-intray/cmd/tmux-intray/status-panel.go:188.2,188.33 1 1
github.com/cristianoliveira/tmux-intray/cmd/tmux-intray/status-panel.go:193.51,195.19 1 1
github.com/cristianoliveira/tmux-intray/cmd/tmux-intray/status-panel.go:195.19,197.3 1 1
github.com/cristianoliveira/tmux-intray/cmd/tmux-intray/status-panel.go:200.2,200.41 1 1
github.com/cristianoliveira/tmux-intray/cmd/tmux-intray/status-panel.go:200.41,202.3 1 1
github.com/cristianoliveira/tmux-intray/cmd/tmux-intray/status-panel.go:205.2,206.16 2 1
github.com/cristianoliveira/tmux-intray/cmd/tmux-intray/status-panel.go:206.16,208.3 1 1
github.com/cristianoliveira/tmux-intray/cmd/tmux-intray/status-panel.go:211.2,212.16 2 1
github.com/cristianoliveira/tmux-intray/cmd/tmux-intray/status-panel.go:212.16,214.3 1 0
github.com/cristianoliveira/tmux-intray/cmd/tmux-intray/status-panel.go:217.2,218.18 2 1
github.com/cristianoliveira/tmux-intray/cmd/tmux-intray/status-panel.go:218.18,220.3 1 0
github.com/cristianoliveira/tmux-intray/cmd/tmux-intray/status-panel.go:223.2,223.16 1 1
github.com/cristianoliveira/tmux-intray/cmd/tmux-intray/status-panel.go:224.17,225.67 1 1
github.com/cristianoliveira/tmux-intray/cmd/tmux-intray/status-panel.go:226.18,227.68 1 1
github.com/cristianoliveira/tmux-intray/cmd/tmux-intray/status-panel.go:228.20,229.37 1 1
github.com/cristianoliveira/tmux-intray/cmd/tmux-intray/status-panel.go:230.10,231.54 1 1
github.com/cristianoliveira/tmux-intray/cmd/tmux-intray/status-panel.go:263.13,268.2 3 1
github.com/cristianoliveira/tmux-intray/cmd/tmux-intray/status-panel.go:270.56,273.18 2 0
github.com/cristianoliveira/tmux-intray/cmd/tmux-intray/status-panel.go:273.19,277.3 0 0
github.com/cristianoliveira/tmux-intray/cmd/tmux-intray/status-panel.go:280.2,281.30 2 0
github.com/cristianoliveira/tmux-intray/cmd/tmux-intray/status-panel.go:281.30,283.66 2 0
github.com/cristianoliveira/tmux-intray/cmd/tmux-intray/status-panel.go:283.66,285.4 1 0
github.com/cristianoliveira/tmux-intray/cmd/tmux-intray/status-panel.go:285.9,285.72 1 0
github.com/cristianoliveira/tmux-intray/cmd/tmux-intray/status-panel.go:285.72,287.4 1 0
github.com/cristianoliveira/tmux-intray/cmd/tmux-intray/status-panel.go:287.9,290.4 2 0
github.com/cristianoliveira/tmux-intray/cmd/tmux-intray/status-panel.go:293.2,298.16 3 0
github.com/cristianoliveira/tmux-intray/cmd/tmux-intray/status-panel.go:298.16,301.3 2 0
github.com/cristianoliveira/tmux-intray/cmd/tmux-intray/status-panel.go:302.2,302.18 1 0
github.com/cristianoliveira/tmux-intray/cmd/tmux-intray/status-panel.go:302.18,304.3 1 0
github.com/cristianoliveira/tmux-intray/cmd/tmux-intray/status.go:44.112,47.2 2 0
github.com/cristianoliveira/tmux-intray/cmd/tmux-intray/status.go:50.40,52.2 1 0
github.com/cristianoliveira/tmux-intray/cmd/tmux-intray/status.go:55.33,56.31 1 1
github.com/cristianoliveira/tmux-intray/cmd/tmux-intray/status.go:56.31,58.3 1 0
github.com/cristianoliveira/tmux-intray/cmd/tmux-intray/status.go:59.2,59.41 1 1
github.com/cristianoliveira/tmux-intray/cmd/tmux-intray/status.go:62.46,63.16 1 1
github.com/cristianoliveira/tmux-intray/cmd/tmux-intray/status.go:64.17,65.19 1 1
github.com/cristianoliveira/tmux-intray/cmd/tmux-intray/status.go:66.16,67.18 1 1
github.com/cristianoliveira/tmux-intray/cmd/tmux-intray/status.go:68.15,69.17 1 1
github.com/cristianoliveira/tmux-intray/cmd/tmux-intray/status.go:70.14,71.16 1 1
github.com/cristianoliveira/tmux-intray/cmd/tmux-intray/status.go:72.10,73.57 1 1
github.com/cristianoliveira/tmux-intray/cmd/tmux-intray/status.go:78.37,80.17 2 1
github.com/cristianoliveira/tmux-intray/cmd/tmux-intray/status.go:80.17,82.3 1 1
github.com/cristianoliveira/tmux-intray/cmd/tmux-intray/status.go:84.2,85.50 2 1
github.com/cristianoliveira/tmux-intray/cmd/tmux-intray/status.go:85.50,86.17 1 1
github.com/cristianoliveira/tmux-intray/cmd/tmux-intray/status.go:86.17,88.4 1 1
github.com/cristianoliveira/tmux-intray/cmd/tmux-intray/status.go:90.2,90.14 1 1
github.com/cristianoliveira/tmux-intray/cmd/tmux-intray/status.go:94.58,96.17 2 1
github.com/cristianoliveira/tmux-intray/cmd/tmux-intray/status.go:96.17,98.3 1 0
github.com/cristianoliveira/tmux-intray/cmd/tmux-intray/status.go:99.2,99.50 1 1
github.com/cristianoliveira/tmux-intray/cmd/tmux-intray/status.go:99.50,100.17 1 1
github.com/cristianoliveira/tmux-intray/cmd/tmux-intray/status.go:100.17,101.12 1 0
github.com/cristianoliveira/tmux-intray/cmd/tmux-intray/status.go:103.3,104.23 2 1
github.com/cristianoliveira/tmux-intray/cmd/tmux-intray/status.go:104.23,105.12 1 0
github.com/cristianoliveira/tmux-intray/cmd/tmux-intray/status.go:107.3,108.16 2 1
github.com/cristianoliveira/tmux-intray/cmd/tmux-intray/status.go:109.15,110.10 1 1
github.com/cristianoliveira/tmux-intray/cmd/tmux-intray/status.go:111.18,112.13 1 1
github.com/cristianoliveira/tmux-intray/cmd/tmux-intray/status.go:113.16,114.11 1 0
github.com/cristianoliveira/tmux-intray/cmd/tmux-intray/status.go:115.19,116.14 1 1
github.com/cristianoliveira/tmux-intray/cmd/tmux-intray/status.go:117.11,118.10 1 0
github.com/cristianoliveira/tmux-intray/cmd/tmux-intray/status.go:121.2,121.8 1 1
github.com/cristianoliveira/tmux-intray/cmd/tmux-intray/status.go:125.34,128.17 3 1
github.com/cristianoliveira/tmux-intray/cmd/tmux-intray/status.go:128.17,130.3 1 0
github.com/cristianoliveira/tmux-intray/cmd/tmux-intray/status.go:131.2,131.50 1 1
github.com/cristianoliveira/tmux-intray/cmd/tmux-intray/status.go:131.50,132.17 1 1
github.com/cristianoliveira/tmux-intray/cmd/tmux-intray/status.go:132.17,133.12 1 0
github.com/cristianoliveira/tmux-intray/cmd/tmux-intray/status.go:135.3,136.23 2 1
github.com/cristianoliveira/tmux-intray/cmd/tmux-intray/status.go:136.23,137.12 1 0
github.com/cristianoliveira/tmux-intray/cmd/tmux-intray/status.go:139.3,143.16 5 1
github.com/cristianoliveira/tmux-intray/cmd/tmux-intray/status.go:145.2,145.15 1 1
github.com/cristianoliveira/tmux-intray/cmd/tmux-intray/status.go:148.33,150.17 2 1
github.com/cristianoliveira/tmux-intray/cmd/tmux-intray/status.go:150.17,153.3 2 1
github.com/cristianoliveira/tmux-intray/cmd/tmux-intray/status.go:154.2,156.102 3 1
github.com/cristianoliveira/tmux-intray/cmd/tmux-intray/status.go:159.32,162.2 2 1
github.com/cristianoliveira/tmux-intray/cmd/tmux-intray/status.go:164.31,166.34 2 1
github.com/cristianoliveira/tmux-intray/cmd/tmux-intray/status.go:166.34,168.3 1 1
github.com/cristianoliveira/tmux-intray/cmd/tmux-intray/status.go:171.30,173.2 1 1
github.com/cristianoliveira/tmux-intray/cmd/tmux-intray/status.go:175.13,179.2 2 1
github.com/cristianoliveira/tmux-intray/cmd/tmux-intray/status.go:181.57,183.31 1 0
github.com/cristianoliveira/tmux-intray/cmd/tmux-intray/status.go:183.31,185.3 1 0
github.com/cristianoliveira/tmux-intray/cmd/tmux-intray/status.go:188.2,189.33 2 0
github.com/cristianoliveira/tmux-intray/cmd/tmux-intray/status.go:189.33,190.75 1 0
github.com/cristianoliveira/tmux-intray/cmd/tmux-intray/status.go:190.75,192.4 1 0
github.com/cristianoliveira/tmux-intray/cmd/tmux-intray/status.go:196.2,202.27 2 0
github.com/cristianoliveira/tmux-intray/cmd/tmux-intray/status.go:202.27,204.3 1 0
github.com/cristianoliveira/tmux-intray/cmd/tmux-intray/status.go:206.2,207.12 2 0
github.com/cristianoliveira/tmux-intray/cmd/tmux-intray/toggle.go:18.54,20.2 1 0
github.com/cristianoliveira/tmux-intray/cmd/tmux-intray/toggle.go:23.56,25.2 1 0
github.com/cristianoliveira/tmux-intray/cmd/tmux-intray/toggle.go:29.34,32.2 2 0
github.com/cristianoliveira/tmux-intray/cmd/tmux-intray/toggle.go:36.29,38.16 2 1
github.com/cristianoliveira/tmux-intray/cmd/tmux-intray/toggle.go:38.16,40.3 1 0
github.com/cristianoliveira/tmux-intray/cmd/tmux-intray/toggle.go:41.2,43.24 3 1
github.com/cristianoliveira/tmux-intray/cmd/tmux-intray/toggle.go:54.54,56.32 1 0
github.com/cristianoliveira/tmux-intray/cmd/tmux-intray/toggle.go:56.32,57.27 1 0
github.com/cristianoliveira/tmux-intray/cmd/tmux-intray/toggle.go:57.27,60.5 2 0
github.com/cristianoliveira/tmux-intray/cmd/tmux-intray/toggle.go:61.4,61.41 1 0
github.com/cristianoliveira/tmux-intray/cmd/tmux-intray/toggle.go:65.3,66.17 2 0
github.com/cristianoliveira/tmux-intray/cmd/tmux-intray/toggle.go:66.17,69.4 2 0
github.com/cristianoliveira/tmux-intray/cmd/tmux-intray/toggle.go:71.3,73.24 3 0
github.com/cristianoliveira/tmux-intray/cmd/tmux-intray/toggle.go:73.24,76.4 2 0
github.com/cristianoliveira/tmux-intray/cmd/tmux-intray/toggle.go:76.9,79.4 2 0
github.com/cristianoliveira/tmux-intray/cmd/tmux-intray/toggle.go:80.3,81.17 2 0
github.com/cristianoliveira/tmux-intray/cmd/tmux-intray/toggle.go:81.17,83.4 1 0
github.com/cristianoliveira/tmux-intray/cmd/tmux-intray/toggle.go:86.3,90.61 2 0
github.com/cristianoliveira/tmux-intray/cmd/tmux-intray/toggle.go:90.61,93.4 2 0
github.com/cristianoliveira/tmux-intray/cmd/tmux-intray/toggle.go:96.3,96.56 1 0
github.com/cristianoliveira/tmux-intray/cmd/tmux-intray/toggle.go:96.56,99.4 2 0
github.com/cristianoliveira/tmux-intray/cmd/tmux-intray/toggle.go:102.3,102.62 1 0
github.com/cristianoliveira/tmux-intray/cmd/tmux-intray/toggle.go:102.62,105.4 2 0
github.com/cristianoliveira/tmux-intray/cmd/tmux-intray/toggle.go:107.3,108.13 2 0
github.com/cristianoliveira/tmux-intray/cmd/tmux-intray/toggle.go:112.13,114.2 1 1
github.com/cristianoliveira/tmux-intray/cmd/tmux-intray/tui.go:43.13,45.2 1 1
github.com/cristianoliveira/tmux-intray/cmd/tmux-intray/tui.go:47.48,53.16 3 0
github.com/cristianoliveira/tmux-intray/cmd/tmux-intray/tui.go:53.16,56.3 2 0
github.com/cristianoliveira/tmux-intray/cmd/tmux-intray/tui.go:57.2,61.16 3 0
github.com/cristianoliveira/tmux-intray/cmd/tmux-intray/tui.go:61.16,64.3 2 0
github.com/cristianoliveira/tmux-intray/cmd/tmux-intray/tui.go:67.2,71.47 3 0
github.com/cristianoliveira/tmux-intray/cmd/tmux-intray/tui.go:71.47,74.3 1 0
github.com/cristianoliveira/tmux-intray/cmd/tmux-intray/tui.go:75.2,85.35 3 0
github.com/cristianoliveira/tmux-intray/cmd/tmux-intray/tui.go:85.35,88.3 2 0
github.com/cristianoliveira/tmux-intray/cmd/tmux-intray/version.go:18.21,20.2 1 1
github.com/cristianoliveira/tmux-intray/cmd/tmux-intray/version.go:27.47,29.3 1 0
github.com/cristianoliveira/tmux-intray/cmd/tmux-intray/version.go:32.13,34.2 1 1
